<?xml version="1.0" encoding="utf-8"?><DEFAULT><CURRENT><TYPE>S</TYPE><ID>35747888</ID><STATUS>L</STATUS><owner><affiliateno>6</affiliateno><affiliatename>WNOW</affiliatename><baseurl>wnow.ddev1.worldnow.com</baseurl><affiliatetype>4</affiliatetype><enablecommentsonshare>True</enablecommentsonshare></owner><SOURCE>N</SOURCE><REF><MACHINENAME>DDEV1DOTNET01</MACHINENAME><BUILDDATETIME><![CDATA[2018-09-17 12:05:19]]></BUILDDATETIME></REF><HEADLINE><![CDATA[test amp story nvarchar facebook embed]]></HEADLINE><ABSTRACT><![CDATA[test User: Build N Care To: link]]></ABSTRACT><TARGETADSTAG><![CDATA[News]]></TARGETADSTAG><CLS>3</CLS><ABRIDGED><HEADLINE><![CDATA[test amp story nvarchar facebook embed]]></HEADLINE><ISCLICKABLE>True</ISCLICKABLE><ABSTRACT><![CDATA[test User: Build N Care To: link]]></ABSTRACT></ABRIDGED><options><date><creation><showonstory>True</showonstory></creation><lastedited><showonstory>True</showonstory><showonabstract>True</showonabstract></lastedited><published><showonstory>True</showonstory><showonabstract>True</showonabstract><override><![CDATA[Sep 11, 2018 2:20 PM -04:00]]></override></published><updated><showonstory>True</showonstory><showonabstract>True</showonabstract></updated></date><socialtools><comments><display>True</display></comments></socialtools></options><creationdate><DAY><![CDATA[Tuesday]]></DAY><DATE>11</DATE><MONTH><![CDATA[September]]></MONTH><YEAR>2018</YEAR><TIME><![CDATA[2:20 PM]]></TIME><TIMEZONE><![CDATA[EDT]]></TIMEZONE><GMTTIME>2018-09-11 18:20:00</GMTTIME></creationdate><lastediteddate><DAY><![CDATA[Monday]]></DAY><DATE>17</DATE><MONTH><![CDATA[September]]></MONTH><YEAR>2018</YEAR><TIME><![CDATA[12:05 PM]]></TIME><TIMEZONE><![CDATA[EDT]]></TIMEZONE><GMTTIME>2018-09-17 16:05:19</GMTTIME></lastediteddate><publisheddate><DAY><![CDATA[Tuesday]]></DAY><DATE>11</DATE><MONTH><![CDATA[September]]></MONTH><YEAR>2018</YEAR><TIME><![CDATA[2:20 PM]]></TIME><TIMEZONE><![CDATA[EDT]]></TIMEZONE><GMTTIME>2018-09-11 18:20:00</GMTTIME></publisheddate><updateddate><DAY><![CDATA[Monday]]></DAY><DATE>17</DATE><MONTH><![CDATA[September]]></MONTH><YEAR>2018</YEAR><TIME><![CDATA[12:05 PM]]></TIME><TIMEZONE><![CDATA[EDT]]></TIMEZONE><GMTTIME>2018-09-17 16:05:19</GMTTIME></updateddate><sortbydatetype>3</sortbydatetype><datetime><created>2018-09-11T14:20:00.0000000</created><lastedited>2018-09-17T12:05:19.0000000</lastedited><published>2018-09-11T14:20:00.0000000</published><updated>2018-09-17T12:05:19.0000000</updated></datetime><IMPLICITCONTENT><SHOW>True</SHOW></IMPLICITCONTENT><relatedcontentalignment>1</relatedcontentalignment><BODY><![CDATA[<p>test</p> <p>&nbsp;</p> <div id="1536689991011-2497665800260086" class="fb-post mml-element mml-element-facebook center post fb_iframe_widget" style="width: 552px;" contenteditable="false" data-oembed-width="552" data-style-height="688" data-oembed-author_name="Build N Care" data-oembed-author_url="https://www.facebook.com/BuildNCareTherapy/" data-mml-type="facebook" data-mml-uri="https://www.facebook.com/BuildNCareTherapy/posts/2497665800260086" data-mml-type-id="1536689991011-2497665800260086" data-href="https://www.facebook.com/BuildNCareTherapy/posts/2497665800260086" data-width="552" data-oembed-mml-uri="https://www.facebook.com/plugins/post/oembed.json/?url=https://www.facebook.com/BuildNCareTherapy/posts/2497665800260086" data-oembed-provider_url="https://www.facebook.com" data-oembed-provider_name="Facebook" data-oembed-success="true" data-oembed-type="rich" data-oembed-version="1.0"> <div id="fb-root">&nbsp;</div> <script>(function(d, s, id) { var js, fjs = d.getElementsByTagName(s)[0]; if (d.getElementById(id)) return; js = d.createElement(s); js.id = id; js.src = "//connect.facebook.net/en_US/sdk.js#xfbml=1&version=v2.3"; fjs.parentNode.insertBefore(js, fjs); }(document, 'script', 'facebook-jssdk'));</script><div class="fb-post" style="max-width: 100%;" data-href="https://www.facebook.com/BuildNCareTherapy/posts/2497665800260086" data-width="552"> <blockquote class="fb-xfbml-parse-ignore" cite="https://www.facebook.com/BuildNCareTherapy/posts/2497665800260086">User: <a href="https://www.facebook.com/BuildNCareTherapy/">Build N Care </a> To: <a href="https://www.facebook.com/BuildNCareTherapy/posts/2497665800260086">link</a></blockquote> </div> </div> <p id="breakId_SPECIAL_1536689991011_WILL_RENDER_HTML_">&nbsp;</p> <p>&nbsp;</p> <p>&nbsp;</p> <div id="124402-slideshow" class="mml-element frankly-slideshow carousel slide" contenteditable="false" data-mml-type="slideshow" data-mml-uri="urn:frankly-slideshow-124402" data-mml-type-id="124402-1537197285313" data-affiliate-id="6" data-ride="carousel"><style type="text/css">#divWNInfoPane124402 {top:270px; left:0px; position:absolute}#divWNHeadline124402 {top:0px; left:0px; position:absolute}#divWNImageCanvas124402 {top:25px; left:0px; position:absolute}#divWNImageGallery124402 {top:268px; left:0px; position:absolute}#divWNImageGallery124402 {background-color: #fff}#divWNImageGallery124402 ul, #divWNImageGallery124402 a, #divWNImageGallery124402 a:visited { color:#fff; }#divWNImageCanvas124402_addThis {top:46px; left:20px; position:absolute; z-index: -1; background-color: transparent; visibility: hidden; }#divWNImageCanvas124402_adDiv {top:26px; left:1px; position:absolute; z-index: -1; background-color: #fff; overflow: hidden; visibility: hidden; width:430px; height:241px;}#divWNImageCanvas124402_adDiv_close, #divWNImageCanvas124402_adDiv_close div {width: 300px; height: 20px; left: 66px; top:0px; position: absolute; z-index: 3; background-color: #DDD; text-align: right; color: #444; font-size: 11px; line-height: 18px; font-family: verdana;}#divWNImageCanvas124402_adDiv_close div {left: 0px; top: 0px;}#divWNImageCanvas124402_adDiv_ad {z-index: 2; width: 300px; height: 250px; left:66px; top:-3.5px; position:absolute; overflow: hidden;}#divWNWidgetsContainer124402 {position:relative}</style><div id="divWNWidgetsContainer124402" style="overflow:hidden;height:370px;width:645px;"><div id="divWNInfoPane124402"></div><div id="divWNHeadline124402"></div><div id="divWNImageCanvas124402"></div><div id="divWNImageCanvas124402_adDiv">    <div id="divWNImageCanvas124402_adDiv_close">        <div style="background-color: transparent; text-align: center;">ADVERTISEMENT</div>    </div>    <div id="divWNImageCanvas124402_adDiv_ad"></div></div><div id="divWNImageCanvas124402_addThis">    <div><a href="http://www.addthis.com/bookmark.php?v=250&pub=xa-4a6f307d7c62c8a7"             onmouseover="return addthis_open(this, '', 'https://wnow.ddev1.worldnow.com/global/slideshow.asp?widgetId=' + addThisWNDynamicWidgetId, 'Slideshow')"             onmouseout="addthis_close()" onclick="return addthis_sendto()"><img src="https://s7.addthis.com/static/btn/sm-share-en.gif" width="83" height="16" alt="Bookmark and Share" style="border:0"/></a></div></div><div id="divWNImageGallery124402"><ul>   <li><a href="https://wnow.ddev1.worldnow.com/global/slideshow.asp?widgetId=124402&slideshowImageId=1">486px-Dancing_banana_gif.gif</a></li>   <li><a href="https://wnow.ddev1.worldnow.com/global/slideshow.asp?widgetId=124402&slideshowImageId=2">4384320_G.jpg</a></li>   <li><a href="https://wnow.ddev1.worldnow.com/global/slideshow.asp?widgetId=124402&slideshowImageId=3">Penguins.jpg</a></li></ul></div></div><script type="text/javascript" src="https://wnow.imagesddev1.worldnow.com/interface/js/WNVideo.js"></script><script type="text/javascript">var wnWidgetId_124402; if (wnWidgetId_124402 == undefined) wnWidgetId_124402 = "124402";var WNInfoPane124402 = new WNVideoWidget("WNInfoPane", "divWNInfoPane124402");WNInfoPane124402.SetStylePackage("dark");WNInfoPane124402.SetVariable("widgetId", wnWidgetId_124402);WNInfoPane124402.SetVariable("addThisDivId", "divWNImageCanvas124402_addThis");WNInfoPane124402.SetVariable("incanvasAdDivId", "divWNImageCanvas124402_adDiv");WNInfoPane124402.SetVariable("hasDuration", "false");WNInfoPane124402.SetVariable("hasImage", "false");WNInfoPane124402.SetWidth(320);WNInfoPane124402.SetHeight(100);WNInfoPane124402.RenderWidget();var WNHeadline124402 = new WNVideoWidget("WNHeadline", "divWNHeadline124402");WNHeadline124402.SetStylePackage("dark");WNHeadline124402.SetVariable("widgetId", wnWidgetId_124402);WNHeadline124402.SetVariable("addThisDivId", "divWNImageCanvas124402_addThis");WNHeadline124402.SetVariable("incanvasAdDivId", "divWNImageCanvas124402_adDiv");WNHeadline124402.SetVariable("slideshowHeadline", "ILHMD");WNHeadline124402.SetVariable("defaultTitleText", "");WNHeadline124402.SetWidth(320);WNHeadline124402.SetHeight(25);WNHeadline124402.RenderWidget();var WNImageCanvas124402 = new WNVideoWidget("WNImageCanvas", "divWNImageCanvas124402");WNImageCanvas124402.SetStylePackage("dark");WNImageCanvas124402.SetVariable("widgetId", wnWidgetId_124402);WNImageCanvas124402.SetVariable("addThisDivId", "divWNImageCanvas124402_addThis");WNImageCanvas124402.SetVariable("incanvasAdDivId", "divWNImageCanvas124402_adDiv");WNImageCanvas124402.SetVariable("landingPage", "https://wnow.worldnow.com/category/174049/slideshow");WNImageCanvas124402.SetVariable("hostDomain", "wnow.worldnow.com");WNImageCanvas124402.SetWidth(432);WNImageCanvas124402.SetHeight(243);WNImageCanvas124402.RenderWidget();var WNImageGallery124402 = new WNVideoWidget("WNImageGallery", "divWNImageGallery124402");WNImageGallery124402.SetStylePackage("dark");WNImageGallery124402.SetVariable("widgetId", wnWidgetId_124402);WNImageGallery124402.SetVariable("addThisDivId", "divWNImageCanvas124402_addThis");WNImageGallery124402.SetVariable("incanvasAdDivId", "divWNImageCanvas124402_adDiv");WNImageGallery124402.SetVariable("landingPage", "https://wnow.worldnow.com/category/174049/slideshow");WNImageGallery124402.SetVariable("hostDomain", "wnow.worldnow.com");WNImageGallery124402.SetVariable("slideshowHeadline", "ILHMD");WNImageGallery124402.SetVariable("adTag", "Auto - Quick Links");WNImageGallery124402.addImage("1", "https%3A//wnow.images.worldnow.com/images/4384481_G.gif", "486px-Dancing_banana_gif.gif", "", "", "Aug 4, 2014 06:00 AM", "", "");WNImageGallery124402.addImage("2", "https%3A//wnow.images.worldnow.com/images/4384320_G.jpg", "4384320_G.jpg", "Here%20is%20Caption", "", "Aug 4, 2014 05:13 AM", "", "");WNImageGallery124402.addImage("3", "https%3A//wnow.images.worldnow.com/images/4384360_G.jpg", "Penguins.jpg", "", "", "Aug 4, 2014 04:59 AM", "", "");WNImageGallery124402.SetWidth(645);WNImageGallery124402.SetHeight(50);WNImageGallery124402.RenderWidget();</script><noscript>Slideshow: ILHMD</noscript>&nbsp;</div> <p id="breakId_SPECIAL_1536689798514_WILL_RENDER_HTML_">&nbsp;</p><script>calWidthForFB();window.addEventListener('resize', function(event){calWidthForFB();});function calWidthForFB(){var fbList = document.body.querySelectorAll('.fb_iframe_widget');if(window.FB && fbList.length > 0){if(window.innerWidth < 550 && fbList[0].getAttribute('data-width') !== 'auto'){for(var i=0; i<fbList.length; i++){fbList[i].setAttribute('data-width', 'auto');}window.FB.init({autoLogAppEvents : true,status           : true,xfbml            : true,version          : 'v2.9'});}else{if(window.innerWidth > 550 && fbList[0].getAttribute('data-width') === 'auto'){for(var i=0; i<fbList.length; i++){fbList[i].setAttribute('data-width', '550px');}window.FB.init({autoLogAppEvents : true,status           : true,xfbml            : true,version          : 'v2.9'});}}}}</script>]]></BODY><AMPBODY><![CDATA[<p>test</p><p> </p><amp-facebook data-href="https://www.facebook.com/BuildNCareTherapy/posts/2497665800260086" data-embed-as="post" layout="responsive" width="600" height="400"></amp-facebook><p id="breakId_SPECIAL_1536689991011_WILL_RENDER_HTML_"> </p><p> </p><p> </p><div id="124402-slideshow" class="mml-element frankly-slideshow carousel slide" data-mml-type="slideshow" data-mml-uri="urn:frankly-slideshow-124402" data-mml-type-id="124402-1537197285313" data-affiliate-id="6" data-ride="carousel">
<div id="divWNWidgetsContainer124402" class="amp-wp-90b730d">
<div id="divWNInfoPane124402"></div>
<div id="divWNHeadline124402"></div>
<div id="divWNImageCanvas124402"></div>
<div id="divWNImageCanvas124402_adDiv">
    <div id="divWNImageCanvas124402_adDiv_close">        <div class="amp-wp-dc528c1">ADVERTISEMENT</div>    </div>
    <div id="divWNImageCanvas124402_adDiv_ad"></div>
</div>
<div id="divWNImageCanvas124402_addThis">
    <div><a href="http://www.addthis.com/bookmark.php?v=250&amp;pub=xa-4a6f307d7c62c8a7"><amp-anim src="https://s7.addthis.com/static/btn/sm-share-en.gif" width="83" height="16" alt="Bookmark and Share" class="amp-wp-enforced-sizes amp-wp-012333e" layout="intrinsic"></amp-anim></a></div>
</div>
<div id="divWNImageGallery124402">
<ul>
<li><a href="https://wnow.ddev1.worldnow.com/global/slideshow.asp?widgetId=124402&amp;slideshowImageId=1">486px-Dancing_banana_gif.gif</a></li>
   <li><a href="https://wnow.ddev1.worldnow.com/global/slideshow.asp?widgetId=124402&amp;slideshowImageId=2">4384320_G.jpg</a></li>
   <li><a href="https://wnow.ddev1.worldnow.com/global/slideshow.asp?widgetId=124402&amp;slideshowImageId=3">Penguins.jpg</a></li>
</ul>
</div>

</div>
<!--noscript-->Slideshow: ILHMD<!--/noscript--> </div><p id="breakId_SPECIAL_1536689798514_WILL_RENDER_HTML_"> </p>]]></AMPBODY><ADS><SHOWNATIONAL>true</SHOWNATIONAL><SHOWLOCAL>true</SHOWLOCAL></ADS><SEO><PAGEURL>test-a</PAGEURL><INCLUDEDATE>True</INCLUDEDATE></SEO></CURRENT><FEATURES><CATEGORY DISPLAYSIZE="-7" DISPLAYORDER="1" ISIMPLICIT="True"><TYPE>C</TYPE><ID>333627</ID><STATUS>L</STATUS><owner><affiliateno>68</affiliateno><affiliatename>WOIO</affiliatename><baseurl>Woio.DDEV1.worldnow.com</baseurl><enablecommentsonshare>True</enablecommentsonshare></owner><REF><MACHINENAME>NKRANESPC02</MACHINENAME><BUILDDATETIME><![CDATA[2018-08-09 10:32:30]]></BUILDDATETIME></REF><ISCONTROLLEDCATEGORY>False</ISCONTROLLEDCATEGORY><HOMECATEGORY>FALSE</HOMECATEGORY><HEADLINE><![CDATA[Nunit Test 8/7/18 5:58:38 PM - SetTagsTest_SuccessForImplicit]]></HEADLINE><ABSTRACT><![CDATA[Abstract: ]]></ABSTRACT><ABSTRACTIMAGE><FILENAME><![CDATA[http://woio.imagesddev1.worldnow.com/images/12345_test.gif]]></FILENAME><WIDTH>90</WIDTH><LOCATION>LEFT</LOCATION><CAPTION><![CDATA[Summary Image Caption]]></CAPTION></ABSTRACTIMAGE><SECTIONTITLE><![CDATA[Nunit Test 8/7/18 5:58:38 PM - SetTagsTest_SuccessForImplicit]]></SECTIONTITLE><TARGETADSTAG><![CDATA[News]]></TARGETADSTAG><CLS>3</CLS><LASTEDITEDDATE><DAY><![CDATA[Tuesday]]></DAY><DATE>7</DATE><MONTH><![CDATA[August]]></MONTH><YEAR>2018</YEAR><TIME><![CDATA[5:58 PM]]></TIME><TIMEZONE><![CDATA[EST]]></TIMEZONE><GMTTIME>2018-08-07 21:58:37</GMTTIME></LASTEDITEDDATE><creationdate><DAY><![CDATA[Tuesday]]></DAY><DATE>7</DATE><MONTH><![CDATA[August]]></MONTH><YEAR>2018</YEAR><TIME><![CDATA[5:58 PM]]></TIME><TIMEZONE><![CDATA[EST]]></TIMEZONE><GMTTIME>2018-08-07 21:58:37</GMTTIME></creationdate><datetime><created>2018-08-07T17:58:37.0000000</created><lastedited>2018-08-07T17:58:37.0000000</lastedited></datetime><ABRIDGED><ISCLICKABLE>True</ISCLICKABLE></ABRIDGED><NESTED><FEATURES><CATEGORY DISPLAYSIZE="-7" DISPLAYORDER="1" ISIMPLICIT="False"><TYPE>C</TYPE><ID>333628</ID><STATUS>L</STATUS><owner><affiliateno>68</affiliateno><affiliatename>WOIO</affiliatename><baseurl>Woio.DDEV1.worldnow.com</baseurl><enablecommentsonshare>True</enablecommentsonshare></owner><REF><MACHINENAME>NKRANESPC02</MACHINENAME><BUILDDATETIME><![CDATA[2018-08-09 10:32:30]]></BUILDDATETIME></REF><ISCONTROLLEDCATEGORY>False</ISCONTROLLEDCATEGORY><HOMECATEGORY>FALSE</HOMECATEGORY><HEADLINE><![CDATA[Nunit Test 8/7/18 5:58:38 PM - SetTagsTest_SuccessForImplicit]]></HEADLINE><ABSTRACT><![CDATA[Abstract: ]]></ABSTRACT><ABSTRACTIMAGE><FILENAME><![CDATA[http://woio.imagesddev1.worldnow.com/images/12345_test.gif]]></FILENAME><WIDTH>90</WIDTH><LOCATION>LEFT</LOCATION><CAPTION><![CDATA[Summary Image Caption]]></CAPTION></ABSTRACTIMAGE><SECTIONTITLE><![CDATA[Nunit Test 8/7/18 5:58:38 PM - SetTagsTest_SuccessForImplicit]]></SECTIONTITLE><TARGETADSTAG><![CDATA[Homepage]]></TARGETADSTAG><CLS>2</CLS><LASTEDITEDDATE><DAY><![CDATA[Tuesday]]></DAY><DATE>7</DATE><MONTH><![CDATA[August]]></MONTH><YEAR>2018</YEAR><TIME><![CDATA[5:58 PM]]></TIME><TIMEZONE><![CDATA[EST]]></TIMEZONE><GMTTIME>2018-08-07 21:58:37</GMTTIME></LASTEDITEDDATE><creationdate><DAY><![CDATA[Tuesday]]></DAY><DATE>7</DATE><MONTH><![CDATA[August]]></MONTH><YEAR>2018</YEAR><TIME><![CDATA[5:58 PM]]></TIME><TIMEZONE><![CDATA[EST]]></TIMEZONE><GMTTIME>2018-08-07 21:58:37</GMTTIME></creationdate><datetime><created>2018-08-07T17:58:37.0000000</created><lastedited>2018-08-07T17:58:37.0000000</lastedited></datetime><ABRIDGED><ISCLICKABLE>True</ISCLICKABLE></ABRIDGED></CATEGORY></FEATURES><TOTALRESULTS>1</TOTALRESULTS></NESTED></CATEGORY><CATEGORY DISPLAYSIZE="-7" DISPLAYORDER="1" ISIMPLICIT="True"><TYPE>C</TYPE><ID>333552</ID><STATUS>L</STATUS><owner><affiliateno>6</affiliateno><affiliatename>WNOW</affiliatename><baseurl>wnow.ddev1.worldnow.com</baseurl><affiliatetype>4</affiliatetype><enablecommentsonshare>True</enablecommentsonshare></owner><REF><MACHINENAME>DDEV1DOTNET02</MACHINENAME><BUILDDATETIME><![CDATA[2018-08-28 00:21:57]]></BUILDDATETIME></REF><ISCONTROLLEDCATEGORY>False</ISCONTROLLEDCATEGORY><HOMECATEGORY>FALSE</HOMECATEGORY><HEADLINE><![CDATA[Nunit Test 8/7/18 12:42:49 PM - SetTagsTest_SuccessForImplicit]]></HEADLINE><ABSTRACT><![CDATA[Abstract: ]]></ABSTRACT><ABSTRACTIMAGE><FILENAME><![CDATA[https://wnow.imagesddev1.worldnow.com/images/12345_test.gif]]></FILENAME><WIDTH>90</WIDTH><LOCATION>LEFT</LOCATION><CAPTION><![CDATA[Summary Image Caption]]></CAPTION></ABSTRACTIMAGE><SECTIONTITLE><![CDATA[Nunit Test 8/7/18 12:42:49 PM - SetTagsTest_SuccessForImplicit]]></SECTIONTITLE><TARGETADSTAG><![CDATA[News]]></TARGETADSTAG><CLS>3</CLS><LASTEDITEDDATE><DAY><![CDATA[Tuesday]]></DAY><DATE>7</DATE><MONTH><![CDATA[August]]></MONTH><YEAR>2018</YEAR><TIME><![CDATA[12:42 PM]]></TIME><TIMEZONE><![CDATA[EDT]]></TIMEZONE><GMTTIME>2018-08-07 16:42:49</GMTTIME></LASTEDITEDDATE><creationdate><DAY><![CDATA[Tuesday]]></DAY><DATE>7</DATE><MONTH><![CDATA[August]]></MONTH><YEAR>2018</YEAR><TIME><![CDATA[12:42 PM]]></TIME><TIMEZONE><![CDATA[EDT]]></TIMEZONE><GMTTIME>2018-08-07 16:42:49</GMTTIME></creationdate><datetime><created>2018-08-07T12:42:49.0000000</created><lastedited>2018-08-07T12:42:49.0000000</lastedited></datetime><ABRIDGED><ISCLICKABLE>True</ISCLICKABLE></ABRIDGED><NESTED><FEATURES><STORY DISPLAYSIZE="-7" DISPLAYORDER="1" ISIMPLICIT="False"><TYPE>S</TYPE><ID>35747535</ID><STATUS>L</STATUS><owner><affiliateno>6</affiliateno><affiliatename>WNOW</affiliatename><baseurl>wnow.ddev1.worldnow.com</baseurl><affiliatetype>4</affiliatetype><enablecommentsonshare>True</enablecommentsonshare></owner><SOURCE>N</SOURCE><REF><MACHINENAME>DDEV1DOTNET02</MACHINENAME><BUILDDATETIME><![CDATA[2018-08-28 00:21:57]]></BUILDDATETIME></REF><HEADLINE><![CDATA[Testing new Clip from St]]></HEADLINE><ABSTRACT><![CDATA[Testing new Clip from St]]></ABSTRACT><TARGETADSTAG><![CDATA[News]]></TARGETADSTAG><CLS>3</CLS><ABRIDGED><HEADLINE><![CDATA[Testing new Clip from St]]></HEADLINE><ISCLICKABLE>True</ISCLICKABLE><ABSTRACT><![CDATA[Testing new Clip from St]]></ABSTRACT></ABRIDGED><options><date><creation><showonstory>True</showonstory></creation><lastedited><showonstory>True</showonstory><showonabstract>True</showonabstract></lastedited><published><showonstory>True</showonstory><showonabstract>True</showonabstract><override><![CDATA[Aug 28, 2018 11:12 AM +07:00]]></override></published><updated><showonstory>True</showonstory><showonabstract>True</showonabstract></updated></date><socialtools><comments><display>True</display></comments></socialtools></options><creationdate><DAY><![CDATA[Tuesday]]></DAY><DATE>28</DATE><MONTH><![CDATA[August]]></MONTH><YEAR>2018</YEAR><TIME><![CDATA[12:09 AM]]></TIME><TIMEZONE><![CDATA[EDT]]></TIMEZONE><GMTTIME>2018-08-28 04:09:55</GMTTIME></creationdate><lastediteddate><DAY><![CDATA[Tuesday]]></DAY><DATE>28</DATE><MONTH><![CDATA[August]]></MONTH><YEAR>2018</YEAR><TIME><![CDATA[12:21 AM]]></TIME><TIMEZONE><![CDATA[EDT]]></TIMEZONE><GMTTIME>2018-08-28 04:21:57</GMTTIME></lastediteddate><publisheddate><DAY><![CDATA[Tuesday]]></DAY><DATE>28</DATE><MONTH><![CDATA[August]]></MONTH><YEAR>2018</YEAR><TIME><![CDATA[12:12 AM]]></TIME><TIMEZONE><![CDATA[EDT]]></TIMEZONE><GMTTIME>2018-08-28 04:12:00</GMTTIME></publisheddate><updateddate><DAY><![CDATA[Tuesday]]></DAY><DATE>28</DATE><MONTH><![CDATA[August]]></MONTH><YEAR>2018</YEAR><TIME><![CDATA[12:21 AM]]></TIME><TIMEZONE><![CDATA[EDT]]></TIMEZONE><GMTTIME>2018-08-28 04:21:57</GMTTIME></updateddate><sortbydatetype>3</sortbydatetype><datetime><created>2018-08-28T00:09:55.0000000</created><lastedited>2018-08-28T00:21:57.0000000</lastedited><published>2018-08-28T00:12:00.0000000</published><updated>2018-08-28T00:21:57.0000000</updated></datetime><SEO><PAGEURL>testing-new-clip-from-st</PAGEURL><INCLUDEDATE>True</INCLUDEDATE></SEO></STORY><CATEGORY DISPLAYSIZE="-7" DISPLAYORDER="1" ISIMPLICIT="False"><TYPE>C</TYPE><ID>333553</ID><STATUS>L</STATUS><owner><affiliateno>6</affiliateno><affiliatename>WNOW</affiliatename><baseurl>wnow.ddev1.worldnow.com</baseurl><affiliatetype>4</affiliatetype><enablecommentsonshare>True</enablecommentsonshare></owner><REF><MACHINENAME>DDEV1DOTNET02</MACHINENAME><BUILDDATETIME><![CDATA[2018-08-17 01:49:17]]></BUILDDATETIME></REF><ISCONTROLLEDCATEGORY>False</ISCONTROLLEDCATEGORY><HOMECATEGORY>FALSE</HOMECATEGORY><HEADLINE><![CDATA[Nunit Test 8/7/18 12:42:49 PM - SetTagsTest_SuccessForImplicit]]></HEADLINE><ABSTRACT><![CDATA[Abstract: ]]></ABSTRACT><ABSTRACTIMAGE><FILENAME><![CDATA[https://wnow.imagesddev1.worldnow.com/images/12345_test.gif]]></FILENAME><WIDTH>90</WIDTH><LOCATION>LEFT</LOCATION><CAPTION><![CDATA[Summary Image Caption]]></CAPTION></ABSTRACTIMAGE><SECTIONTITLE><![CDATA[Nunit Test 8/7/18 12:42:49 PM - SetTagsTest_SuccessForImplicit]]></SECTIONTITLE><TARGETADSTAG><![CDATA[Homepage]]></TARGETADSTAG><CLS>2</CLS><LASTEDITEDDATE><DAY><![CDATA[Tuesday]]></DAY><DATE>7</DATE><MONTH><![CDATA[August]]></MONTH><YEAR>2018</YEAR><TIME><![CDATA[12:42 PM]]></TIME><TIMEZONE><![CDATA[EDT]]></TIMEZONE><GMTTIME>2018-08-07 16:42:49</GMTTIME></LASTEDITEDDATE><creationdate><DAY><![CDATA[Tuesday]]></DAY><DATE>7</DATE><MONTH><![CDATA[August]]></MONTH><YEAR>2018</YEAR><TIME><![CDATA[12:42 PM]]></TIME><TIMEZONE><![CDATA[EDT]]></TIMEZONE><GMTTIME>2018-08-07 16:42:49</GMTTIME></creationdate><datetime><created>2018-08-07T12:42:49.0000000</created><lastedited>2018-08-07T12:42:49.0000000</lastedited></datetime><ABRIDGED><ISCLICKABLE>True</ISCLICKABLE></ABRIDGED></CATEGORY></FEATURES><TOTALRESULTS>2</TOTALRESULTS></NESTED></CATEGORY><CATEGORY DISPLAYSIZE="-7" DISPLAYORDER="1" ISIMPLICIT="True"><TYPE>C</TYPE><ID>333545</ID><STATUS>L</STATUS><owner><affiliateno>6</affiliateno><affiliatename>WNOW</affiliatename><baseurl>wnow.ddev1.worldnow.com</baseurl><enablecommentsonshare>True</enablecommentsonshare></owner><REF><MACHINENAME>DDEV1DOTNET01</MACHINENAME><BUILDDATETIME><![CDATA[2018-08-07 12:02:02]]></BUILDDATETIME></REF><ISCONTROLLEDCATEGORY>False</ISCONTROLLEDCATEGORY><HOMECATEGORY>FALSE</HOMECATEGORY><HEADLINE><![CDATA[Nunit Test 8/7/18 10:25:11 AM - SetTagsTest_SuccessForImplicit]]></HEADLINE><ABSTRACT><![CDATA[Abstract: ]]></ABSTRACT><ABSTRACTIMAGE><FILENAME><![CDATA[https://wnow.imagesddev1.worldnow.com/images/12345_test.gif]]></FILENAME><WIDTH>90</WIDTH><LOCATION>LEFT</LOCATION><CAPTION><![CDATA[Summary Image Caption]]></CAPTION></ABSTRACTIMAGE><SECTIONTITLE><![CDATA[Nunit Test 8/7/18 10:25:11 AM - SetTagsTest_SuccessForImplicit]]></SECTIONTITLE><TARGETADSTAG><![CDATA[News]]></TARGETADSTAG><CLS>3</CLS><LASTEDITEDDATE><DAY><![CDATA[Tuesday]]></DAY><DATE>7</DATE><MONTH><![CDATA[August]]></MONTH><YEAR>2018</YEAR><TIME><![CDATA[10:25 AM]]></TIME><TIMEZONE><![CDATA[EDT]]></TIMEZONE><GMTTIME>2018-08-07 14:25:10</GMTTIME></LASTEDITEDDATE><creationdate><DAY><![CDATA[Tuesday]]></DAY><DATE>7</DATE><MONTH><![CDATA[August]]></MONTH><YEAR>2018</YEAR><TIME><![CDATA[10:25 AM]]></TIME><TIMEZONE><![CDATA[EDT]]></TIMEZONE><GMTTIME>2018-08-07 14:25:10</GMTTIME></creationdate><datetime><created>2018-08-07T10:25:10.0000000</created><lastedited>2018-08-07T10:25:10.0000000</lastedited></datetime><ABRIDGED><ISCLICKABLE>True</ISCLICKABLE></ABRIDGED><NESTED><FEATURES><CATEGORY DISPLAYSIZE="-7" DISPLAYORDER="1" ISIMPLICIT="False"><TYPE>C</TYPE><ID>333546</ID><STATUS>L</STATUS><owner><affiliateno>6</affiliateno><affiliatename>WNOW</affiliatename><baseurl>wnow.ddev1.worldnow.com</baseurl><enablecommentsonshare>True</enablecommentsonshare></owner><REF><MACHINENAME>DDEV1DOTNET01</MACHINENAME><BUILDDATETIME><![CDATA[2018-08-07 12:02:03]]></BUILDDATETIME></REF><ISCONTROLLEDCATEGORY>False</ISCONTROLLEDCATEGORY><HOMECATEGORY>FALSE</HOMECATEGORY><HEADLINE><![CDATA[Nunit Test 8/7/18 10:25:11 AM - SetTagsTest_SuccessForImplicit]]></HEADLINE><ABSTRACT><![CDATA[Abstract: ]]></ABSTRACT><ABSTRACTIMAGE><FILENAME><![CDATA[https://wnow.imagesddev1.worldnow.com/images/12345_test.gif]]></FILENAME><WIDTH>90</WIDTH><LOCATION>LEFT</LOCATION><CAPTION><![CDATA[Summary Image Caption]]></CAPTION></ABSTRACTIMAGE><SECTIONTITLE><![CDATA[Nunit Test 8/7/18 10:25:11 AM - SetTagsTest_SuccessForImplicit]]></SECTIONTITLE><TARGETADSTAG><![CDATA[Homepage]]></TARGETADSTAG><CLS>2</CLS><LASTEDITEDDATE><DAY><![CDATA[Tuesday]]></DAY><DATE>7</DATE><MONTH><![CDATA[August]]></MONTH><YEAR>2018</YEAR><TIME><![CDATA[10:25 AM]]></TIME><TIMEZONE><![CDATA[EDT]]></TIMEZONE><GMTTIME>2018-08-07 14:25:11</GMTTIME></LASTEDITEDDATE><creationdate><DAY><![CDATA[Tuesday]]></DAY><DATE>7</DATE><MONTH><![CDATA[August]]></MONTH><YEAR>2018</YEAR><TIME><![CDATA[10:25 AM]]></TIME><TIMEZONE><![CDATA[EDT]]></TIMEZONE><GMTTIME>2018-08-07 14:25:11</GMTTIME></creationdate><datetime><created>2018-08-07T10:25:11.0000000</created><lastedited>2018-08-07T10:25:11.0000000</lastedited></datetime><ABRIDGED><ISCLICKABLE>True</ISCLICKABLE></ABRIDGED></CATEGORY></FEATURES><TOTALRESULTS>1</TOTALRESULTS></NESTED></CATEGORY><CATEGORY DISPLAYSIZE="78" DISPLAYORDER="2" ISIMPLICIT="True"><TYPE>C</TYPE><ID>901</ID><STATUS>L</STATUS><owner><affiliateno>6</affiliateno><affiliatename>WNOW</affiliatename><baseurl>wnow.ddev1.worldnow.com</baseurl><affiliatetype>4</affiliatetype><enablecommentsonshare>True</enablecommentsonshare></owner><REF><MACHINENAME>DDEV1DOTNET02</MACHINENAME><BUILDDATETIME><![CDATA[2018-08-31 12:33:42]]></BUILDDATETIME></REF><ISCONTROLLEDCATEGORY>False</ISCONTROLLEDCATEGORY><HOMECATEGORY>FALSE</HOMECATEGORY><HEADLINE><![CDATA[*News]]></HEADLINE><ADS><AD SZ="wnsz_1"><OWNER>loc</OWNER><SPLITPCT>50</SPLITPCT><SHOW>true</SHOW></AD><AD SZ="wnsz_17"><OWNER>nat</OWNER><SPLITPCT>100</SPLITPCT><SHOW>true</SHOW></AD><AD SZ="wnsz_23"><OWNER>loc</OWNER><SPLITPCT>100</SPLITPCT><SHOW>false</SHOW></AD><AD SZ="wnsz_26"><OWNER>loc</OWNER><SPLITPCT>100</SPLITPCT><SHOW>false</SHOW></AD><AD SZ="wnsz_28"><OWNER>loc</OWNER><SPLITPCT>100</SPLITPCT><SHOW>false</SHOW></AD><AD SZ="wnsz_35"><OWNER>loc</OWNER><SPLITPCT>100</SPLITPCT><SHOW>false</SHOW></AD><AD SZ="wnsz_85"><OWNER>nat</OWNER><SPLITPCT>50</SPLITPCT><SHOW>true</SHOW></AD><AD SZ="wnsz_86"><OWNER>nat</OWNER><SPLITPCT>50</SPLITPCT><SHOW>true</SHOW><flexiblesizes><enabled>true</enabled><flexiblesize><enabled>false</enabled><width>728</width><height>90</height></flexiblesize><flexiblesize><enabled>true</enabled><width>980</width><height>30</height></flexiblesize><flexiblesize><enabled>true</enabled><width>970</width><height>250</height></flexiblesize><flexiblesize><enabled>true</enabled><width>970</width><height>90</height></flexiblesize><flexiblesize><enabled>true</enabled><width>850</width><height>30</height></flexiblesize></flexiblesizes></AD><AD SZ="wnsz_88"><OWNER>nat</OWNER><SPLITPCT>100</SPLITPCT><SHOW>true</SHOW></AD><AD SZ="wnsz_101"><OWNER>loc</OWNER><SPLITPCT>0</SPLITPCT><SHOW>true</SHOW></AD><AD SZ="wnsz_103"><OWNER>loc</OWNER><SPLITPCT>0</SPLITPCT><SHOW>true</SHOW></AD><AD SZ="wnsz_104"><OWNER>loc</OWNER><SPLITPCT>0</SPLITPCT><SHOW>true</SHOW></AD><AD SZ="wnsz_105"><OWNER>loc</OWNER><SPLITPCT>0</SPLITPCT><SHOW>true</SHOW></AD></ADS><ABSTRACT><![CDATA[<p>News, news and more news.&nbsp; All the news that fit to print!</p>]]></ABSTRACT><SECTIONTITLE><![CDATA[News Section Titles]]></SECTIONTITLE><TARGETADSTAG><![CDATA[News]]></TARGETADSTAG><CLS>3</CLS><LASTEDITEDDATE><DAY><![CDATA[Monday]]></DAY><DATE>15</DATE><MONTH><![CDATA[May]]></MONTH><YEAR>2017</YEAR><TIME><![CDATA[2:03 PM]]></TIME><TIMEZONE><![CDATA[EDT]]></TIMEZONE><GMTTIME>2017-05-15 18:03:56</GMTTIME></LASTEDITEDDATE><creationdate><DAY><![CDATA[Friday]]></DAY><DATE>17</DATE><MONTH><![CDATA[September]]></MONTH><YEAR>1999</YEAR><TIME><![CDATA[4:27 PM]]></TIME><TIMEZONE><![CDATA[EDT]]></TIMEZONE><GMTTIME>1999-09-17 20:27:45</GMTTIME></creationdate><datetime><created>1999-09-17T16:27:45.0000000</created><lastedited>2017-05-15T14:03:56.0000000</lastedited></datetime><ABRIDGED><HEADLINE><![CDATA[News]]></HEADLINE><ISCLICKABLE>True</ISCLICKABLE><ABSTRACT><![CDATA[<p>This is the Abridged Summary</p>]]></ABSTRACT></ABRIDGED><SEO><BROWSERTITLE><![CDATA[*News WNOW*]]></BROWSERTITLE><KEYWORDS><![CDATA[Meta, Tag, Keyword, WNOW, WorldNow, New York..]]></KEYWORDS><DESCRIPTION><![CDATA[WNOW TEST]]></DESCRIPTION><PAGEURL>news</PAGEURL></SEO><NESTED><FEATURES><CLIP DISPLAYSIZE="-30" DISPLAYORDER="1" ISIMPLICIT="False"><TYPE>V</TYPE><ID>3453</ID><STATUS>L</STATUS><URI><![CDATA[https://ddev1videovod-vh.akamaihd.net/z/WNOW_310820181229373561.smil/manifest.f4m]]></URI><SHOWCC>1</SHOWCC><DURATION>0</DURATION><owner><affiliateno>6</affiliateno><affiliatename>WNOW</affiliatename><affiliatetype>4</affiliatetype><baseurl>WNOW.ddev1.worldnow.com</baseurl><enablecommentsonshare>True</enablecommentsonshare></owner><REF><MACHINENAME>DDEV1DOTNET01</MACHINENAME><BUILDDATETIME><![CDATA[2018-08-31 12:33:36]]></BUILDDATETIME></REF><SOURCE>A</SOURCE><STARTMSEC>0</STARTMSEC><ENDMSEC>0</ENDMSEC><HEADLINE><![CDATA[VI: migraine-treatment-options-6-.mp4]]></HEADLINE><TARGETADSTAG><![CDATA[News]]></TARGETADSTAG><ISAD><![CDATA[False]]></ISAD><ISFORMACTIVE><![CDATA[False]]></ISFORMACTIVE><media:group xmlns:media="http://search.yahoo.com/mrss/"><media:content url="https%3a%2f%2fddev1videovod-vh.akamaihd.net%2fz%2fWNOW_310820181229373561.smil%2fmanifest.f4m" filesize="0" bitrate="0" width="0" height="0" type="application/f4m" platform="mobile" /><media:content url="https%3a%2f%2fddev1videovod-vh.akamaihd.net%2fi%2fWNOW_310820181229373561.smil%2fmaster.m3u8" filesize="0" bitrate="0" width="0" height="0" type="application/x-mpegURL" platform="mobile" /><media:content url="https%3a%2f%2fddev1.videodownload.worldnow.com%2fWNOW_310820181229373561AC.mp4" filesize="19929781" bitratebits="890170" bitrate="890" width="640" height="360" type="video/mp4" platform="mobile" /></media:group><AssetProperties><Property name="KeyFrameSmallWidth" value="640" /><Property name="KeyFrameSmallHeight" value="360" /><Property name="KeyFrameLargeWidth" value="640" /><Property name="KeyFrameLargeHeight" value="360" /></AssetProperties><ADS><AD SZ="wnsz_30"><SHOW>true</SHOW><SPLITPCT>40</SPLITPCT><OWNER>loc</OWNER></AD><AD SZ="wnsz_31"><SHOW>true</SHOW><SPLITPCT>50</SPLITPCT><OWNER>loc</OWNER></AD><AD SZ="wnsz_32"><SHOW>true</SHOW><SPLITPCT>60</SPLITPCT><OWNER>loc</OWNER></AD><AD SZ="wnsz_34"><SHOW>true</SHOW><SPLITPCT>70</SPLITPCT><OWNER>nat</OWNER></AD><AD SZ="wnsz_51"><SHOW>true</SHOW><SPLITPCT>80</SPLITPCT><OWNER>nat</OWNER></AD><AD SZ="wnsz_53"><SHOW>true</SHOW><SPLITPCT>90</SPLITPCT><OWNER>nat</OWNER></AD></ADS><ABSTRACTIMAGE><FILENAME><![CDATA[https://WNOW.imagesddev1.worldnow.com/images/3453_vkf.jpg]]></FILENAME><WIDTH>30</WIDTH><LOCATION>LEFT</LOCATION></ABSTRACTIMAGE><THUMBNAILIMAGE><FILENAME><![CDATA[https://WNOW.imagesddev1.worldnow.com/images/3453_vtf.jpg]]></FILENAME></THUMBNAILIMAGE><SERVEADSFROMCONTENTOWNER>False</SERVEADSFROMCONTENTOWNER><ABRIDGED><HEADLINE><![CDATA[VI: migraine-treatment-options-6-.mp4]]></HEADLINE><ISCLICKABLE>True</ISCLICKABLE><ABSTRACTIMAGE><FILENAME><![CDATA[https://WNOW.imagesddev1.worldnow.com/images/3453_VA.jpg]]></FILENAME><WIDTH>50</WIDTH></ABSTRACTIMAGE></ABRIDGED><options><date><creation><showonclip>True</showonclip></creation><lastedited><showonclip>True</showonclip></lastedited><published><showonclip>True</showonclip></published><updated><showonclip>True</showonclip></updated></date></options><creationdate><![CDATA[8/31/2018 12:33:33 PM]]></creationdate><lastediteddate><![CDATA[8/31/2018 12:33:33 PM]]></lastediteddate><rfc822creationdate><![CDATA[Fri, 31 Aug 2018 12:33:33 EDT]]></rfc822creationdate><rfc822lastediteddate><![CDATA[Fri, 31 Aug 2018 12:33:33 EDT]]></rfc822lastediteddate><publisheddate><![CDATA[8/31/2018 12:33:33 PM]]></publisheddate><updateddate><![CDATA[8/31/2018 12:33:33 PM]]></updateddate><sortbydatetype><![CDATA[1]]></sortbydatetype><rfc822publisheddate><![CDATA[Fri, 31 Aug 2018 12:33:33 EDT]]></rfc822publisheddate><rfc822updateddate><![CDATA[Fri, 31 Aug 2018 12:33:33 EDT]]></rfc822updateddate><datetime><created>2018-08-31T12:33:33.0000000</created><lastedited>2018-08-31T12:33:33.0000000</lastedited><published>2018-08-31T12:33:33.0000000</published><updated>2018-08-31T12:33:33.0000000</updated></datetime><SEO><PAGEURL>vi-migraine-treatment-options-6-mp4</PAGEURL><INCLUDEDATE>True</INCLUDEDATE></SEO></CLIP><STORY DISPLAYSIZE="-20" DISPLAYORDER="1" ISIMPLICIT="False"><TYPE>S</TYPE><ID>35606554</ID><STATUS>L</STATUS><owner><affiliateno>6</affiliateno><affiliatename>WNOW</affiliatename><baseurl>wnow.ddev1.worldnow.com</baseurl><enablecommentsonshare>True</enablecommentsonshare></owner><SOURCE>N</SOURCE><REF><MACHINENAME>DDEV1DOTNET01</MACHINENAME><BUILDDATETIME><![CDATA[2018-07-31 17:30:56]]></BUILDDATETIME></REF><HEADLINE><![CDATA[(copy) 111]]></HEADLINE><ABSTRACT><![CDATA[?]]></ABSTRACT><TARGETADSTAG><![CDATA[News]]></TARGETADSTAG><CLS>3</CLS><ABRIDGED><HEADLINE><![CDATA[111]]></HEADLINE><ISCLICKABLE>True</ISCLICKABLE><ABSTRACT><![CDATA[?]]></ABSTRACT></ABRIDGED><ABSTRACTIMAGE><FILENAME><![CDATA[https://wnow.imagesddev1.worldnow.com/images/14075657_G.jpeg]]></FILENAME><WIDTH>90</WIDTH><LOCATION>LEFT</LOCATION></ABSTRACTIMAGE><options><date><creation><showonstory>True</showonstory></creation><lastedited><showonstory>True</showonstory><showonabstract>True</showonabstract></lastedited><published><showonstory>True</showonstory><showonabstract>True</showonabstract><override><![CDATA[Jun 19, 2017 5:37 PM]]></override></published><updated><showonstory>True</showonstory><showonabstract>True</showonabstract></updated></date><socialtools><comments><display>True</display></comments></socialtools></options><creationdate><DAY><![CDATA[Monday]]></DAY><DATE>19</DATE><MONTH><![CDATA[June]]></MONTH><YEAR>2017</YEAR><TIME><![CDATA[7:23 AM]]></TIME><TIMEZONE><![CDATA[EDT]]></TIMEZONE><GMTTIME>2017-06-19 11:23:47</GMTTIME></creationdate><lastediteddate><DAY><![CDATA[Thursday]]></DAY><DATE>20</DATE><MONTH><![CDATA[July]]></MONTH><YEAR>2017</YEAR><TIME><![CDATA[2:59 AM]]></TIME><TIMEZONE><![CDATA[EDT]]></TIMEZONE><GMTTIME>2017-07-20 06:59:13</GMTTIME></lastediteddate><publisheddate><DAY><![CDATA[Monday]]></DAY><DATE>19</DATE><MONTH><![CDATA[June]]></MONTH><YEAR>2017</YEAR><TIME><![CDATA[5:37 PM]]></TIME><TIMEZONE><![CDATA[EDT]]></TIMEZONE><GMTTIME>2017-06-19 21:37:00</GMTTIME></publisheddate><updateddate><DAY><![CDATA[Monday]]></DAY><DATE>19</DATE><MONTH><![CDATA[June]]></MONTH><YEAR>2017</YEAR><TIME><![CDATA[7:23 AM]]></TIME><TIMEZONE><![CDATA[EDT]]></TIMEZONE><GMTTIME>2017-06-19 11:23:57</GMTTIME></updateddate><sortbydatetype>1</sortbydatetype><datetime><created>2017-06-19T07:23:47.0000000</created><lastedited>2017-07-20T02:59:13.0000000</lastedited><published>2017-06-19T17:37:00.0000000</published><updated>2017-06-19T07:23:57.0000000</updated></datetime><SEO><BROWSERTITLE><![CDATA[111]]></BROWSERTITLE><PAGEURL>111</PAGEURL><INCLUDEDATE>True</INCLUDEDATE></SEO><DATELINE><![CDATA[Silver Spring, Maryland]]></DATELINE></STORY><STORY DISPLAYSIZE="-7" DISPLAYORDER="1" ISIMPLICIT="False"><TYPE>S</TYPE><ID>35746988</ID><STATUS>L</STATUS><owner><affiliateno>6</affiliateno><affiliatename>WNOW</affiliatename><baseurl>wnow.ddev1.worldnow.com</baseurl><affiliatetype>4</affiliatetype><enablecommentsonshare>True</enablecommentsonshare></owner><SOURCE>N</SOURCE><REF><MACHINENAME>DDEV1DOTNET01</MACHINENAME><BUILDDATETIME><![CDATA[2018-08-16 12:14:10]]></BUILDDATETIME></REF><HEADLINE><![CDATA[NMVP-6200 AK Test]]></HEADLINE><ABSTRACT><![CDATA[Choose Channel Setup or Broadcast Setup on the menu (if you don't see those options, check the owner&rsquo;s manual or search for your television&rsquo;s specific instructions online). Select either Auto Programming or Auto Scan, choose Air and then have ]]></ABSTRACT><TARGETADSTAG><![CDATA[News]]></TARGETADSTAG><CLS>3</CLS><ABRIDGED><HEADLINE><![CDATA[NMVP-6200 AK Test]]></HEADLINE><ISCLICKABLE>True</ISCLICKABLE><ABSTRACT><![CDATA[Choose Channel Setup or Broadcast Setup on the menu (if you don't see those options, check the owner&rsquo;s manual or search for your television&rsquo;s specific instructions online). Select either Auto Programming or Auto Scan, choose Air and then have]]></ABSTRACT></ABRIDGED><options><date><creation><showonstory>True</showonstory></creation><lastedited><showonstory>True</showonstory><showonabstract>True</showonabstract></lastedited><published><showonstory>True</showonstory><showonabstract>True</showonabstract><override><![CDATA[Aug 16, 2018 12:02 PM -04:00]]></override></published><updated><showonstory>True</showonstory><showonabstract>True</showonabstract></updated></date><socialtools><comments><display>True</display></comments></socialtools></options><creationdate><DAY><![CDATA[Thursday]]></DAY><DATE>16</DATE><MONTH><![CDATA[August]]></MONTH><YEAR>2018</YEAR><TIME><![CDATA[12:02 PM]]></TIME><TIMEZONE><![CDATA[EDT]]></TIMEZONE><GMTTIME>2018-08-16 16:02:18</GMTTIME></creationdate><lastediteddate><DAY><![CDATA[Thursday]]></DAY><DATE>16</DATE><MONTH><![CDATA[August]]></MONTH><YEAR>2018</YEAR><TIME><![CDATA[12:14 PM]]></TIME><TIMEZONE><![CDATA[EDT]]></TIMEZONE><GMTTIME>2018-08-16 16:14:10</GMTTIME></lastediteddate><publisheddate><DAY><![CDATA[Thursday]]></DAY><DATE>16</DATE><MONTH><![CDATA[August]]></MONTH><YEAR>2018</YEAR><TIME><![CDATA[12:02 PM]]></TIME><TIMEZONE><![CDATA[EDT]]></TIMEZONE><GMTTIME>2018-08-16 16:02:00</GMTTIME></publisheddate><updateddate><DAY><![CDATA[Thursday]]></DAY><DATE>16</DATE><MONTH><![CDATA[August]]></MONTH><YEAR>2018</YEAR><TIME><![CDATA[12:14 PM]]></TIME><TIMEZONE><![CDATA[EDT]]></TIMEZONE><GMTTIME>2018-08-16 16:14:10</GMTTIME></updateddate><sortbydatetype>3</sortbydatetype><datetime><created>2018-08-16T12:02:18.0000000</created><lastedited>2018-08-16T12:14:10.0000000</lastedited><published>2018-08-16T12:02:00.0000000</published><updated>2018-08-16T12:14:10.0000000</updated></datetime><SEO><PAGEURL>nmvp6200-ak-test</PAGEURL><INCLUDEDATE>False</INCLUDEDATE></SEO></STORY><STORY DISPLAYSIZE="-7" DISPLAYORDER="1" ISIMPLICIT="False"><TYPE>S</TYPE><ID>35731946</ID><STATUS>L</STATUS><owner><affiliateno>6</affiliateno><affiliatename>WNOW</affiliatename><baseurl>wnow.ddev1.worldnow.com</baseurl><enablecommentsonshare>True</enablecommentsonshare></owner><SOURCE>C</SOURCE><REF><MACHINENAME>DDEV1DOTNET01</MACHINENAME><BUILDDATETIME><![CDATA[2018-07-31 17:30:56]]></BUILDDATETIME></REF><HEADLINE><![CDATA[news]]></HEADLINE><ABSTRACT><![CDATA[<p>Ngu?i d&acirc;n chen nhau xin ch? sau l? h? n&ecirc;u ? Hu? S&aacute;ng 22/2, sau l? h? c&acirc;y n&ecirc;u ? Hi?n L&acirc;m C&aacute;c (Ho&agrave;ng cung Hu?) b&aacute;o hi?u h?t T?t, nhi?u ngu?i d&acirc;n d&atilde; chen nhau xin ch? c&oacute; ?n d&amp;oacut</p>]]></ABSTRACT><TARGETADSTAG><![CDATA[News]]></TARGETADSTAG><CLS>3</CLS><ABRIDGED><HEADLINE><![CDATA[news]]></HEADLINE><ISCLICKABLE>True</ISCLICKABLE><ABSTRACT><![CDATA[<p>Ngu?i d&acirc;n chen nhau xin ch? sau l? h? n&ecirc;u ? Hu? S&aacute;ng 22/2, sau l? h? c&acirc;y n&ecirc;u ? Hi?n L&acirc;m C&aacute;c (Ho&agrave;ng cung Hu?) b&aacute;o hi?u h?t T?t, nhi?u ngu?i d&acirc;n d&atilde; chen nhau xin ch? c&oacute; ?n d&amp;oacut</p>]]></ABSTRACT><ABSTRACTIMAGE><FILENAME><![CDATA[https://wnow.imagesddev1.worldnow.com/images/14115334_G.jpg]]></FILENAME><WIDTH>50</WIDTH><LOCATION>LEFT</LOCATION><LASTEDITEDDATE>2018-02-23T10:58:24.0000000</LASTEDITEDDATE></ABSTRACTIMAGE></ABRIDGED><ABSTRACTIMAGE><FILENAME><![CDATA[https://wnow.imagesddev1.worldnow.com/images/14115334_G.jpg]]></FILENAME><WIDTH>90</WIDTH><LOCATION>LEFT</LOCATION><LASTEDITEDDATE>2018-02-23T10:58:24.0000000</LASTEDITEDDATE></ABSTRACTIMAGE><options><date><creation><showonstory>True</showonstory></creation><lastedited><showonstory>True</showonstory><showonabstract>True</showonabstract></lastedited><published><showonstory>True</showonstory><showonabstract>True</showonabstract><override><![CDATA[Feb 22, 2018 4:25 PM]]></override></published><updated><showonstory>True</showonstory><showonabstract>True</showonabstract></updated></date><socialtools><comments><display>True</display></comments><ratings><display>False</display></ratings></socialtools></options><creationdate><DAY><![CDATA[Thursday]]></DAY><DATE>22</DATE><MONTH><![CDATA[February]]></MONTH><YEAR>2018</YEAR><TIME><![CDATA[4:25 AM]]></TIME><TIMEZONE><![CDATA[EST]]></TIMEZONE><GMTTIME>2018-02-22 09:25:53</GMTTIME></creationdate><lastediteddate><DAY><![CDATA[Wednesday]]></DAY><DATE>28</DATE><MONTH><![CDATA[February]]></MONTH><YEAR>2018</YEAR><TIME><![CDATA[4:09 AM]]></TIME><TIMEZONE><![CDATA[EST]]></TIMEZONE><GMTTIME>2018-02-28 09:09:01</GMTTIME></lastediteddate><publisheddate><DAY><![CDATA[Thursday]]></DAY><DATE>22</DATE><MONTH><![CDATA[February]]></MONTH><YEAR>2018</YEAR><TIME><![CDATA[4:25 PM]]></TIME><TIMEZONE><![CDATA[EST]]></TIMEZONE><GMTTIME>2018-02-22 21:25:00</GMTTIME></publisheddate><updateddate><DAY><![CDATA[Friday]]></DAY><DATE>23</DATE><MONTH><![CDATA[February]]></MONTH><YEAR>2018</YEAR><TIME><![CDATA[3:31 PM]]></TIME><TIMEZONE><![CDATA[EST]]></TIMEZONE><GMTTIME>2018-02-23 20:31:50</GMTTIME></updateddate><sortbydatetype>3</sortbydatetype><datetime><created>2018-02-22T04:25:53.0000000</created><lastedited>2018-02-28T04:09:01.0000000</lastedited><published>2018-02-22T16:25:00.0000000</published><updated>2018-02-23T15:31:50.0000000</updated></datetime><SEO><PAGEURL>news</PAGEURL><INCLUDEDATE>True</INCLUDEDATE></SEO></STORY><STORY DISPLAYSIZE="-7" DISPLAYORDER="1" ISIMPLICIT="False"><TYPE>S</TYPE><ID>35635563</ID><STATUS>L</STATUS><owner><affiliateno>6</affiliateno><affiliatename>WNOW</affiliatename><baseurl>wnow.ddev1.worldnow.com</baseurl><enablecommentsonshare>True</enablecommentsonshare></owner><SOURCE>N</SOURCE><REF><MACHINENAME>DDEV1DOTNET01</MACHINENAME><BUILDDATETIME><![CDATA[2018-07-31 17:30:57]]></BUILDDATETIME></REF><HEADLINE><![CDATA[test]]></HEADLINE><ABSTRACT><![CDATA[test taste test test test test]]></ABSTRACT><TARGETADSTAG><![CDATA[News]]></TARGETADSTAG><CLS>3</CLS><ABRIDGED><HEADLINE><![CDATA[test]]></HEADLINE><ISCLICKABLE>True</ISCLICKABLE><ABSTRACT><![CDATA[test taste test test test test]]></ABSTRACT></ABRIDGED><options><date><creation><showonstory>True</showonstory></creation><lastedited><showonstory>True</showonstory><showonabstract>True</showonabstract><override><![CDATA[09/27/2017 10:39:00 +07:00]]></override></lastedited><published><showonstory>True</showonstory><showonabstract>True</showonabstract></published><updated><showonstory>True</showonstory><showonabstract>True</showonabstract><override><![CDATA[09/27/2017 10:39:00 +07:00]]></override></updated></date><socialtools><comments><display>True</display></comments></socialtools></options><creationdate><DAY><![CDATA[Sunday]]></DAY><DATE>24</DATE><MONTH><![CDATA[September]]></MONTH><YEAR>2017</YEAR><TIME><![CDATA[11:18 PM]]></TIME><TIMEZONE><![CDATA[EDT]]></TIMEZONE><GMTTIME>2017-09-25 03:18:14</GMTTIME></creationdate><lastediteddate><DAY><![CDATA[Sunday]]></DAY><DATE>24</DATE><MONTH><![CDATA[September]]></MONTH><YEAR>2017</YEAR><TIME><![CDATA[11:39 PM]]></TIME><TIMEZONE><![CDATA[EDT]]></TIMEZONE><GMTTIME>2017-09-25 03:39:48</GMTTIME></lastediteddate><publisheddate><DAY><![CDATA[Sunday]]></DAY><DATE>24</DATE><MONTH><![CDATA[September]]></MONTH><YEAR>2017</YEAR><TIME><![CDATA[11:39 PM]]></TIME><TIMEZONE><![CDATA[EDT]]></TIMEZONE><GMTTIME>2017-09-25 03:39:30</GMTTIME></publisheddate><updateddate><DAY><![CDATA[Tuesday]]></DAY><DATE>26</DATE><MONTH><![CDATA[September]]></MONTH><YEAR>2017</YEAR><TIME><![CDATA[11:39 PM]]></TIME><TIMEZONE><![CDATA[EDT]]></TIMEZONE><GMTTIME>2017-09-27 03:39:00</GMTTIME></updateddate><sortbydatetype>3</sortbydatetype><datetime><created>2017-09-24T23:18:14.0000000</created><lastedited>2017-09-24T23:39:48.0000000</lastedited><published>2017-09-24T23:39:30.0000000</published><updated>2017-09-26T23:39:00.0000000</updated></datetime><SEO><PAGEURL>test</PAGEURL><INCLUDEDATE>True</INCLUDEDATE></SEO><DATELINE><![CDATA[Silver Spring, Maryland]]></DATELINE></STORY><STORY DISPLAYSIZE="-7" DISPLAYORDER="1" ISIMPLICIT="False"><TYPE>S</TYPE><ID>35606909</ID><STATUS>L</STATUS><owner><affiliateno>6</affiliateno><affiliatename>WNOW</affiliatename><baseurl>wnow.ddev1.worldnow.com</baseurl><enablecommentsonshare>True</enablecommentsonshare></owner><SOURCE>N</SOURCE><REF><MACHINENAME>DDEV1DOTNET01</MACHINENAME><BUILDDATETIME><![CDATA[2018-07-31 17:30:57]]></BUILDDATETIME></REF><HEADLINE><![CDATA[Category]]></HEADLINE><ABSTRACT><![CDATA[*News News      *Breaking News]]></ABSTRACT><TARGETADSTAG><![CDATA[News]]></TARGETADSTAG><CLS>3</CLS><ABRIDGED><HEADLINE><![CDATA[Category]]></HEADLINE><ISCLICKABLE>True</ISCLICKABLE><ABSTRACT><![CDATA[*News News      *Breaking News]]></ABSTRACT></ABRIDGED><options><date><creation><showonstory>True</showonstory></creation><lastedited><showonstory>True</showonstory><showonabstract>True</showonabstract></lastedited><published><showonstory>True</showonstory><showonabstract>True</showonabstract><override><![CDATA[07/17/2017 11:37:00 +07:00]]></override></published><updated><showonstory>True</showonstory><showonabstract>True</showonabstract></updated></date><socialtools><comments><display>True</display></comments></socialtools></options><creationdate><DAY><![CDATA[Monday]]></DAY><DATE>17</DATE><MONTH><![CDATA[July]]></MONTH><YEAR>2017</YEAR><TIME><![CDATA[12:35 AM]]></TIME><TIMEZONE><![CDATA[EDT]]></TIMEZONE><GMTTIME>2017-07-17 04:35:27</GMTTIME></creationdate><lastediteddate><DAY><![CDATA[Thursday]]></DAY><DATE>20</DATE><MONTH><![CDATA[July]]></MONTH><YEAR>2017</YEAR><TIME><![CDATA[2:59 AM]]></TIME><TIMEZONE><![CDATA[EDT]]></TIMEZONE><GMTTIME>2017-07-20 06:59:54</GMTTIME></lastediteddate><publisheddate><DAY><![CDATA[Monday]]></DAY><DATE>17</DATE><MONTH><![CDATA[July]]></MONTH><YEAR>2017</YEAR><TIME><![CDATA[12:37 AM]]></TIME><TIMEZONE><![CDATA[EDT]]></TIMEZONE><GMTTIME>2017-07-17 04:37:00</GMTTIME></publisheddate><updateddate><DAY><![CDATA[Thursday]]></DAY><DATE>20</DATE><MONTH><![CDATA[July]]></MONTH><YEAR>2017</YEAR><TIME><![CDATA[2:59 AM]]></TIME><TIMEZONE><![CDATA[EDT]]></TIMEZONE><GMTTIME>2017-07-20 06:59:54</GMTTIME></updateddate><sortbydatetype>1</sortbydatetype><datetime><created>2017-07-17T00:35:27.0000000</created><lastedited>2017-07-20T02:59:54.0000000</lastedited><published>2017-07-17T00:37:00.0000000</published><updated>2017-07-20T02:59:54.0000000</updated></datetime><SEO><PAGEURL>category</PAGEURL><INCLUDEDATE>True</INCLUDEDATE></SEO><BYLINES><BYLINE><PREFIX><![CDATA[Authors]]></PREFIX><FIRSTNAME><![CDATA[aa single quote'test]]></FIRSTNAME><LASTNAME><![CDATA[user]]></LASTNAME><EMAILADDRESS><![CDATA[sbadarneh@aspire-infotech.net]]></EMAILADDRESS></BYLINE></BYLINES><DATELINE><![CDATA[Silver Spring, Maryland]]></DATELINE></STORY><STORY DISPLAYSIZE="-7" DISPLAYORDER="1" ISIMPLICIT="False"><TYPE>S</TYPE><ID>34622893</ID><STATUS>L</STATUS><owner><affiliateno>6</affiliateno><affiliatename>WNOW</affiliatename><baseurl>wnow.ddev1.worldnow.com</baseurl><enablecommentsonshare>True</enablecommentsonshare></owner><SOURCE>C</SOURCE><REF><MACHINENAME>DDEV1DOTNET01</MACHINENAME><BUILDDATETIME><![CDATA[2018-07-31 17:30:57]]></BUILDDATETIME></REF><HEADLINE><![CDATA[Automation Test]]></HEADLINE><ABSTRACT><![CDATA[<p>Automation Test</p>]]></ABSTRACT><TARGETADSTAG><![CDATA[News]]></TARGETADSTAG><CLS>3</CLS><ABRIDGED><HEADLINE><![CDATA[Automation Test]]></HEADLINE><ISCLICKABLE>True</ISCLICKABLE><ABSTRACT><![CDATA[<p>Automation Test</p> ]]></ABSTRACT></ABRIDGED><options><date><creation><showonstory>False</showonstory></creation><lastedited><showonstory>False</showonstory><showonabstract>False</showonabstract></lastedited><published><showonstory>False</showonstory><showonabstract>False</showonabstract></published><updated><showonstory>False</showonstory><showonabstract>False</showonabstract></updated></date><socialtools><comments><display>True</display></comments><ratings><display>False</display></ratings></socialtools></options><creationdate><DAY><![CDATA[Tuesday]]></DAY><DATE>28</DATE><MONTH><![CDATA[February]]></MONTH><YEAR>2017</YEAR><TIME><![CDATA[8:48 AM]]></TIME><TIMEZONE><![CDATA[EST]]></TIMEZONE><GMTTIME>2017-02-28 13:48:35</GMTTIME></creationdate><lastediteddate><DAY><![CDATA[Thursday]]></DAY><DATE>20</DATE><MONTH><![CDATA[July]]></MONTH><YEAR>2017</YEAR><TIME><![CDATA[2:51 AM]]></TIME><TIMEZONE><![CDATA[EDT]]></TIMEZONE><GMTTIME>2017-07-20 06:51:41</GMTTIME></lastediteddate><publisheddate><DAY><![CDATA[Tuesday]]></DAY><DATE>28</DATE><MONTH><![CDATA[February]]></MONTH><YEAR>2017</YEAR><TIME><![CDATA[8:48 AM]]></TIME><TIMEZONE><![CDATA[EST]]></TIMEZONE><GMTTIME>2017-02-28 13:48:35</GMTTIME></publisheddate><updateddate><DAY><![CDATA[Thursday]]></DAY><DATE>16</DATE><MONTH><![CDATA[March]]></MONTH><YEAR>2017</YEAR><TIME><![CDATA[4:14 AM]]></TIME><TIMEZONE><![CDATA[EDT]]></TIMEZONE><GMTTIME>2017-03-16 08:14:20</GMTTIME></updateddate><sortbydatetype>1</sortbydatetype><datetime><created>2017-02-28T08:48:35.0000000</created><lastedited>2017-07-20T02:51:41.0000000</lastedited><published>2017-02-28T08:48:35.0000000</published><updated>2017-03-16T04:14:20.0000000</updated></datetime><SEO><KEYWORDS><![CDATA[Other TestTest]]></KEYWORDS><PAGEURL>automation-test</PAGEURL><INCLUDEDATE>False</INCLUDEDATE></SEO></STORY><STORY DISPLAYSIZE="-7" DISPLAYORDER="1" ISIMPLICIT="False"><TYPE>S</TYPE><ID>34621959</ID><STATUS>L</STATUS><owner><affiliateno>6</affiliateno><affiliatename>WNOW</affiliatename><baseurl>wnow.ddev1.worldnow.com</baseurl><enablecommentsonshare>True</enablecommentsonshare></owner><SOURCE>N</SOURCE><REF><MACHINENAME>DDEV1DOTNET01</MACHINENAME><BUILDDATETIME><![CDATA[2018-07-31 17:30:57]]></BUILDDATETIME></REF><HEADLINE><![CDATA[Automation Test]]></HEADLINE><ABSTRACT><![CDATA[Automation Test]]></ABSTRACT><TARGETADSTAG><![CDATA[News]]></TARGETADSTAG><CLS>3</CLS><ABRIDGED><HEADLINE><![CDATA[Automation Test]]></HEADLINE><ISCLICKABLE>True</ISCLICKABLE><ABSTRACT><![CDATA[Automation Test]]></ABSTRACT></ABRIDGED><options><socialtools><comments><display>True</display></comments></socialtools></options><creationdate><DAY><![CDATA[Tuesday]]></DAY><DATE>28</DATE><MONTH><![CDATA[February]]></MONTH><YEAR>2017</YEAR><TIME><![CDATA[7:37 AM]]></TIME><TIMEZONE><![CDATA[EST]]></TIMEZONE><GMTTIME>2017-02-28 12:37:54</GMTTIME></creationdate><lastediteddate><DAY><![CDATA[Thursday]]></DAY><DATE>20</DATE><MONTH><![CDATA[July]]></MONTH><YEAR>2017</YEAR><TIME><![CDATA[2:51 AM]]></TIME><TIMEZONE><![CDATA[EDT]]></TIMEZONE><GMTTIME>2017-07-20 06:51:35</GMTTIME></lastediteddate><publisheddate><DAY><![CDATA[Tuesday]]></DAY><DATE>28</DATE><MONTH><![CDATA[February]]></MONTH><YEAR>2017</YEAR><TIME><![CDATA[7:37 AM]]></TIME><TIMEZONE><![CDATA[EST]]></TIMEZONE><GMTTIME>2017-02-28 12:37:54</GMTTIME></publisheddate><updateddate><DAY><![CDATA[Thursday]]></DAY><DATE>20</DATE><MONTH><![CDATA[July]]></MONTH><YEAR>2017</YEAR><TIME><![CDATA[2:51 AM]]></TIME><TIMEZONE><![CDATA[EDT]]></TIMEZONE><GMTTIME>2017-07-20 06:51:35</GMTTIME></updateddate><sortbydatetype>1</sortbydatetype><datetime><created>2017-02-28T07:37:54.0000000</created><lastedited>2017-07-20T02:51:35.0000000</lastedited><published>2017-02-28T07:37:54.0000000</published><updated>2017-07-20T02:51:35.0000000</updated></datetime><SEO><KEYWORDS><![CDATA[Other TestTest]]></KEYWORDS><PAGEURL>automation-test</PAGEURL><INCLUDEDATE>False</INCLUDEDATE></SEO></STORY><STORY DISPLAYSIZE="-7" DISPLAYORDER="1" ISIMPLICIT="False"><TYPE>S</TYPE><ID>34606863</ID><STATUS>L</STATUS><owner><affiliateno>6</affiliateno><affiliatename>WNOW</affiliatename><baseurl>wnow.ddev1.worldnow.com</baseurl><enablecommentsonshare>True</enablecommentsonshare></owner><SOURCE>N</SOURCE><REF><MACHINENAME>DDEV1DOTNET01</MACHINENAME><BUILDDATETIME><![CDATA[2018-07-31 17:30:57]]></BUILDDATETIME></REF><HEADLINE><![CDATA[Automation Test]]></HEADLINE><ABSTRACT><![CDATA[Automation Test]]></ABSTRACT><TARGETADSTAG><![CDATA[News]]></TARGETADSTAG><CLS>3</CLS><ABRIDGED><HEADLINE><![CDATA[Automation Test]]></HEADLINE><ISCLICKABLE>True</ISCLICKABLE><ABSTRACT><![CDATA[Automation Test]]></ABSTRACT></ABRIDGED><options><socialtools><comments><display>True</display></comments></socialtools></options><creationdate><DAY><![CDATA[Sunday]]></DAY><DATE>26</DATE><MONTH><![CDATA[February]]></MONTH><YEAR>2017</YEAR><TIME><![CDATA[5:14 AM]]></TIME><TIMEZONE><![CDATA[EST]]></TIMEZONE><GMTTIME>2017-02-26 10:14:23</GMTTIME></creationdate><lastediteddate><DAY><![CDATA[Thursday]]></DAY><DATE>20</DATE><MONTH><![CDATA[July]]></MONTH><YEAR>2017</YEAR><TIME><![CDATA[2:51 AM]]></TIME><TIMEZONE><![CDATA[EDT]]></TIMEZONE><GMTTIME>2017-07-20 06:51:17</GMTTIME></lastediteddate><publisheddate><DAY><![CDATA[Sunday]]></DAY><DATE>26</DATE><MONTH><![CDATA[February]]></MONTH><YEAR>2017</YEAR><TIME><![CDATA[5:14 AM]]></TIME><TIMEZONE><![CDATA[EST]]></TIMEZONE><GMTTIME>2017-02-26 10:14:23</GMTTIME></publisheddate><updateddate><DAY><![CDATA[Thursday]]></DAY><DATE>20</DATE><MONTH><![CDATA[July]]></MONTH><YEAR>2017</YEAR><TIME><![CDATA[2:51 AM]]></TIME><TIMEZONE><![CDATA[EDT]]></TIMEZONE><GMTTIME>2017-07-20 06:51:17</GMTTIME></updateddate><sortbydatetype>1</sortbydatetype><datetime><created>2017-02-26T05:14:23.0000000</created><lastedited>2017-07-20T02:51:17.0000000</lastedited><published>2017-02-26T05:14:23.0000000</published><updated>2017-07-20T02:51:17.0000000</updated></datetime><SEO><KEYWORDS><![CDATA[Other TestTest]]></KEYWORDS><PAGEURL>automation-test</PAGEURL><INCLUDEDATE>False</INCLUDEDATE></SEO></STORY><STORY DISPLAYSIZE="-7" DISPLAYORDER="1" ISIMPLICIT="False"><TYPE>S</TYPE><ID>34606857</ID><STATUS>L</STATUS><owner><affiliateno>6</affiliateno><affiliatename>WNOW</affiliatename><baseurl>wnow.ddev1.worldnow.com</baseurl><enablecommentsonshare>True</enablecommentsonshare></owner><SOURCE>N</SOURCE><REF><MACHINENAME>DDEV1DOTNET01</MACHINENAME><BUILDDATETIME><![CDATA[2018-07-31 17:30:57]]></BUILDDATETIME></REF><HEADLINE><![CDATA[Automation Test]]></HEADLINE><ABSTRACT><![CDATA[Automation Test]]></ABSTRACT><TARGETADSTAG><![CDATA[News]]></TARGETADSTAG><CLS>3</CLS><ABRIDGED><HEADLINE><![CDATA[Automation Test]]></HEADLINE><ISCLICKABLE>True</ISCLICKABLE><ABSTRACT><![CDATA[Automation Test]]></ABSTRACT></ABRIDGED><options><socialtools><comments><display>True</display></comments></socialtools></options><creationdate><DAY><![CDATA[Sunday]]></DAY><DATE>26</DATE><MONTH><![CDATA[February]]></MONTH><YEAR>2017</YEAR><TIME><![CDATA[5:12 AM]]></TIME><TIMEZONE><![CDATA[EST]]></TIMEZONE><GMTTIME>2017-02-26 10:12:53</GMTTIME></creationdate><lastediteddate><DAY><![CDATA[Thursday]]></DAY><DATE>20</DATE><MONTH><![CDATA[July]]></MONTH><YEAR>2017</YEAR><TIME><![CDATA[2:51 AM]]></TIME><TIMEZONE><![CDATA[EDT]]></TIMEZONE><GMTTIME>2017-07-20 06:51:17</GMTTIME></lastediteddate><publisheddate><DAY><![CDATA[Sunday]]></DAY><DATE>26</DATE><MONTH><![CDATA[February]]></MONTH><YEAR>2017</YEAR><TIME><![CDATA[5:12 AM]]></TIME><TIMEZONE><![CDATA[EST]]></TIMEZONE><GMTTIME>2017-02-26 10:12:53</GMTTIME></publisheddate><updateddate><DAY><![CDATA[Thursday]]></DAY><DATE>20</DATE><MONTH><![CDATA[July]]></MONTH><YEAR>2017</YEAR><TIME><![CDATA[2:51 AM]]></TIME><TIMEZONE><![CDATA[EDT]]></TIMEZONE><GMTTIME>2017-07-20 06:51:17</GMTTIME></updateddate><sortbydatetype>1</sortbydatetype><datetime><created>2017-02-26T05:12:53.0000000</created><lastedited>2017-07-20T02:51:17.0000000</lastedited><published>2017-02-26T05:12:53.0000000</published><updated>2017-07-20T02:51:17.0000000</updated></datetime><SEO><KEYWORDS><![CDATA[Other TestTest]]></KEYWORDS><PAGEURL>automation-test</PAGEURL><INCLUDEDATE>False</INCLUDEDATE></SEO></STORY><STORY DISPLAYSIZE="-7" DISPLAYORDER="1" ISIMPLICIT="False"><TYPE>S</TYPE><ID>33853804</ID><STATUS>L</STATUS><owner><affiliateno>6</affiliateno><affiliatename>WNOW</affiliatename><baseurl>wnow.ddev1.worldnow.com</baseurl><enablecommentsonshare>True</enablecommentsonshare></owner><SOURCE>N</SOURCE><REF><MACHINENAME>DDEV1DOTNET01</MACHINENAME><BUILDDATETIME><![CDATA[2018-07-31 17:30:57]]></BUILDDATETIME></REF><HEADLINE><![CDATA[Testing headline with AA user]]></HEADLINE><ABSTRACT><![CDATA[Summary]]></ABSTRACT><TARGETADSTAG><![CDATA[News]]></TARGETADSTAG><CLS>3</CLS><ABRIDGED><HEADLINE><![CDATA[Testing headline with AA user]]></HEADLINE><ISCLICKABLE>True</ISCLICKABLE><ABSTRACT><![CDATA[ body text&nbsp;body text&nbsp;body text&nbsp;body text&nbsp;body text&nbsp;body text&nbsp;body text&nbsp;body text&nbsp;body text&nbsp;body text&nbsp;body text&nbsp;body text&nbsp;body text&nbsp;body]]></ABSTRACT></ABRIDGED><ABSTRACTIMAGE><FILENAME><![CDATA[https://wnow.imagesddev1.worldnow.com/images/12581062_G.jpg]]></FILENAME><WIDTH>90</WIDTH><LOCATION>LEFT</LOCATION><CAPTION><![CDATA[For more than a month jurors listened to testimony in the Oregon Standoff trial. Caption]]></CAPTION></ABSTRACTIMAGE><options><date><creation><showonstory>True</showonstory></creation><lastedited><showonstory>True</showonstory><showonabstract>True</showonabstract></lastedited><published><showonstory>True</showonstory><showonabstract>True</showonabstract></published><updated><showonstory>True</showonstory><showonabstract>True</showonabstract></updated></date><socialtools><comments><display>True</display></comments></socialtools></options><creationdate><DAY><![CDATA[Friday]]></DAY><DATE>2</DATE><MONTH><![CDATA[December]]></MONTH><YEAR>2016</YEAR><TIME><![CDATA[11:49 AM]]></TIME><TIMEZONE><![CDATA[EST]]></TIMEZONE><GMTTIME>2016-12-02 16:49:10</GMTTIME></creationdate><lastediteddate><DAY><![CDATA[Thursday]]></DAY><DATE>20</DATE><MONTH><![CDATA[July]]></MONTH><YEAR>2017</YEAR><TIME><![CDATA[2:49 AM]]></TIME><TIMEZONE><![CDATA[EDT]]></TIMEZONE><GMTTIME>2017-07-20 06:49:15</GMTTIME></lastediteddate><publisheddate><DAY><![CDATA[Friday]]></DAY><DATE>2</DATE><MONTH><![CDATA[December]]></MONTH><YEAR>2016</YEAR><TIME><![CDATA[11:49 AM]]></TIME><TIMEZONE><![CDATA[EST]]></TIMEZONE><GMTTIME>2016-12-02 16:49:10</GMTTIME></publisheddate><updateddate><DAY><![CDATA[Friday]]></DAY><DATE>2</DATE><MONTH><![CDATA[December]]></MONTH><YEAR>2016</YEAR><TIME><![CDATA[11:49 AM]]></TIME><TIMEZONE><![CDATA[EST]]></TIMEZONE><GMTTIME>2016-12-02 16:49:10</GMTTIME></updateddate><sortbydatetype>1</sortbydatetype><datetime><created>2016-12-02T11:49:10.0000000</created><lastedited>2017-07-20T02:49:15.0000000</lastedited><published>2016-12-02T11:49:10.0000000</published><updated>2016-12-02T11:49:10.0000000</updated></datetime><SEO><PAGEURL>testing-headline-with-aa-user</PAGEURL><INCLUDEDATE>False</INCLUDEDATE></SEO></STORY></FEATURES><TOTALRESULTS>11</TOTALRESULTS></NESTED></CATEGORY><CATEGORY DISPLAYSIZE="80" DISPLAYORDER="1" ISIMPLICIT="True"><TYPE>C</TYPE><ID>170537</ID><STATUS>L</STATUS><owner><affiliateno>6</affiliateno><affiliatename>WNOW</affiliatename><baseurl>wnow.ddev1.worldnow.com</baseurl><affiliatetype>4</affiliatetype><enablecommentsonshare>True</enablecommentsonshare></owner><REF><MACHINENAME>DDEV1DOTNET01</MACHINENAME><BUILDDATETIME><![CDATA[2018-09-18 10:42:19]]></BUILDDATETIME></REF><ISCONTROLLEDCATEGORY>False</ISCONTROLLEDCATEGORY><HOMECATEGORY>FALSE</HOMECATEGORY><HEADLINE><![CDATA[*Breaking News]]></HEADLINE><ABSTRACT><![CDATA[<p>Breaking News with BA Barrakas...</p><ul>	<li>We Pity the Fools.</li>	<li><a href="http://techrunch.com" target="_blank">asdaldkad;lasksdkas</a> &gt;</li></ul><p><span style="font-size:12px"><span style="font-family:arial,helvetica,sans-serif"><span style="background-color:#800000">&bull; </span><em><strong><span style="background-color:#800000">lkajssdkldjaslsdjlkasjsddklajsdlkjasdlkjassdjkllkjaslksdjkaslkdjaslksjd&nbsp;</span></strong></em></span></span></p><p>??</p>]]></ABSTRACT><ABSTRACTIMAGE><FILENAME><![CDATA[https://wnow.imagesddev1.worldnow.com/images/14124551_G.jpeg]]></FILENAME><WIDTH>90</WIDTH><LOCATION>LEFT</LOCATION></ABSTRACTIMAGE><TARGETADSTAG><![CDATA[News]]></TARGETADSTAG><CLS>3</CLS><LASTEDITEDDATE><DAY><![CDATA[Wednesday]]></DAY><DATE>11</DATE><MONTH><![CDATA[July]]></MONTH><YEAR>2018</YEAR><TIME><![CDATA[5:21 PM]]></TIME><TIMEZONE><![CDATA[EDT]]></TIMEZONE><GMTTIME>2018-07-11 21:21:01</GMTTIME></LASTEDITEDDATE><creationdate><DAY><![CDATA[Thursday]]></DAY><DATE>2</DATE><MONTH><![CDATA[July]]></MONTH><YEAR>2009</YEAR><TIME><![CDATA[9:31 AM]]></TIME><TIMEZONE><![CDATA[EDT]]></TIMEZONE><GMTTIME>2009-07-02 13:31:01</GMTTIME></creationdate><datetime><created>2009-07-02T09:31:01.0000000</created><lastedited>2018-07-11T17:21:01.0000000</lastedited></datetime><ABRIDGED><HEADLINE><![CDATA[*Breaking News]]></HEADLINE><ISCLICKABLE>True</ISCLICKABLE><ABSTRACTIMAGE><FILENAME><![CDATA[https://wnow.imagesddev1.worldnow.com/images/14124551_G.jpeg]]></FILENAME><WIDTH>30</WIDTH><LOCATION>LEFT</LOCATION></ABSTRACTIMAGE></ABRIDGED><SEO><BROWSERTITLE><![CDATA[Breaking News]]></BROWSERTITLE><PAGEURL>breaking-news</PAGEURL></SEO><NESTED><FEATURES><STORY DISPLAYSIZE="-10" DISPLAYORDER="1" ISIMPLICIT="False"><TYPE>S</TYPE><ID>35746926</ID><STATUS>L</STATUS><owner><affiliateno>6</affiliateno><affiliatename>WNOW</affiliatename><baseurl>wnow.ddev1.worldnow.com</baseurl><enablecommentsonshare>True</enablecommentsonshare></owner><SOURCE>N</SOURCE><REF><MACHINENAME>NKRANESPC02</MACHINENAME><BUILDDATETIME><![CDATA[2018-08-13 09:29:07]]></BUILDDATETIME></REF><HEADLINE><![CDATA[Testing New Assignment]]></HEADLINE><ABSTRACT><![CDATA[Testing New Assignment]]></ABSTRACT><TARGETADSTAG><![CDATA[News]]></TARGETADSTAG><CLS>3</CLS><ABRIDGED><HEADLINE><![CDATA[Testing New Assignment]]></HEADLINE><ISCLICKABLE>True</ISCLICKABLE><ABSTRACT><![CDATA[Testing New Assignment]]></ABSTRACT></ABRIDGED><options><date><creation><showonstory>True</showonstory></creation><lastedited><showonstory>True</showonstory><showonabstract>True</showonabstract></lastedited><published><showonstory>True</showonstory><showonabstract>True</showonabstract><override><![CDATA[Aug 13, 2018 3:29 PM +07:00]]></override></published><updated><showonstory>True</showonstory><showonabstract>True</showonabstract></updated></date><socialtools><comments><display>True</display></comments></socialtools></options><creationdate><DAY><![CDATA[Monday]]></DAY><DATE>13</DATE><MONTH><![CDATA[August]]></MONTH><YEAR>2018</YEAR><TIME><![CDATA[4:29 AM]]></TIME><TIMEZONE><![CDATA[EST]]></TIMEZONE><GMTTIME>2018-08-13 08:29:51</GMTTIME></creationdate><lastediteddate><DAY><![CDATA[Monday]]></DAY><DATE>13</DATE><MONTH><![CDATA[August]]></MONTH><YEAR>2018</YEAR><TIME><![CDATA[9:29 AM]]></TIME><TIMEZONE><![CDATA[EST]]></TIMEZONE><GMTTIME>2018-08-13 13:29:00</GMTTIME></lastediteddate><publisheddate><DAY><![CDATA[Monday]]></DAY><DATE>13</DATE><MONTH><![CDATA[August]]></MONTH><YEAR>2018</YEAR><TIME><![CDATA[4:29 AM]]></TIME><TIMEZONE><![CDATA[EST]]></TIMEZONE><GMTTIME>2018-08-13 08:29:00</GMTTIME></publisheddate><updateddate><DAY><![CDATA[Monday]]></DAY><DATE>13</DATE><MONTH><![CDATA[August]]></MONTH><YEAR>2018</YEAR><TIME><![CDATA[4:30 AM]]></TIME><TIMEZONE><![CDATA[EST]]></TIMEZONE><GMTTIME>2018-08-13 08:30:25</GMTTIME></updateddate><sortbydatetype>3</sortbydatetype><datetime><created>2018-08-13T04:29:51.0000000</created><lastedited>2018-08-13T09:29:00.0000000</lastedited><published>2018-08-13T04:29:00.0000000</published><updated>2018-08-13T04:30:25.0000000</updated></datetime><SEO><PAGEURL>testing-new-assignment</PAGEURL><INCLUDEDATE>False</INCLUDEDATE></SEO></STORY><CATEGORY DISPLAYSIZE="-7" DISPLAYORDER="1" ISIMPLICIT="False"><TYPE>C</TYPE><ID>334620</ID><STATUS>L</STATUS><owner><affiliateno>6</affiliateno><affiliatename>WNOW</affiliatename><baseurl>wnow.ddev1.worldnow.com</baseurl><affiliatetype>4</affiliatetype><enablecommentsonshare>True</enablecommentsonshare></owner><REF><MACHINENAME>DDEV1DOTNET02</MACHINENAME><BUILDDATETIME><![CDATA[2018-09-18 10:41:44]]></BUILDDATETIME></REF><ISCONTROLLEDCATEGORY>False</ISCONTROLLEDCATEGORY><HOMECATEGORY>FALSE</HOMECATEGORY><HEADLINE><![CDATA[Test]]></HEADLINE><ABSTRACT><![CDATA[]]></ABSTRACT><TARGETADSTAG><![CDATA[Agriculture]]></TARGETADSTAG><CLS>98</CLS><LASTEDITEDDATE><DAY><![CDATA[Tuesday]]></DAY><DATE>18</DATE><MONTH><![CDATA[September]]></MONTH><YEAR>2018</YEAR><TIME><![CDATA[10:41 AM]]></TIME><TIMEZONE><![CDATA[EDT]]></TIMEZONE><GMTTIME>2018-09-18 14:41:43</GMTTIME></LASTEDITEDDATE><creationdate><DAY><![CDATA[Tuesday]]></DAY><DATE>18</DATE><MONTH><![CDATA[September]]></MONTH><YEAR>2018</YEAR><TIME><![CDATA[10:40 AM]]></TIME><TIMEZONE><![CDATA[EDT]]></TIMEZONE><GMTTIME>2018-09-18 14:40:28</GMTTIME></creationdate><datetime><created>2018-09-18T10:40:28.0000000</created><lastedited>2018-09-18T10:41:43.0000000</lastedited></datetime><ABRIDGED><HEADLINE><![CDATA[Test]]></HEADLINE><ISCLICKABLE>True</ISCLICKABLE></ABRIDGED><SEO><PAGEURL>test</PAGEURL></SEO></CATEGORY><STORY DISPLAYSIZE="-7" DISPLAYORDER="1" ISIMPLICIT="False"><TYPE>S</TYPE><ID>35747807</ID><STATUS>L</STATUS><owner><affiliateno>6</affiliateno><affiliatename>WNOW</affiliatename><baseurl>wnow.ddev1.worldnow.com</baseurl><affiliatetype>4</affiliatetype><enablecommentsonshare>True</enablecommentsonshare></owner><SOURCE>N</SOURCE><REF><MACHINENAME>DDEV1DOTNET02</MACHINENAME><BUILDDATETIME><![CDATA[2018-09-06 04:23:34]]></BUILDDATETIME></REF><HEADLINE><![CDATA[Testing new Story MVP6409 on CG 69]]></HEADLINE><ABSTRACT><![CDATA[Testing new Story MVP6409 on CG 69]]></ABSTRACT><TARGETADSTAG><![CDATA[News]]></TARGETADSTAG><CLS>3</CLS><ABRIDGED><HEADLINE><![CDATA[Testing new Story MVP6409 on CG 69]]></HEADLINE><ISCLICKABLE>True</ISCLICKABLE><ABSTRACT><![CDATA[Testing new Story NMVP-6409 on GC 69]]></ABSTRACT><ABSTRACTIMAGE><FILENAME><![CDATA[https://wnow.imagesddev1.worldnow.com/images/14125217_G.jpeg]]></FILENAME><WIDTH>50</WIDTH><LASTEDITEDDATE>2018-09-06T02:34:39.0000000</LASTEDITEDDATE></ABSTRACTIMAGE></ABRIDGED><ABSTRACTIMAGE><FILENAME><![CDATA[https://wnow.imagesddev1.worldnow.com/images/14125217_G.jpeg]]></FILENAME><WIDTH>90</WIDTH><LOCATION>LEFT</LOCATION><LASTEDITEDDATE>2018-09-06T02:34:39.0000000</LASTEDITEDDATE></ABSTRACTIMAGE><options><date><creation><showonstory>True</showonstory></creation><lastedited><showonstory>True</showonstory><showonabstract>True</showonabstract></lastedited><published><showonstory>True</showonstory><showonabstract>True</showonabstract></published><updated><showonstory>True</showonstory><showonabstract>True</showonabstract></updated></date><socialtools><comments><display>True</display></comments></socialtools></options><creationdate><DAY><![CDATA[Thursday]]></DAY><DATE>6</DATE><MONTH><![CDATA[September]]></MONTH><YEAR>2018</YEAR><TIME><![CDATA[4:19 AM]]></TIME><TIMEZONE><![CDATA[EDT]]></TIMEZONE><GMTTIME>2018-09-06 08:19:10</GMTTIME></creationdate><lastediteddate><DAY><![CDATA[Thursday]]></DAY><DATE>6</DATE><MONTH><![CDATA[September]]></MONTH><YEAR>2018</YEAR><TIME><![CDATA[4:23 AM]]></TIME><TIMEZONE><![CDATA[EDT]]></TIMEZONE><GMTTIME>2018-09-06 08:23:34</GMTTIME></lastediteddate><publisheddate><DAY><![CDATA[Thursday]]></DAY><DATE>6</DATE><MONTH><![CDATA[September]]></MONTH><YEAR>2018</YEAR><TIME><![CDATA[4:23 AM]]></TIME><TIMEZONE><![CDATA[EDT]]></TIMEZONE><GMTTIME>2018-09-06 08:23:34</GMTTIME></publisheddate><updateddate><DAY><![CDATA[Thursday]]></DAY><DATE>6</DATE><MONTH><![CDATA[September]]></MONTH><YEAR>2018</YEAR><TIME><![CDATA[4:23 AM]]></TIME><TIMEZONE><![CDATA[EDT]]></TIMEZONE><GMTTIME>2018-09-06 08:23:34</GMTTIME></updateddate><sortbydatetype>3</sortbydatetype><datetime><created>2018-09-06T04:19:10.0000000</created><lastedited>2018-09-06T04:23:34.0000000</lastedited><published>2018-09-06T04:23:34.0000000</published><updated>2018-09-06T04:23:34.0000000</updated></datetime><surfaceable><feature><type>Clip</type><id>3450</id><status>L</status><displaysize>37</displaysize><displayorder>1</displayorder><sortbydate>2018-09-05T07:24:18.880Z</sortbydate></feature></surfaceable><SEO><DESCRIPTION><![CDATA[Testing new Story MVP6409 on CG 69]]></DESCRIPTION><PAGEURL>testing-new-story-mvp6409-on-cg-69</PAGEURL><INCLUDEDATE>True</INCLUDEDATE></SEO></STORY><STORY DISPLAYSIZE="-7" DISPLAYORDER="1" ISIMPLICIT="False"><TYPE>S</TYPE><ID>35747804</ID><STATUS>L</STATUS><owner><affiliateno>6</affiliateno><affiliatename>WNOW</affiliatename><baseurl>wnow.ddev1.worldnow.com</baseurl><affiliatetype>4</affiliatetype><enablecommentsonshare>True</enablecommentsonshare></owner><SOURCE>N</SOURCE><REF><MACHINENAME>DDEV1DOTNET01</MACHINENAME><BUILDDATETIME><![CDATA[2018-09-06 03:45:09]]></BUILDDATETIME></REF><HEADLINE><![CDATA[Testing MVP6409 ON FF 61]]></HEADLINE><ABSTRACT><![CDATA[Testing MVP6409 ON FF 61]]></ABSTRACT><TARGETADSTAG><![CDATA[News]]></TARGETADSTAG><CLS>3</CLS><ABRIDGED><HEADLINE><![CDATA[Testing MVP6409 ON FF 61]]></HEADLINE><ISCLICKABLE>True</ISCLICKABLE><ABSTRACT><![CDATA[Testing NMVP-6409 ON FF 61]]></ABSTRACT><ABSTRACTIMAGE><FILENAME><![CDATA[https://wnow.imagesddev1.worldnow.com/images/14125217_G.jpeg]]></FILENAME><WIDTH>50</WIDTH><LASTEDITEDDATE>2018-09-06T02:34:39.0000000</LASTEDITEDDATE></ABSTRACTIMAGE></ABRIDGED><ABSTRACTIMAGE><FILENAME><![CDATA[https://wnow.imagesddev1.worldnow.com/images/14125217_G.jpeg]]></FILENAME><WIDTH>90</WIDTH><LOCATION>LEFT</LOCATION><LASTEDITEDDATE>2018-09-06T02:34:39.0000000</LASTEDITEDDATE></ABSTRACTIMAGE><options><date><creation><showonstory>True</showonstory></creation><lastedited><showonstory>True</showonstory><showonabstract>True</showonabstract></lastedited><published><showonstory>True</showonstory><showonabstract>True</showonabstract></published><updated><showonstory>True</showonstory><showonabstract>True</showonabstract></updated></date><socialtools><comments><display>True</display></comments></socialtools></options><creationdate><DAY><![CDATA[Thursday]]></DAY><DATE>6</DATE><MONTH><![CDATA[September]]></MONTH><YEAR>2018</YEAR><TIME><![CDATA[3:42 AM]]></TIME><TIMEZONE><![CDATA[EDT]]></TIMEZONE><GMTTIME>2018-09-06 07:42:56</GMTTIME></creationdate><lastediteddate><DAY><![CDATA[Thursday]]></DAY><DATE>6</DATE><MONTH><![CDATA[September]]></MONTH><YEAR>2018</YEAR><TIME><![CDATA[3:45 AM]]></TIME><TIMEZONE><![CDATA[EDT]]></TIMEZONE><GMTTIME>2018-09-06 07:45:09</GMTTIME></lastediteddate><publisheddate><DAY><![CDATA[Thursday]]></DAY><DATE>6</DATE><MONTH><![CDATA[September]]></MONTH><YEAR>2018</YEAR><TIME><![CDATA[3:45 AM]]></TIME><TIMEZONE><![CDATA[EDT]]></TIMEZONE><GMTTIME>2018-09-06 07:45:09</GMTTIME></publisheddate><updateddate><DAY><![CDATA[Thursday]]></DAY><DATE>6</DATE><MONTH><![CDATA[September]]></MONTH><YEAR>2018</YEAR><TIME><![CDATA[3:45 AM]]></TIME><TIMEZONE><![CDATA[EDT]]></TIMEZONE><GMTTIME>2018-09-06 07:45:09</GMTTIME></updateddate><sortbydatetype>3</sortbydatetype><datetime><created>2018-09-06T03:42:56.0000000</created><lastedited>2018-09-06T03:45:09.0000000</lastedited><published>2018-09-06T03:45:09.0000000</published><updated>2018-09-06T03:45:09.0000000</updated></datetime><SEO><DESCRIPTION><![CDATA[Testing MVP6409 ON FF 61]]></DESCRIPTION><PAGEURL>testing-mvp6409-on-ff-61</PAGEURL><INCLUDEDATE>True</INCLUDEDATE></SEO></STORY><STORY DISPLAYSIZE="-7" DISPLAYORDER="1" ISIMPLICIT="False"><TYPE>S</TYPE><ID>35747802</ID><STATUS>L</STATUS><owner><affiliateno>6</affiliateno><affiliatename>WNOW</affiliatename><baseurl>wnow.ddev1.worldnow.com</baseurl><affiliatetype>4</affiliatetype><enablecommentsonshare>True</enablecommentsonshare></owner><SOURCE>N</SOURCE><REF><MACHINENAME>DDEV1DOTNET02</MACHINENAME><BUILDDATETIME><![CDATA[2018-09-06 00:30:45]]></BUILDDATETIME></REF><HEADLINE><![CDATA[Testing on EDGE 42]]></HEADLINE><ABSTRACT><![CDATA[Testing on EDGE 42]]></ABSTRACT><TARGETADSTAG><![CDATA[News]]></TARGETADSTAG><CLS>3</CLS><ABRIDGED><HEADLINE><![CDATA[Testing on EDGE 42]]></HEADLINE><ISCLICKABLE>True</ISCLICKABLE><ABSTRACT><![CDATA[Testing on EDGE 42]]></ABSTRACT></ABRIDGED><options><date><creation><showonstory>True</showonstory></creation><lastedited><showonstory>True</showonstory><showonabstract>True</showonabstract></lastedited><published><showonstory>True</showonstory><showonabstract>True</showonabstract></published><updated><showonstory>True</showonstory><showonabstract>True</showonabstract></updated></date><socialtools><comments><display>True</display></comments></socialtools></options><creationdate><DAY><![CDATA[Thursday]]></DAY><DATE>6</DATE><MONTH><![CDATA[September]]></MONTH><YEAR>2018</YEAR><TIME><![CDATA[12:13 AM]]></TIME><TIMEZONE><![CDATA[EDT]]></TIMEZONE><GMTTIME>2018-09-06 04:13:39</GMTTIME></creationdate><lastediteddate><DAY><![CDATA[Thursday]]></DAY><DATE>6</DATE><MONTH><![CDATA[September]]></MONTH><YEAR>2018</YEAR><TIME><![CDATA[12:30 AM]]></TIME><TIMEZONE><![CDATA[EDT]]></TIMEZONE><GMTTIME>2018-09-06 04:30:45</GMTTIME></lastediteddate><publisheddate><DAY><![CDATA[Thursday]]></DAY><DATE>6</DATE><MONTH><![CDATA[September]]></MONTH><YEAR>2018</YEAR><TIME><![CDATA[12:30 AM]]></TIME><TIMEZONE><![CDATA[EDT]]></TIMEZONE><GMTTIME>2018-09-06 04:30:45</GMTTIME></publisheddate><updateddate><DAY><![CDATA[Thursday]]></DAY><DATE>6</DATE><MONTH><![CDATA[September]]></MONTH><YEAR>2018</YEAR><TIME><![CDATA[12:30 AM]]></TIME><TIMEZONE><![CDATA[EDT]]></TIMEZONE><GMTTIME>2018-09-06 04:30:45</GMTTIME></updateddate><sortbydatetype>3</sortbydatetype><datetime><created>2018-09-06T00:13:39.0000000</created><lastedited>2018-09-06T00:30:45.0000000</lastedited><published>2018-09-06T00:30:45.0000000</published><updated>2018-09-06T00:30:45.0000000</updated></datetime><SEO><DESCRIPTION><![CDATA[Testing on EDGE 42]]></DESCRIPTION><PAGEURL>testing-on-edge-42</PAGEURL><INCLUDEDATE>True</INCLUDEDATE></SEO><BYLINES><BYLINE><PREFIX><![CDATA[by]]></PREFIX><FIRSTNAME><![CDATA[TL]]></FIRSTNAME><LASTNAME><![CDATA[AA]]></LASTNAME><EMAILADDRESS><![CDATA[abc@gmail.com]]></EMAILADDRESS></BYLINE></BYLINES></STORY><CLIP DISPLAYSIZE="-7" DISPLAYORDER="1" ISIMPLICIT="False"><TYPE>V</TYPE><ID>3426</ID><STATUS>L</STATUS><URI><![CDATA[https://vods3-dev.franklyinc.com/wnow/wnow_6_1_20180703_4855_5119_3426_1.mp4]]></URI><SHOWCC>1</SHOWCC><DURATION>213501</DURATION><owner><affiliateno>6</affiliateno><affiliatename>WNOW</affiliatename><baseurl>WNOW.ddev1.worldnow.com</baseurl><enablecommentsonshare>True</enablecommentsonshare></owner><REF><MACHINENAME>DDEV1DOTNET02</MACHINENAME><BUILDDATETIME><![CDATA[2018-08-22 23:43:38]]></BUILDDATETIME></REF><SOURCE>N</SOURCE><STARTMSEC>0</STARTMSEC><ENDMSEC>213501</ENDMSEC><HEADLINE><![CDATA[Clip from channel]]></HEADLINE><TARGETADSTAG><![CDATA[News]]></TARGETADSTAG><ISAD><![CDATA[False]]></ISAD><media:group xmlns:media="http://search.yahoo.com/mrss/"><media:content url="https%3a%2f%2fvods3-dev.franklyinc.com%2fwnow%2fwnow_6_1_20180703_4855_5119_3426_1.mp4" filesize="10485760" bitratebits="800000" bitrate="800" width="640" height="360" type="video/mp4" platform="mobile" /><media:content url="https%3a%2f%2fvods3-dev.franklyinc.com%2fwnow%2fwnow_6_1_20180703_4855_5119_3426_2.mp4" filesize="10485760" bitratebits="1200000" bitrate="1200" width="768" height="432" type="video/mp4" platform="mobile" /><media:content url="https%3a%2f%2fvods3-dev.franklyinc.com%2fwnow%2fwnow_6_1_20180703_4855_5119_3426_3.mp4" filesize="10485760" bitratebits="3299968" bitrate="3299" width="1280" height="720" type="video/mp4" platform="mobile" /><media:content url="https%3a%2f%2fvods3-dev.franklyinc.com%2fwnow%2fwnow_6_1_20180703_4855_5119_3426_master.m3u8" filesize="0" bitrate="0" width="0" height="0" type="application/x-mpegURL" platform="mobile" /></media:group><AssetProperties><Property name="KeyFrameSmallWidth" value="90" /><Property name="KeyFrameSmallHeight" value="67" /><Property name="KeyFrameLargeWidth" value="320" /><Property name="KeyFrameLargeHeight" value="240" /></AssetProperties><ADS><SHOWLOCAL>true</SHOWLOCAL><SHOWNATIONAL>true</SHOWNATIONAL><AD SZ="wnsz_1"><OWNER>loc</OWNER><SPLITPCT>100</SPLITPCT><SHOW>true</SHOW></AD><AD SZ="wnsz_30"><OWNER>loc</OWNER><SPLITPCT>100</SPLITPCT><SHOW>true</SHOW></AD><AD SZ="wnsz_31"><OWNER>loc</OWNER><SPLITPCT>100</SPLITPCT><SHOW>true</SHOW></AD><AD SZ="wnsz_41"><OWNER>nat</OWNER><SPLITPCT>50</SPLITPCT><SHOW>true</SHOW></AD><AD SZ="wnsz_103"><OWNER>nat</OWNER><SPLITPCT>100</SPLITPCT><SHOW>true</SHOW></AD><AD SZ="wnsz_104"><OWNER>nat</OWNER><SPLITPCT>100</SPLITPCT><SHOW>true</SHOW></AD><AD SZ="wnsz_106"><OWNER>nat</OWNER><SPLITPCT>100</SPLITPCT><SHOW>true</SHOW></AD><AD SZ="wnsz_108"><OWNER>nat</OWNER><SPLITPCT>100</SPLITPCT><SHOW>false</SHOW></AD><AD SZ="wnsz_130"><OWNER>nat</OWNER><SPLITPCT>100</SPLITPCT><SHOW>true</SHOW></AD><AD SZ="wnsz_131"><OWNER>nat</OWNER><SPLITPCT>100</SPLITPCT><SHOW>true</SHOW></AD></ADS><SERVEADSFROMCONTENTOWNER>False</SERVEADSFROMCONTENTOWNER><ABRIDGED><HEADLINE><![CDATA[Abridged Title  - test abridged title is clickable]]></HEADLINE><ISCLICKABLE>True</ISCLICKABLE></ABRIDGED><options><date><creation><showonclip>True</showonclip></creation><lastedited><showonclip>True</showonclip></lastedited><published><showonclip>True</showonclip><override><![CDATA[Aug 23, 2018 10:36 AM +07:00]]></override></published><updated><showonclip>True</showonclip></updated></date><socialtools><comments><display>True</display></comments></socialtools></options><creationdate><![CDATA[8/22/2018 11:34:55 PM]]></creationdate><lastediteddate><![CDATA[8/22/2018 11:43:37 PM]]></lastediteddate><rfc822creationdate><![CDATA[Wed, 22 Aug 2018 23:34:55 EDT]]></rfc822creationdate><rfc822lastediteddate><![CDATA[Wed, 22 Aug 2018 23:43:37 EDT]]></rfc822lastediteddate><publisheddate><![CDATA[8/22/2018 11:36:00 PM]]></publisheddate><updateddate><![CDATA[8/22/2018 11:43:38 PM]]></updateddate><sortbydatetype><![CDATA[1]]></sortbydatetype><rfc822publisheddate><![CDATA[Wed, 22 Aug 2018 23:36:00 EDT]]></rfc822publisheddate><rfc822updateddate><![CDATA[Wed, 22 Aug 2018 23:43:38 EDT]]></rfc822updateddate><datetime><created>2018-08-22T23:34:55.0000000</created><lastedited>2018-08-22T23:43:37.0000000</lastedited><published>2018-08-22T23:36:00.0000000</published><updated>2018-08-22T23:43:38.0000000</updated></datetime><SEO><BROWSERTITLE><![CDATA[Browser Title]]></BROWSERTITLE><PAGEURL>clip-from-channel</PAGEURL><INCLUDEDATE>True</INCLUDEDATE></SEO><BYLINES><BYLINE><PREFIX><![CDATA[by]]></PREFIX><FIRSTNAME><![CDATA[AA user]]></FIRSTNAME><LASTNAME><![CDATA[new]]></LASTNAME><EMAILADDRESS><![CDATA[test@test.com]]></EMAILADDRESS></BYLINE></BYLINES></CLIP><CLIP DISPLAYSIZE="-7" DISPLAYORDER="1" ISIMPLICIT="False"><TYPE>V</TYPE><ID>3423</ID><STATUS>L</STATUS><URI><![CDATA[https://vods3-dev.franklyinc.com/wnow/wnow_6_1_20180703_4855_5116_3423_1.mp4]]></URI><SHOWCC>1</SHOWCC><DURATION>300000</DURATION><owner><affiliateno>6</affiliateno><affiliatename>WNOW</affiliatename><baseurl>WNOW.ddev1.worldnow.com</baseurl><enablecommentsonshare>True</enablecommentsonshare></owner><REF><MACHINENAME>DDEV1DOTNET02</MACHINENAME><BUILDDATETIME><![CDATA[2018-08-22 06:12:03]]></BUILDDATETIME></REF><SOURCE>N</SOURCE><STARTMSEC>0</STARTMSEC><ENDMSEC>300000</ENDMSEC><HEADLINE><![CDATA[Testing Clip from Clickable]]></HEADLINE><ABSTRACT><![CDATA[Testing Clip from Clickable]]></ABSTRACT><TARGETADSTAG><![CDATA[News]]></TARGETADSTAG><ISAD><![CDATA[False]]></ISAD><media:group xmlns:media="http://search.yahoo.com/mrss/"><media:content url="https%3a%2f%2fvods3-dev.franklyinc.com%2fwnow%2fwnow_6_1_20180703_4855_5116_3423_1.mp4" filesize="10485760" bitratebits="800000" bitrate="800" width="640" height="360" type="video/mp4" platform="mobile" /><media:content url="https%3a%2f%2fvods3-dev.franklyinc.com%2fwnow%2fwnow_6_1_20180703_4855_5116_3423_2.mp4" filesize="10485760" bitratebits="1200000" bitrate="1200" width="768" height="432" type="video/mp4" platform="mobile" /><media:content url="https%3a%2f%2fvods3-dev.franklyinc.com%2fwnow%2fwnow_6_1_20180703_4855_5116_3423_3.mp4" filesize="10485760" bitratebits="3299968" bitrate="3299" width="1280" height="720" type="video/mp4" platform="mobile" /><media:content url="https%3a%2f%2fvods3-dev.franklyinc.com%2fwnow%2fwnow_6_1_20180703_4855_5116_3423_master.m3u8" filesize="0" bitrate="0" width="0" height="0" type="application/x-mpegURL" platform="mobile" /></media:group><AssetProperties><Property name="KeyFrameSmallWidth" value="90" /><Property name="KeyFrameSmallHeight" value="67" /><Property name="KeyFrameLargeWidth" value="320" /><Property name="KeyFrameLargeHeight" value="240" /></AssetProperties><ADS><SHOWLOCAL>true</SHOWLOCAL><SHOWNATIONAL>true</SHOWNATIONAL><AD SZ="wnsz_1"><OWNER>loc</OWNER><SPLITPCT>100</SPLITPCT><SHOW>true</SHOW></AD><AD SZ="wnsz_30"><OWNER>loc</OWNER><SPLITPCT>100</SPLITPCT><SHOW>true</SHOW></AD><AD SZ="wnsz_31"><OWNER>loc</OWNER><SPLITPCT>100</SPLITPCT><SHOW>true</SHOW></AD><AD SZ="wnsz_41"><OWNER>nat</OWNER><SPLITPCT>50</SPLITPCT><SHOW>true</SHOW></AD><AD SZ="wnsz_103"><OWNER>nat</OWNER><SPLITPCT>100</SPLITPCT><SHOW>true</SHOW></AD><AD SZ="wnsz_104"><OWNER>nat</OWNER><SPLITPCT>100</SPLITPCT><SHOW>true</SHOW></AD><AD SZ="wnsz_106"><OWNER>nat</OWNER><SPLITPCT>100</SPLITPCT><SHOW>true</SHOW></AD><AD SZ="wnsz_108"><OWNER>nat</OWNER><SPLITPCT>100</SPLITPCT><SHOW>false</SHOW></AD><AD SZ="wnsz_130"><OWNER>nat</OWNER><SPLITPCT>100</SPLITPCT><SHOW>true</SHOW></AD><AD SZ="wnsz_131"><OWNER>nat</OWNER><SPLITPCT>100</SPLITPCT><SHOW>true</SHOW></AD></ADS><SERVEADSFROMCONTENTOWNER>False</SERVEADSFROMCONTENTOWNER><ABRIDGED><HEADLINE><![CDATA[Testing Clip from Clickable on NGW hala]]></HEADLINE><ISCLICKABLE>True</ISCLICKABLE><ABSTRACT><![CDATA[Testing Clip from Clickable]]></ABSTRACT></ABRIDGED><options><date><creation><showonclip>True</showonclip></creation><lastedited><showonclip>True</showonclip></lastedited><published><showonclip>True</showonclip><override><![CDATA[Aug 22, 2018 2:22 PM +07:00]]></override></published><updated><showonclip>True</showonclip></updated></date><socialtools><comments><display>True</display></comments></socialtools></options><creationdate><![CDATA[8/22/2018 3:20:12 AM]]></creationdate><lastediteddate><![CDATA[8/22/2018 3:22:51 AM]]></lastediteddate><rfc822creationdate><![CDATA[Wed, 22 Aug 2018 03:20:12 EDT]]></rfc822creationdate><rfc822lastediteddate><![CDATA[Wed, 22 Aug 2018 03:22:51 EDT]]></rfc822lastediteddate><publisheddate><![CDATA[8/22/2018 3:22:00 AM]]></publisheddate><updateddate><![CDATA[8/22/2018 3:22:51 AM]]></updateddate><sortbydatetype><![CDATA[1]]></sortbydatetype><rfc822publisheddate><![CDATA[Wed, 22 Aug 2018 03:22:00 EDT]]></rfc822publisheddate><rfc822updateddate><![CDATA[Wed, 22 Aug 2018 03:22:51 EDT]]></rfc822updateddate><datetime><created>2018-08-22T03:20:12.0000000</created><lastedited>2018-08-22T03:22:51.0000000</lastedited><published>2018-08-22T03:22:00.0000000</published><updated>2018-08-22T03:22:51.0000000</updated></datetime><SEO><DESCRIPTION><![CDATA[Testing Clip from Clickable]]></DESCRIPTION><PAGEURL>testing-clip-from-clickable</PAGEURL><INCLUDEDATE>False</INCLUDEDATE></SEO></CLIP><CLIP DISPLAYSIZE="-7" DISPLAYORDER="1" ISIMPLICIT="False"><TYPE>V</TYPE><ID>3422</ID><STATUS>L</STATUS><URI><![CDATA[https://vods3-dev.franklyinc.com/wnow/wnow_6_1_20180703_4855_5115_3422_1.mp4]]></URI><SHOWCC>1</SHOWCC><DURATION>299501</DURATION><owner><affiliateno>6</affiliateno><affiliatename>WNOW</affiliatename><affiliatetype>4</affiliatetype><baseurl>WNOW.ddev1.worldnow.com</baseurl><enablecommentsonshare>True</enablecommentsonshare></owner><REF><MACHINENAME>DDEV1DOTNET01</MACHINENAME><BUILDDATETIME><![CDATA[2018-09-06 00:19:17]]></BUILDDATETIME></REF><SOURCE>N</SOURCE><STARTMSEC>0</STARTMSEC><ENDMSEC>299501</ENDMSEC><HEADLINE><![CDATA[Create clip from Channel]]></HEADLINE><TARGETADSTAG><![CDATA[News]]></TARGETADSTAG><ISAD><![CDATA[False]]></ISAD><media:group xmlns:media="http://search.yahoo.com/mrss/"><media:content url="https%3a%2f%2fvods3-dev.franklyinc.com%2fwnow%2fwnow_6_1_20180703_4855_5115_3422_1.mp4" filesize="10485760" bitratebits="800000" bitrate="800" width="640" height="360" type="video/mp4" platform="mobile" /><media:content url="https%3a%2f%2fvods3-dev.franklyinc.com%2fwnow%2fwnow_6_1_20180703_4855_5115_3422_2.mp4" filesize="10485760" bitratebits="1200000" bitrate="1200" width="768" height="432" type="video/mp4" platform="mobile" /><media:content url="https%3a%2f%2fvods3-dev.franklyinc.com%2fwnow%2fwnow_6_1_20180703_4855_5115_3422_3.mp4" filesize="10485760" bitratebits="3299968" bitrate="3299" width="1280" height="720" type="video/mp4" platform="mobile" /><media:content url="https%3a%2f%2fvods3-dev.franklyinc.com%2fwnow%2fwnow_6_1_20180703_4855_5115_3422_master.m3u8" filesize="0" bitrate="0" width="0" height="0" type="application/x-mpegURL" platform="mobile" /></media:group><AssetProperties><Property name="KeyFrameSmallWidth" value="90" /><Property name="KeyFrameSmallHeight" value="67" /><Property name="KeyFrameLargeWidth" value="320" /><Property name="KeyFrameLargeHeight" value="240" /></AssetProperties><ADS><SHOWLOCAL>true</SHOWLOCAL><SHOWNATIONAL>true</SHOWNATIONAL><AD SZ="wnsz_1"><OWNER>loc</OWNER><SPLITPCT>100</SPLITPCT><SHOW>true</SHOW></AD><AD SZ="wnsz_30"><OWNER>loc</OWNER><SPLITPCT>100</SPLITPCT><SHOW>true</SHOW></AD><AD SZ="wnsz_31"><OWNER>loc</OWNER><SPLITPCT>100</SPLITPCT><SHOW>true</SHOW></AD><AD SZ="wnsz_41"><OWNER>nat</OWNER><SPLITPCT>50</SPLITPCT><SHOW>true</SHOW></AD><AD SZ="wnsz_103"><OWNER>nat</OWNER><SPLITPCT>100</SPLITPCT><SHOW>true</SHOW></AD><AD SZ="wnsz_104"><OWNER>nat</OWNER><SPLITPCT>100</SPLITPCT><SHOW>true</SHOW></AD><AD SZ="wnsz_106"><OWNER>nat</OWNER><SPLITPCT>100</SPLITPCT><SHOW>true</SHOW></AD><AD SZ="wnsz_108"><OWNER>nat</OWNER><SPLITPCT>100</SPLITPCT><SHOW>false</SHOW></AD><AD SZ="wnsz_130"><OWNER>nat</OWNER><SPLITPCT>100</SPLITPCT><SHOW>true</SHOW></AD><AD SZ="wnsz_131"><OWNER>nat</OWNER><SPLITPCT>100</SPLITPCT><SHOW>true</SHOW></AD></ADS><ABRIDGED><HEADLINE><![CDATA[Abridged title - QA test]]></HEADLINE><ISCLICKABLE>True</ISCLICKABLE></ABRIDGED><options><date><creation><showonclip>True</showonclip></creation><lastedited><showonclip>True</showonclip></lastedited><published><showonclip>True</showonclip><override><![CDATA[Aug 22, 2018 2:12 PM +07:00]]></override></published><updated><showonclip>True</showonclip></updated></date><socialtools><comments><display>True</display></comments></socialtools></options><creationdate><![CDATA[8/22/2018 3:10:24 AM]]></creationdate><lastediteddate><![CDATA[8/22/2018 3:10:24 AM]]></lastediteddate><rfc822creationdate><![CDATA[Wed, 22 Aug 2018 03:10:24 EDT]]></rfc822creationdate><rfc822lastediteddate><![CDATA[Wed, 22 Aug 2018 03:10:24 EDT]]></rfc822lastediteddate><publisheddate><![CDATA[8/22/2018 3:12:00 AM]]></publisheddate><updateddate><![CDATA[8/22/2018 3:10:24 AM]]></updateddate><sortbydatetype><![CDATA[1]]></sortbydatetype><rfc822publisheddate><![CDATA[Wed, 22 Aug 2018 03:12:00 EDT]]></rfc822publisheddate><rfc822updateddate><![CDATA[Wed, 22 Aug 2018 03:10:24 EDT]]></rfc822updateddate><datetime><created>2018-08-22T03:10:24.0000000</created><lastedited>2018-08-22T03:10:24.0000000</lastedited><published>2018-08-22T03:12:00.0000000</published><updated>2018-08-22T03:10:24.0000000</updated></datetime><SEO><PAGEURL>create-clip-from-channel</PAGEURL><INCLUDEDATE>False</INCLUDEDATE></SEO></CLIP><CLIP DISPLAYSIZE="-7" DISPLAYORDER="1" ISIMPLICIT="False"><TYPE>V</TYPE><ID>3370</ID><STATUS>L</STATUS><URI><![CDATA[https://vods3-dev.franklyinc.com/wnow/wnow_6_1_20180703_4855_5059_3370_1.mp4]]></URI><SHOWCC>1</SHOWCC><DURATION>502467</DURATION><owner><affiliateno>6</affiliateno><affiliatename>WNOW</affiliatename><affiliatetype>4</affiliatetype><baseurl>WNOW.ddev1.worldnow.com</baseurl><enablecommentsonshare>True</enablecommentsonshare></owner><REF><MACHINENAME>DDEV1DOTNET01</MACHINENAME><BUILDDATETIME><![CDATA[2018-09-06 00:19:17]]></BUILDDATETIME></REF><SOURCE>N</SOURCE><STARTMSEC>0</STARTMSEC><ENDMSEC>502467</ENDMSEC><HEADLINE><![CDATA[the clip is clickable]]></HEADLINE><TARGETADSTAG><![CDATA[News]]></TARGETADSTAG><ISAD><![CDATA[False]]></ISAD><media:group xmlns:media="http://search.yahoo.com/mrss/"><media:content url="https%3a%2f%2fvods3-dev.franklyinc.com%2fwnow%2fwnow_6_1_20180703_4855_5059_3370_1.mp4" filesize="10485760" bitratebits="800000" bitrate="800" width="640" height="360" type="video/mp4" platform="mobile" /><media:content url="https%3a%2f%2fvods3-dev.franklyinc.com%2fwnow%2fwnow_6_1_20180703_4855_5059_3370_2.mp4" filesize="10485760" bitratebits="1200000" bitrate="1200" width="768" height="432" type="video/mp4" platform="mobile" /><media:content url="https%3a%2f%2fvods3-dev.franklyinc.com%2fwnow%2fwnow_6_1_20180703_4855_5059_3370_3.mp4" filesize="10485760" bitratebits="3299968" bitrate="3299" width="1280" height="720" type="video/mp4" platform="mobile" /><media:content url="https%3a%2f%2fvods3-dev.franklyinc.com%2fwnow%2fwnow_6_1_20180703_4855_5059_3370_master.m3u8" filesize="0" bitrate="0" width="0" height="0" type="application/x-mpegURL" platform="mobile" /></media:group><AssetProperties><Property name="KeyFrameSmallWidth" value="90" /><Property name="KeyFrameSmallHeight" value="67" /><Property name="KeyFrameLargeWidth" value="320" /><Property name="KeyFrameLargeHeight" value="240" /></AssetProperties><ADS><SHOWLOCAL>true</SHOWLOCAL><SHOWNATIONAL>true</SHOWNATIONAL><AD SZ="wnsz_1"><OWNER>loc</OWNER><SPLITPCT>100</SPLITPCT><SHOW>true</SHOW></AD><AD SZ="wnsz_30"><OWNER>loc</OWNER><SPLITPCT>100</SPLITPCT><SHOW>true</SHOW></AD><AD SZ="wnsz_31"><OWNER>loc</OWNER><SPLITPCT>100</SPLITPCT><SHOW>true</SHOW></AD><AD SZ="wnsz_41"><OWNER>nat</OWNER><SPLITPCT>50</SPLITPCT><SHOW>true</SHOW></AD><AD SZ="wnsz_103"><OWNER>nat</OWNER><SPLITPCT>100</SPLITPCT><SHOW>true</SHOW></AD><AD SZ="wnsz_104"><OWNER>nat</OWNER><SPLITPCT>100</SPLITPCT><SHOW>true</SHOW></AD><AD SZ="wnsz_106"><OWNER>nat</OWNER><SPLITPCT>100</SPLITPCT><SHOW>true</SHOW></AD><AD SZ="wnsz_108"><OWNER>nat</OWNER><SPLITPCT>100</SPLITPCT><SHOW>false</SHOW></AD><AD SZ="wnsz_130"><OWNER>nat</OWNER><SPLITPCT>100</SPLITPCT><SHOW>true</SHOW></AD><AD SZ="wnsz_131"><OWNER>nat</OWNER><SPLITPCT>100</SPLITPCT><SHOW>true</SHOW></AD></ADS><ABRIDGED><HEADLINE><![CDATA[abridged title]]></HEADLINE><ISCLICKABLE>True</ISCLICKABLE></ABRIDGED><options><date><creation><showonclip>True</showonclip></creation><lastedited><showonclip>True</showonclip></lastedited><published><showonclip>True</showonclip><override><![CDATA[Aug 08, 2018 7:32 PM +03:00]]></override></published><updated><showonclip>True</showonclip></updated></date><socialtools><comments><display>False</display></comments></socialtools></options><PermanentGalleryCategoryId><![CDATA[0]]></PermanentGalleryCategoryId><OptionalGalleryCategoryId><![CDATA[0]]></OptionalGalleryCategoryId><Layout><![CDATA[1]]></Layout><creationdate><![CDATA[8/8/2018 12:32:13 PM]]></creationdate><lastediteddate><![CDATA[8/22/2018 12:17:51 AM]]></lastediteddate><rfc822creationdate><![CDATA[Wed, 08 Aug 2018 12:32:13 EDT]]></rfc822creationdate><rfc822lastediteddate><![CDATA[Wed, 22 Aug 2018 00:17:51 EDT]]></rfc822lastediteddate><publisheddate><![CDATA[8/8/2018 12:32:00 PM]]></publisheddate><updateddate><![CDATA[8/8/2018 12:32:13 PM]]></updateddate><sortbydatetype><![CDATA[1]]></sortbydatetype><rfc822publisheddate><![CDATA[Wed, 08 Aug 2018 12:32:00 EDT]]></rfc822publisheddate><rfc822updateddate><![CDATA[Wed, 08 Aug 2018 12:32:13 EDT]]></rfc822updateddate><datetime><created>2018-08-08T12:32:13.0000000</created><lastedited>2018-08-22T00:17:51.0000000</lastedited><published>2018-08-08T12:32:00.0000000</published><updated>2018-08-08T12:32:13.0000000</updated></datetime><SEO><PAGEURL>test-headline</PAGEURL><INCLUDEDATE>False</INCLUDEDATE></SEO></CLIP><CLIP DISPLAYSIZE="-7" DISPLAYORDER="1" ISIMPLICIT="False"><TYPE>V</TYPE><ID>3421</ID><STATUS>L</STATUS><URI><![CDATA[https://vods3-dev.franklyinc.com/wnow/wnow_6_1_20180703_4855_5114_3421_1.mp4]]></URI><SHOWCC>1</SHOWCC><DURATION>513200</DURATION><owner><affiliateno>6</affiliateno><affiliatename>WNOW</affiliatename><affiliatetype>4</affiliatetype><baseurl>WNOW.ddev1.worldnow.com</baseurl><enablecommentsonshare>True</enablecommentsonshare></owner><REF><MACHINENAME>DDEV1DOTNET01</MACHINENAME><BUILDDATETIME><![CDATA[2018-09-06 00:19:17]]></BUILDDATETIME></REF><SOURCE>N</SOURCE><STARTMSEC>0</STARTMSEC><ENDMSEC>513200</ENDMSEC><HEADLINE><![CDATA[the headline -check with is static]]></HEADLINE><TARGETADSTAG><![CDATA[News]]></TARGETADSTAG><ISAD><![CDATA[False]]></ISAD><media:group xmlns:media="http://search.yahoo.com/mrss/"><media:content url="https%3a%2f%2fvods3-dev.franklyinc.com%2fwnow%2fwnow_6_1_20180703_4855_5114_3421_1.mp4" filesize="10485760" bitratebits="800000" bitrate="800" width="640" height="360" type="video/mp4" platform="mobile" /><media:content url="https%3a%2f%2fvods3-dev.franklyinc.com%2fwnow%2fwnow_6_1_20180703_4855_5114_3421_2.mp4" filesize="10485760" bitratebits="1200000" bitrate="1200" width="768" height="432" type="video/mp4" platform="mobile" /><media:content url="https%3a%2f%2fvods3-dev.franklyinc.com%2fwnow%2fwnow_6_1_20180703_4855_5114_3421_3.mp4" filesize="10485760" bitratebits="3299968" bitrate="3299" width="1280" height="720" type="video/mp4" platform="mobile" /><media:content url="https%3a%2f%2fvods3-dev.franklyinc.com%2fwnow%2fwnow_6_1_20180703_4855_5114_3421_master.m3u8" filesize="0" bitrate="0" width="0" height="0" type="application/x-mpegURL" platform="mobile" /></media:group><AssetProperties><Property name="KeyFrameSmallWidth" value="90" /><Property name="KeyFrameSmallHeight" value="67" /><Property name="KeyFrameLargeWidth" value="320" /><Property name="KeyFrameLargeHeight" value="240" /></AssetProperties><ADS><SHOWLOCAL>true</SHOWLOCAL><SHOWNATIONAL>true</SHOWNATIONAL><AD SZ="wnsz_1"><OWNER>loc</OWNER><SPLITPCT>100</SPLITPCT><SHOW>true</SHOW></AD><AD SZ="wnsz_30"><OWNER>loc</OWNER><SPLITPCT>100</SPLITPCT><SHOW>true</SHOW></AD><AD SZ="wnsz_31"><OWNER>loc</OWNER><SPLITPCT>100</SPLITPCT><SHOW>true</SHOW></AD><AD SZ="wnsz_41"><OWNER>nat</OWNER><SPLITPCT>50</SPLITPCT><SHOW>true</SHOW></AD><AD SZ="wnsz_103"><OWNER>nat</OWNER><SPLITPCT>100</SPLITPCT><SHOW>true</SHOW></AD><AD SZ="wnsz_104"><OWNER>nat</OWNER><SPLITPCT>100</SPLITPCT><SHOW>true</SHOW></AD><AD SZ="wnsz_106"><OWNER>nat</OWNER><SPLITPCT>100</SPLITPCT><SHOW>true</SHOW></AD><AD SZ="wnsz_108"><OWNER>nat</OWNER><SPLITPCT>100</SPLITPCT><SHOW>false</SHOW></AD><AD SZ="wnsz_130"><OWNER>nat</OWNER><SPLITPCT>100</SPLITPCT><SHOW>true</SHOW></AD><AD SZ="wnsz_131"><OWNER>nat</OWNER><SPLITPCT>100</SPLITPCT><SHOW>true</SHOW></AD></ADS><ABRIDGED><HEADLINE><![CDATA[the headline -check with is static]]></HEADLINE><ISCLICKABLE>False</ISCLICKABLE></ABRIDGED><options><date><creation><showonclip>True</showonclip></creation><lastedited><showonclip>True</showonclip></lastedited><published><showonclip>True</showonclip><override><![CDATA[Aug 21, 2018 6:41 PM +03:00]]></override></published><updated><showonclip>True</showonclip></updated></date><socialtools><comments><display>False</display></comments></socialtools></options><PermanentGalleryCategoryId><![CDATA[0]]></PermanentGalleryCategoryId><OptionalGalleryCategoryId><![CDATA[0]]></OptionalGalleryCategoryId><Layout><![CDATA[1]]></Layout><creationdate><![CDATA[8/21/2018 11:41:28 AM]]></creationdate><lastediteddate><![CDATA[8/21/2018 11:59:11 PM]]></lastediteddate><rfc822creationdate><![CDATA[Tue, 21 Aug 2018 11:41:28 EDT]]></rfc822creationdate><rfc822lastediteddate><![CDATA[Tue, 21 Aug 2018 23:59:11 EDT]]></rfc822lastediteddate><publisheddate><![CDATA[8/21/2018 11:41:00 AM]]></publisheddate><updateddate><![CDATA[8/21/2018 11:41:28 AM]]></updateddate><sortbydatetype><![CDATA[1]]></sortbydatetype><rfc822publisheddate><![CDATA[Tue, 21 Aug 2018 11:41:00 EDT]]></rfc822publisheddate><rfc822updateddate><![CDATA[Tue, 21 Aug 2018 11:41:28 EDT]]></rfc822updateddate><datetime><created>2018-08-21T11:41:28.0000000</created><lastedited>2018-08-21T23:59:11.0000000</lastedited><published>2018-08-21T11:41:00.0000000</published><updated>2018-08-21T11:41:28.0000000</updated></datetime><SEO><PAGEURL>test-clip-headline</PAGEURL><INCLUDEDATE>False</INCLUDEDATE></SEO></CLIP><STORY DISPLAYSIZE="-7" DISPLAYORDER="1" ISIMPLICIT="False"><TYPE>S</TYPE><ID>35746927</ID><STATUS>L</STATUS><owner><affiliateno>6</affiliateno><affiliatename>WNOW</affiliatename><baseurl>wnow.ddev1.worldnow.com</baseurl><affiliatetype>4</affiliatetype><enablecommentsonshare>True</enablecommentsonshare></owner><SOURCE>N</SOURCE><REF><MACHINENAME>DDEV1DOTNET02</MACHINENAME><BUILDDATETIME><![CDATA[2018-08-16 04:12:54]]></BUILDDATETIME></REF><HEADLINE><![CDATA[TEST 12]]></HEADLINE><ABSTRACT><![CDATA[TEST 12]]></ABSTRACT><TARGETADSTAG><![CDATA[News]]></TARGETADSTAG><CLS>3</CLS><ABRIDGED><HEADLINE><![CDATA[TEST 12]]></HEADLINE><ISCLICKABLE>True</ISCLICKABLE><ABSTRACT><![CDATA[TEST 12]]></ABSTRACT></ABRIDGED><options><date><creation><showonstory>True</showonstory></creation><lastedited><showonstory>True</showonstory><showonabstract>True</showonabstract></lastedited><published><showonstory>True</showonstory><showonabstract>True</showonabstract><override><![CDATA[Aug 13, 2018 4:13 PM +07:00]]></override></published><updated><showonstory>True</showonstory><showonabstract>True</showonabstract></updated></date><socialtools><comments><display>True</display></comments></socialtools></options><creationdate><DAY><![CDATA[Monday]]></DAY><DATE>13</DATE><MONTH><![CDATA[August]]></MONTH><YEAR>2018</YEAR><TIME><![CDATA[5:11 AM]]></TIME><TIMEZONE><![CDATA[EDT]]></TIMEZONE><GMTTIME>2018-08-13 09:11:43</GMTTIME></creationdate><lastediteddate><DAY><![CDATA[Thursday]]></DAY><DATE>16</DATE><MONTH><![CDATA[August]]></MONTH><YEAR>2018</YEAR><TIME><![CDATA[4:12 AM]]></TIME><TIMEZONE><![CDATA[EDT]]></TIMEZONE><GMTTIME>2018-08-16 08:12:53</GMTTIME></lastediteddate><publisheddate><DAY><![CDATA[Monday]]></DAY><DATE>13</DATE><MONTH><![CDATA[August]]></MONTH><YEAR>2018</YEAR><TIME><![CDATA[5:13 AM]]></TIME><TIMEZONE><![CDATA[EDT]]></TIMEZONE><GMTTIME>2018-08-13 09:13:00</GMTTIME></publisheddate><updateddate><DAY><![CDATA[Thursday]]></DAY><DATE>16</DATE><MONTH><![CDATA[August]]></MONTH><YEAR>2018</YEAR><TIME><![CDATA[4:12 AM]]></TIME><TIMEZONE><![CDATA[EDT]]></TIMEZONE><GMTTIME>2018-08-16 08:12:53</GMTTIME></updateddate><sortbydatetype>3</sortbydatetype><datetime><created>2018-08-13T05:11:43.0000000</created><lastedited>2018-08-16T04:12:53.0000000</lastedited><published>2018-08-13T05:13:00.0000000</published><updated>2018-08-16T04:12:53.0000000</updated></datetime><SEO><PAGEURL>test-12</PAGEURL><INCLUDEDATE>False</INCLUDEDATE></SEO><DATELINE><![CDATA[Washington, District of Columbia]]></DATELINE></STORY></FEATURES><TOTALRESULTS>11</TOTALRESULTS></NESTED></CATEGORY><MENU DISPLAYSIZE="120" DISPLAYORDER="5" ISIMPLICIT="False"><TYPE>M</TYPE><ID>6</ID><STATUS>L</STATUS><STYLE>4</STYLE><DEPTH>3</DEPTH><ISTEXT>True</ISTEXT><REF><MACHINENAME>DDEV1FLOW02</MACHINENAME><BUILDDATETIME><![CDATA[2018-09-21 05:54:46]]></BUILDDATETIME></REF><ITEM><NAME>menu6_1</NAME><ID>345</ID><TYPE>C</TYPE><PAGEURL>home-wnow</PAGEURL><lastediteddate><DAY><![CDATA[Thursday]]></DAY><DATE>12</DATE><MONTH><![CDATA[July]]></MONTH><YEAR>2018</YEAR><TIME><![CDATA[5:01 PM]]></TIME><TIMEZONE><![CDATA[EDT]]></TIMEZONE><GMTTIME>2018-07-12 21:01:17</GMTTIME></lastediteddate><creationdate><DAY><![CDATA[Wednesday]]></DAY><DATE>20</DATE><MONTH><![CDATA[January]]></MONTH><YEAR>1999</YEAR><TIME><![CDATA[5:02 PM]]></TIME><TIMEZONE><![CDATA[EST]]></TIMEZONE><GMTTIME>1999-01-20 22:02:06</GMTTIME></creationdate><HEADLINE><![CDATA[Home WNOW]]></HEADLINE><MENUTEXT><![CDATA[]]></MENUTEXT><POSITION>1</POSITION></ITEM><ITEM><NAME>menu6_2</NAME><ID>901</ID><TYPE>C</TYPE><PAGEURL>news</PAGEURL><lastediteddate><DAY><![CDATA[Monday]]></DAY><DATE>15</DATE><MONTH><![CDATA[May]]></MONTH><YEAR>2017</YEAR><TIME><![CDATA[2:03 PM]]></TIME><TIMEZONE><![CDATA[EDT]]></TIMEZONE><GMTTIME>2017-05-15 18:03:56</GMTTIME></lastediteddate><creationdate><DAY><![CDATA[Friday]]></DAY><DATE>17</DATE><MONTH><![CDATA[September]]></MONTH><YEAR>1999</YEAR><TIME><![CDATA[4:27 PM]]></TIME><TIMEZONE><![CDATA[EDT]]></TIMEZONE><GMTTIME>1999-09-17 20:27:45</GMTTIME></creationdate><HEADLINE><![CDATA[News]]></HEADLINE><MENUTEXT><![CDATA[]]></MENUTEXT><ONIMAGE><FILENAME>https://wnow.imagesddev1.worldnow.com/images/8767030_G.jpg</FILENAME><WIDTH>66</WIDTH><HEIGHT>58</HEIGHT></ONIMAGE><OFFIMAGE><FILENAME>https://wnow.imagesddev1.worldnow.com/images/8767030_G.jpg</FILENAME><WIDTH>66</WIDTH><HEIGHT>58</HEIGHT></OFFIMAGE><POSITION>2</POSITION><MENU><ITEM><NAME>menu6_2_1</NAME><ID>306086</ID><TYPE>C</TYPE><PAGEURL>grayson</PAGEURL><lastediteddate><DAY><![CDATA[Wednesday]]></DAY><DATE>21</DATE><MONTH><![CDATA[October]]></MONTH><YEAR>2015</YEAR><TIME><![CDATA[2:18 PM]]></TIME><TIMEZONE><![CDATA[EDT]]></TIMEZONE><GMTTIME>2015-10-21 18:18:31</GMTTIME></lastediteddate><creationdate><DAY><![CDATA[Wednesday]]></DAY><DATE>21</DATE><MONTH><![CDATA[October]]></MONTH><YEAR>2015</YEAR><TIME><![CDATA[2:18 PM]]></TIME><TIMEZONE><![CDATA[EDT]]></TIMEZONE><GMTTIME>2015-10-21 18:18:31</GMTTIME></creationdate><HEADLINE><![CDATA[Grayson]]></HEADLINE><MENUTEXT><![CDATA[]]></MENUTEXT><POSITION>1</POSITION></ITEM></MENU></ITEM><ITEM><NAME>menu6_3</NAME><ID>12750</ID><TYPE>C</TYPE><PAGEURL>weather</PAGEURL><lastediteddate><DAY><![CDATA[Thursday]]></DAY><DATE>5</DATE><MONTH><![CDATA[October]]></MONTH><YEAR>2017</YEAR><TIME><![CDATA[6:03 AM]]></TIME><TIMEZONE><![CDATA[EDT]]></TIMEZONE><GMTTIME>2017-10-05 10:03:38</GMTTIME></lastediteddate><creationdate><DAY><![CDATA[Wednesday]]></DAY><DATE>7</DATE><MONTH><![CDATA[March]]></MONTH><YEAR>2001</YEAR><TIME><![CDATA[1:40 PM]]></TIME><TIMEZONE><![CDATA[EST]]></TIMEZONE><GMTTIME>2001-03-07 18:40:08</GMTTIME></creationdate><HEADLINE><![CDATA[*Weather]]></HEADLINE><MENUTEXT><![CDATA[]]></MENUTEXT><ONIMAGE><FILENAME>https://wnow.imagesddev1.worldnow.com/images/8767030_G.jpg</FILENAME><WIDTH>66</WIDTH><HEIGHT>58</HEIGHT></ONIMAGE><OFFIMAGE><FILENAME>https://wnow.imagesddev1.worldnow.com/images/8767030_G.jpg</FILENAME><WIDTH>66</WIDTH><HEIGHT>58</HEIGHT></OFFIMAGE><POSITION>3</POSITION></ITEM><ITEM><NAME>menu6_4</NAME><ID>20418</ID><TYPE>C</TYPE><PAGEURL>sports</PAGEURL><lastediteddate><DAY><![CDATA[Monday]]></DAY><DATE>15</DATE><MONTH><![CDATA[May]]></MONTH><YEAR>2017</YEAR><TIME><![CDATA[2:05 PM]]></TIME><TIMEZONE><![CDATA[EDT]]></TIMEZONE><GMTTIME>2017-05-15 18:05:21</GMTTIME></lastediteddate><creationdate><DAY><![CDATA[Monday]]></DAY><DATE>15</DATE><MONTH><![CDATA[October]]></MONTH><YEAR>2001</YEAR><TIME><![CDATA[5:45 PM]]></TIME><TIMEZONE><![CDATA[EDT]]></TIMEZONE><GMTTIME>2001-10-15 21:45:23</GMTTIME></creationdate><HEADLINE><![CDATA[Sports]]></HEADLINE><MENUTEXT><![CDATA[]]></MENUTEXT><POSITION>4</POSITION></ITEM><ITEM><NAME>menu6_5</NAME><ID>3732</ID><TYPE>C</TYPE><PAGEURL>popvideotop</PAGEURL><lastediteddate><DAY><![CDATA[Thursday]]></DAY><DATE>12</DATE><MONTH><![CDATA[July]]></MONTH><YEAR>2018</YEAR><TIME><![CDATA[2:19 PM]]></TIME><TIMEZONE><![CDATA[EDT]]></TIMEZONE><GMTTIME>2018-07-12 18:19:34</GMTTIME></lastediteddate><creationdate><DAY><![CDATA[Saturday]]></DAY><DATE>24</DATE><MONTH><![CDATA[June]]></MONTH><YEAR>2000</YEAR><TIME><![CDATA[11:07 AM]]></TIME><TIMEZONE><![CDATA[EDT]]></TIMEZONE><GMTTIME>2000-06-24 15:07:29</GMTTIME></creationdate><HEADLINE><![CDATA[Top video]]></HEADLINE><MENUTEXT><![CDATA[]]></MENUTEXT><POSITION>5</POSITION></ITEM><ITEM><NAME>menu6_6</NAME><ID>903</ID><TYPE>C</TYPE><PAGEURL>health</PAGEURL><lastediteddate><DAY><![CDATA[Thursday]]></DAY><DATE>12</DATE><MONTH><![CDATA[July]]></MONTH><YEAR>2018</YEAR><TIME><![CDATA[4:27 PM]]></TIME><TIMEZONE><![CDATA[EDT]]></TIMEZONE><GMTTIME>2018-07-12 20:27:29</GMTTIME></lastediteddate><creationdate><DAY><![CDATA[Friday]]></DAY><DATE>17</DATE><MONTH><![CDATA[September]]></MONTH><YEAR>1999</YEAR><TIME><![CDATA[4:31 PM]]></TIME><TIMEZONE><![CDATA[EDT]]></TIMEZONE><GMTTIME>1999-09-17 20:31:02</GMTTIME></creationdate><HEADLINE><![CDATA[My Health]]></HEADLINE><MENUTEXT><![CDATA[]]></MENUTEXT><POSITION>6</POSITION><MENU><ITEM><NAME>menu6_6_1</NAME><ID>14645282</ID><TYPE>S</TYPE><PAGEURL>fat-cats-dogs-developing-diabetes-report-finds</PAGEURL><INCLUDEDATE>True</INCLUDEDATE><lastediteddate><DAY><![CDATA[Saturday]]></DAY><DATE>14</DATE><MONTH><![CDATA[May]]></MONTH><YEAR>2011</YEAR><TIME><![CDATA[9:18 AM]]></TIME><TIMEZONE><![CDATA[EDT]]></TIMEZONE><GMTTIME>2011-05-14 13:18:23</GMTTIME></lastediteddate><creationdate><DAY><![CDATA[Saturday]]></DAY><DATE>14</DATE><MONTH><![CDATA[May]]></MONTH><YEAR>2011</YEAR><TIME><![CDATA[7:41 AM]]></TIME><TIMEZONE><![CDATA[EDT]]></TIMEZONE><GMTTIME>2011-05-14 11:41:19</GMTTIME></creationdate><HEADLINE><![CDATA[Fat Cats, Dogs Developing Diabetes, Report Finds]]></HEADLINE><MENUTEXT><![CDATA[]]></MENUTEXT><POSITION>1</POSITION></ITEM><ITEM><NAME>menu6_6_2</NAME><ID>14645289</ID><TYPE>S</TYPE><PAGEURL>testing-for-proper-image</PAGEURL><INCLUDEDATE>True</INCLUDEDATE><lastediteddate><DAY><![CDATA[Saturday]]></DAY><DATE>14</DATE><MONTH><![CDATA[May]]></MONTH><YEAR>2011</YEAR><TIME><![CDATA[8:01 AM]]></TIME><TIMEZONE><![CDATA[EDT]]></TIMEZONE><GMTTIME>2011-05-14 12:01:52</GMTTIME></lastediteddate><creationdate><DAY><![CDATA[Saturday]]></DAY><DATE>14</DATE><MONTH><![CDATA[May]]></MONTH><YEAR>2011</YEAR><TIME><![CDATA[8:01 AM]]></TIME><TIMEZONE><![CDATA[EDT]]></TIMEZONE><GMTTIME>2011-05-14 12:01:39</GMTTIME></creationdate><HEADLINE><![CDATA[Testing for proper image]]></HEADLINE><MENUTEXT><![CDATA[]]></MENUTEXT><POSITION>1</POSITION></ITEM><ITEM><NAME>menu6_6_3</NAME><ID>15092178</ID><TYPE>S</TYPE><PAGEURL>ps-july-16th-test</PAGEURL><INCLUDEDATE>True</INCLUDEDATE><lastediteddate><DAY><![CDATA[Tuesday]]></DAY><DATE>16</DATE><MONTH><![CDATA[October]]></MONTH><YEAR>2012</YEAR><TIME><![CDATA[10:43 AM]]></TIME><TIMEZONE><![CDATA[EDT]]></TIMEZONE><GMTTIME>2012-10-16 14:43:34</GMTTIME></lastediteddate><creationdate><DAY><![CDATA[Saturday]]></DAY><DATE>16</DATE><MONTH><![CDATA[July]]></MONTH><YEAR>2011</YEAR><TIME><![CDATA[4:47 AM]]></TIME><TIMEZONE><![CDATA[EDT]]></TIMEZONE><GMTTIME>2011-07-16 08:47:59</GMTTIME></creationdate><HEADLINE><![CDATA[PS July 16th Test 12]]></HEADLINE><MENUTEXT><![CDATA[]]></MENUTEXT><POSITION>1</POSITION></ITEM><ITEM><NAME>menu6_6_4</NAME><ID>22053744</ID><TYPE>S</TYPE><PAGEURL>brian-test-story</PAGEURL><INCLUDEDATE>True</INCLUDEDATE><lastediteddate><DAY><![CDATA[Tuesday]]></DAY><DATE>23</DATE><MONTH><![CDATA[April]]></MONTH><YEAR>2013</YEAR><TIME><![CDATA[12:01 PM]]></TIME><TIMEZONE><![CDATA[EDT]]></TIMEZONE><GMTTIME>2013-04-23 16:01:33</GMTTIME></lastediteddate><creationdate><DAY><![CDATA[Tuesday]]></DAY><DATE>23</DATE><MONTH><![CDATA[April]]></MONTH><YEAR>2013</YEAR><TIME><![CDATA[11:54 AM]]></TIME><TIMEZONE><![CDATA[EDT]]></TIMEZONE><GMTTIME>2013-04-23 15:54:31</GMTTIME></creationdate><HEADLINE><![CDATA[Brian - Test story]]></HEADLINE><MENUTEXT><![CDATA[]]></MENUTEXT><POSITION>1</POSITION></ITEM><ITEM><NAME>menu6_6_5</NAME><ID>22428534</ID><TYPE>S</TYPE><PAGEURL>test</PAGEURL><INCLUDEDATE>True</INCLUDEDATE><lastediteddate><DAY><![CDATA[Tuesday]]></DAY><DATE>28</DATE><MONTH><![CDATA[May]]></MONTH><YEAR>2013</YEAR><TIME><![CDATA[3:42 PM]]></TIME><TIMEZONE><![CDATA[EDT]]></TIMEZONE><GMTTIME>2013-05-28 19:42:48</GMTTIME></lastediteddate><creationdate><DAY><![CDATA[Monday]]></DAY><DATE>27</DATE><MONTH><![CDATA[May]]></MONTH><YEAR>2013</YEAR><TIME><![CDATA[5:42 AM]]></TIME><TIMEZONE><![CDATA[EDT]]></TIMEZONE><GMTTIME>2013-05-27 09:42:26</GMTTIME></creationdate><HEADLINE><![CDATA[test update]]></HEADLINE><MENUTEXT><![CDATA[]]></MENUTEXT><POSITION>1</POSITION></ITEM></MENU></ITEM><ITEM><NAME>menu6_7</NAME><ID>16017</ID><TYPE>C</TYPE><PAGEURL>about-wnow</PAGEURL><lastediteddate><DAY><![CDATA[Monday]]></DAY><DATE>15</DATE><MONTH><![CDATA[May]]></MONTH><YEAR>2017</YEAR><TIME><![CDATA[10:45 AM]]></TIME><TIMEZONE><![CDATA[EDT]]></TIMEZONE><GMTTIME>2017-05-15 14:45:45</GMTTIME></lastediteddate><creationdate><DAY><![CDATA[Sunday]]></DAY><DATE>3</DATE><MONTH><![CDATA[June]]></MONTH><YEAR>2001</YEAR><TIME><![CDATA[3:25 PM]]></TIME><TIMEZONE><![CDATA[EDT]]></TIMEZONE><GMTTIME>2001-06-03 19:25:46</GMTTIME></creationdate><HEADLINE><![CDATA[About WNOW]]></HEADLINE><MENUTEXT><![CDATA[]]></MENUTEXT><POSITION>7</POSITION></ITEM><ITEM><NAME>menu6_8</NAME><ID>328004</ID><TYPE>C</TYPE><PAGEURL>sport-england</PAGEURL><lastediteddate><DAY><![CDATA[Wednesday]]></DAY><DATE>11</DATE><MONTH><![CDATA[July]]></MONTH><YEAR>2018</YEAR><TIME><![CDATA[2:23 AM]]></TIME><TIMEZONE><![CDATA[EDT]]></TIMEZONE><GMTTIME>2018-07-11 06:23:11</GMTTIME></lastediteddate><creationdate><DAY><![CDATA[Monday]]></DAY><DATE>18</DATE><MONTH><![CDATA[September]]></MONTH><YEAR>2017</YEAR><TIME><![CDATA[6:21 AM]]></TIME><TIMEZONE><![CDATA[EDT]]></TIMEZONE><GMTTIME>2017-09-18 10:21:13</GMTTIME></creationdate><HEADLINE><![CDATA[Sport England]]></HEADLINE><MENUTEXT><![CDATA[]]></MENUTEXT><POSITION>9</POSITION></ITEM></MENU><MENU DISPLAYSIZE="121" DISPLAYORDER="5" ISIMPLICIT="False"><TYPE>M</TYPE><ID>687</ID><STATUS>L</STATUS><STYLE>4</STYLE><DEPTH>1</DEPTH><ISTEXT>True</ISTEXT><REF><MACHINENAME>DDEV1FLOW02</MACHINENAME><BUILDDATETIME><![CDATA[2018-09-21 05:54:46]]></BUILDDATETIME></REF><ITEM><NAME>menu687_1</NAME><ID>345</ID><TYPE>C</TYPE><PAGEURL>home-wnow</PAGEURL><lastediteddate><DAY><![CDATA[Thursday]]></DAY><DATE>12</DATE><MONTH><![CDATA[July]]></MONTH><YEAR>2018</YEAR><TIME><![CDATA[5:01 PM]]></TIME><TIMEZONE><![CDATA[EDT]]></TIMEZONE><GMTTIME>2018-07-12 21:01:17</GMTTIME></lastediteddate><creationdate><DAY><![CDATA[Wednesday]]></DAY><DATE>20</DATE><MONTH><![CDATA[January]]></MONTH><YEAR>1999</YEAR><TIME><![CDATA[5:02 PM]]></TIME><TIMEZONE><![CDATA[EST]]></TIMEZONE><GMTTIME>1999-01-20 22:02:06</GMTTIME></creationdate><HEADLINE><![CDATA[Home WNOW]]></HEADLINE><MENUTEXT><![CDATA[]]></MENUTEXT><POSITION>1</POSITION></ITEM></MENU><MENU DISPLAYSIZE="122" DISPLAYORDER="5" ISIMPLICIT="False"><TYPE>M</TYPE><ID>2258</ID><STATUS>L</STATUS><STYLE>4</STYLE><DEPTH>3</DEPTH><ISTEXT>False</ISTEXT><REF><MACHINENAME>DDEV1FLOW02</MACHINENAME><BUILDDATETIME><![CDATA[2018-09-21 05:54:46]]></BUILDDATETIME></REF><ITEM><NAME>menu2258_1</NAME><ID>345</ID><TYPE>C</TYPE><PAGEURL>home-wnow</PAGEURL><lastediteddate><DAY><![CDATA[Thursday]]></DAY><DATE>12</DATE><MONTH><![CDATA[July]]></MONTH><YEAR>2018</YEAR><TIME><![CDATA[5:01 PM]]></TIME><TIMEZONE><![CDATA[EDT]]></TIMEZONE><GMTTIME>2018-07-12 21:01:17</GMTTIME></lastediteddate><creationdate><DAY><![CDATA[Wednesday]]></DAY><DATE>20</DATE><MONTH><![CDATA[January]]></MONTH><YEAR>1999</YEAR><TIME><![CDATA[5:02 PM]]></TIME><TIMEZONE><![CDATA[EST]]></TIMEZONE><GMTTIME>1999-01-20 22:02:06</GMTTIME></creationdate><HEADLINE><![CDATA[Home WNOW]]></HEADLINE><MENUTEXT><![CDATA[]]></MENUTEXT><POSITION>1</POSITION></ITEM><ITEM><NAME>menu2258_2</NAME><ID>901</ID><TYPE>C</TYPE><PAGEURL>news</PAGEURL><lastediteddate><DAY><![CDATA[Monday]]></DAY><DATE>15</DATE><MONTH><![CDATA[May]]></MONTH><YEAR>2017</YEAR><TIME><![CDATA[2:03 PM]]></TIME><TIMEZONE><![CDATA[EDT]]></TIMEZONE><GMTTIME>2017-05-15 18:03:56</GMTTIME></lastediteddate><creationdate><DAY><![CDATA[Friday]]></DAY><DATE>17</DATE><MONTH><![CDATA[September]]></MONTH><YEAR>1999</YEAR><TIME><![CDATA[4:27 PM]]></TIME><TIMEZONE><![CDATA[EDT]]></TIMEZONE><GMTTIME>1999-09-17 20:27:45</GMTTIME></creationdate><HEADLINE><![CDATA[News]]></HEADLINE><MENUTEXT><![CDATA[]]></MENUTEXT><POSITION>2</POSITION><MENU><ITEM><NAME>menu2258_2_1</NAME><ID>306086</ID><TYPE>C</TYPE><PAGEURL>grayson</PAGEURL><lastediteddate><DAY><![CDATA[Wednesday]]></DAY><DATE>21</DATE><MONTH><![CDATA[October]]></MONTH><YEAR>2015</YEAR><TIME><![CDATA[2:18 PM]]></TIME><TIMEZONE><![CDATA[EDT]]></TIMEZONE><GMTTIME>2015-10-21 18:18:31</GMTTIME></lastediteddate><creationdate><DAY><![CDATA[Wednesday]]></DAY><DATE>21</DATE><MONTH><![CDATA[October]]></MONTH><YEAR>2015</YEAR><TIME><![CDATA[2:18 PM]]></TIME><TIMEZONE><![CDATA[EDT]]></TIMEZONE><GMTTIME>2015-10-21 18:18:31</GMTTIME></creationdate><HEADLINE><![CDATA[Grayson]]></HEADLINE><MENUTEXT><![CDATA[]]></MENUTEXT><POSITION>1</POSITION></ITEM></MENU></ITEM><ITEM><NAME>menu2258_3</NAME><ID>12750</ID><TYPE>C</TYPE><PAGEURL>weather</PAGEURL><lastediteddate><DAY><![CDATA[Thursday]]></DAY><DATE>5</DATE><MONTH><![CDATA[October]]></MONTH><YEAR>2017</YEAR><TIME><![CDATA[6:03 AM]]></TIME><TIMEZONE><![CDATA[EDT]]></TIMEZONE><GMTTIME>2017-10-05 10:03:38</GMTTIME></lastediteddate><creationdate><DAY><![CDATA[Wednesday]]></DAY><DATE>7</DATE><MONTH><![CDATA[March]]></MONTH><YEAR>2001</YEAR><TIME><![CDATA[1:40 PM]]></TIME><TIMEZONE><![CDATA[EST]]></TIMEZONE><GMTTIME>2001-03-07 18:40:08</GMTTIME></creationdate><HEADLINE><![CDATA[*Weather]]></HEADLINE><MENUTEXT><![CDATA[]]></MENUTEXT><POSITION>3</POSITION></ITEM><ITEM><NAME>menu2258_4</NAME><ID>20418</ID><TYPE>C</TYPE><PAGEURL>sports</PAGEURL><lastediteddate><DAY><![CDATA[Monday]]></DAY><DATE>15</DATE><MONTH><![CDATA[May]]></MONTH><YEAR>2017</YEAR><TIME><![CDATA[2:05 PM]]></TIME><TIMEZONE><![CDATA[EDT]]></TIMEZONE><GMTTIME>2017-05-15 18:05:21</GMTTIME></lastediteddate><creationdate><DAY><![CDATA[Monday]]></DAY><DATE>15</DATE><MONTH><![CDATA[October]]></MONTH><YEAR>2001</YEAR><TIME><![CDATA[5:45 PM]]></TIME><TIMEZONE><![CDATA[EDT]]></TIMEZONE><GMTTIME>2001-10-15 21:45:23</GMTTIME></creationdate><HEADLINE><![CDATA[Sports]]></HEADLINE><MENUTEXT><![CDATA[]]></MENUTEXT><POSITION>4</POSITION></ITEM><ITEM><NAME>menu2258_5</NAME><ID>16017</ID><TYPE>C</TYPE><PAGEURL>about-wnow</PAGEURL><lastediteddate><DAY><![CDATA[Monday]]></DAY><DATE>15</DATE><MONTH><![CDATA[May]]></MONTH><YEAR>2017</YEAR><TIME><![CDATA[10:45 AM]]></TIME><TIMEZONE><![CDATA[EDT]]></TIMEZONE><GMTTIME>2017-05-15 14:45:45</GMTTIME></lastediteddate><creationdate><DAY><![CDATA[Sunday]]></DAY><DATE>3</DATE><MONTH><![CDATA[June]]></MONTH><YEAR>2001</YEAR><TIME><![CDATA[3:25 PM]]></TIME><TIMEZONE><![CDATA[EDT]]></TIMEZONE><GMTTIME>2001-06-03 19:25:46</GMTTIME></creationdate><HEADLINE><![CDATA[About WNOW]]></HEADLINE><MENUTEXT><![CDATA[]]></MENUTEXT><POSITION>5</POSITION></ITEM></MENU></FEATURES><TOTALRESULTS>8</TOTALRESULTS><ADS><adurltemplates><global><worldnow><handlers>gpt</handlers></worldnow></global><site><local><handlers>simple</handlers><templates><![CDATA[http://ad.doubleclick.net/[ad.type:dfpadtype]/wn.[ad.owner:wnowner].[page.affiliate:dfpafffix:lowercase][ad.application:dfpsitetype]/[ad.wncc:dfpformat];sz=[ad.width]x[ad.height];mtfIFPath=/Global/Tools/richmedia/doubleclick/;wnsz=[ad.id];tile=[ad.owner:sequence];wncc=[ad.wncc:escape];ispartner=[ad.owner:ispartner];[page.keywords:keywordstring];wnpt=[page.wnpt];wnpc=[page.wnpc];wncp=[page.wncp];wncid=[page.wncid];wndomain=[page.origin];[ad.owner:rsi];apptype=[ad.application];env=[page.environment:wnenv];imp=[ad.type:dfpimpressiontype];ord=[page.rand:dfpordinal]?]]></templates></local></site></adurltemplates><flexads><enabled>false</enabled></flexads><AD SZ="wnsz_core"><NAME>Core</NAME><WIDTH>1</WIDTH><HEIGHT>1</HEIGHT><type>dom</type><application>banner</application><clientgroups><clientgroup>generic</clientgroup></clientgroups></AD><AD SZ="wnsz_1"><NAME>Full Banner</NAME><OWNER>loc</OWNER><SPLITPCT>100</SPLITPCT><SHOW>true</SHOW><FEATURES><FEATURE>Category</FEATURE><FEATURE>Story</FEATURE><FEATURE>Link</FEATURE><FEATURE>Video</FEATURE></FEATURES><WIDTH>468</WIDTH><HEIGHT>60</HEIGHT><type>dom</type><application>banner</application><clientgroups><clientgroup>generic</clientgroup></clientgroups></AD><AD SZ="wnsz_14"><NAME>Skyscraper</NAME><OWNER>nat</OWNER><SPLITPCT>100</SPLITPCT><SHOW>false</SHOW><FEATURES><FEATURE>Category</FEATURE><FEATURE>Story</FEATURE><FEATURE>Link</FEATURE></FEATURES><WIDTH>120</WIDTH><HEIGHT>600</HEIGHT><type>dom</type><application>banner</application><clientgroups><clientgroup>generic</clientgroup></clientgroups></AD><AD SZ="wnsz_16"><NAME>Popup</NAME><OWNER>loc</OWNER><SPLITPCT>100</SPLITPCT><SHOW>false</SHOW><FEATURES><FEATURE>Category</FEATURE><FEATURE>Story</FEATURE><FEATURE>Link</FEATURE></FEATURES><WIDTH>1</WIDTH><HEIGHT>1</HEIGHT><type>inline</type><application>banner</application><clientgroups><clientgroup>generic</clientgroup></clientgroups></AD><AD SZ="wnsz_17"><NAME>DHTML</NAME><OWNER>nat</OWNER><SPLITPCT>100</SPLITPCT><SHOW>false</SHOW><FEATURES><FEATURE>Category</FEATURE><FEATURE>Story</FEATURE><FEATURE>Link</FEATURE></FEATURES><WIDTH>1</WIDTH><HEIGHT>1</HEIGHT><type>inline</type><application>banner</application><clientgroups><clientgroup>generic</clientgroup></clientgroups></AD><AD SZ="wnsz_18"><NAME>Vertical Banner - B</NAME><OWNER>nat</OWNER><SPLITPCT>100</SPLITPCT><SHOW>false</SHOW><FEATURES><FEATURE>Category</FEATURE><FEATURE>Story</FEATURE></FEATURES><WIDTH>120</WIDTH><HEIGHT>240</HEIGHT><type>dom</type><application>banner</application><clientgroups><clientgroup>generic</clientgroup></clientgroups></AD><AD SZ="wnsz_20"><NAME>Rectangle</NAME><OWNER>loc</OWNER><SPLITPCT>100</SPLITPCT><SHOW>true</SHOW><FEATURES><FEATURE>Category</FEATURE><FEATURE>Story</FEATURE></FEATURES><WIDTH>180</WIDTH><HEIGHT>150</HEIGHT><type>dom</type><application>banner</application><clientgroups><clientgroup>generic</clientgroup></clientgroups></AD><AD SZ="wnsz_21"><NAME>Poll</NAME><OWNER>loc</OWNER><SPLITPCT>100</SPLITPCT><SHOW>false</SHOW><FEATURES><FEATURE>Category</FEATURE><FEATURE>Story</FEATURE></FEATURES><WIDTH>88</WIDTH><HEIGHT>31</HEIGHT><type>dom</type><application>content</application><clientgroups><clientgroup>generic</clientgroup></clientgroups></AD><AD SZ="wnsz_22"><NAME>Sponsorship Header - A</NAME><OWNER>loc</OWNER><SPLITPCT>100</SPLITPCT><SHOW>true</SHOW><FEATURES><FEATURE>Category</FEATURE><FEATURE>Story</FEATURE></FEATURES><WIDTH>490</WIDTH><HEIGHT>25</HEIGHT><type>dom</type><application>banner</application><clientgroups><clientgroup>generic</clientgroup></clientgroups></AD><AD SZ="wnsz_23"><NAME>Vertical Banner - A</NAME><OWNER>loc</OWNER><SPLITPCT>100</SPLITPCT><SHOW>true</SHOW><FEATURES><FEATURE>Category</FEATURE><FEATURE>Story</FEATURE><FEATURE>Link</FEATURE></FEATURES><WIDTH>120</WIDTH><HEIGHT>240</HEIGHT><type>dom</type><application>banner</application><clientgroups><clientgroup>generic</clientgroup></clientgroups></AD><AD SZ="wnsz_24"><NAME>Weather</NAME><OWNER>loc</OWNER><SPLITPCT>100</SPLITPCT><SHOW>false</SHOW><FEATURES><FEATURE>Category</FEATURE><FEATURE>Story</FEATURE></FEATURES><WIDTH>120</WIDTH><HEIGHT>15</HEIGHT><type>dom</type><application>banner</application><clientgroups><clientgroup>generic</clientgroup></clientgroups></AD><AD SZ="wnsz_26"><NAME>Button - A</NAME><OWNER>loc</OWNER><SPLITPCT>100</SPLITPCT><SHOW>true</SHOW><FEATURES><FEATURE>Category</FEATURE><FEATURE>Story</FEATURE><FEATURE>Link</FEATURE></FEATURES><WIDTH>120</WIDTH><HEIGHT>60</HEIGHT><type>dom</type><application>banner</application><clientgroups><clientgroup>generic</clientgroup></clientgroups></AD><AD SZ="wnsz_27"><NAME>Button - B</NAME><OWNER>loc</OWNER><SPLITPCT>100</SPLITPCT><SHOW>false</SHOW><FEATURES><FEATURE>Category</FEATURE><FEATURE>Story</FEATURE><FEATURE>Link</FEATURE></FEATURES><WIDTH>120</WIDTH><HEIGHT>60</HEIGHT><type>dom</type><application>banner</application><clientgroups><clientgroup>generic</clientgroup></clientgroups></AD><AD SZ="wnsz_28"><NAME>Button - C</NAME><OWNER>loc</OWNER><SPLITPCT>100</SPLITPCT><SHOW>true</SHOW><FEATURES><FEATURE>Category</FEATURE><FEATURE>Story</FEATURE><FEATURE>Link</FEATURE></FEATURES><WIDTH>120</WIDTH><HEIGHT>60</HEIGHT><type>dom</type><application>banner</application><clientgroups><clientgroup>generic</clientgroup></clientgroups></AD><AD SZ="wnsz_30"><NAME>Intro Commercial</NAME><OWNER>loc</OWNER><SPLITPCT>100</SPLITPCT><SHOW>true</SHOW><FEATURES><FEATURE>Video</FEATURE></FEATURES><WIDTH>10</WIDTH><HEIGHT>10</HEIGHT><type>async</type><application>video</application><clientgroups><clientgroup>generic</clientgroup></clientgroups></AD><AD SZ="wnsz_31"><NAME>Exit Commercial</NAME><OWNER>loc</OWNER><SPLITPCT>100</SPLITPCT><SHOW>true</SHOW><FEATURES><FEATURE>Video</FEATURE></FEATURES><WIDTH>11</WIDTH><HEIGHT>11</HEIGHT><type>async</type><application>video</application><clientgroups><clientgroup>generic</clientgroup></clientgroups></AD><AD SZ="wnsz_35"><NAME>Rectangle - B</NAME><OWNER>loc</OWNER><SPLITPCT>100</SPLITPCT><SHOW>true</SHOW><FEATURES><FEATURE>Category</FEATURE></FEATURES><WIDTH>180</WIDTH><HEIGHT>150</HEIGHT><type>dom</type><application>banner</application><clientgroups><clientgroup>generic</clientgroup></clientgroups></AD><AD SZ="wnsz_36"><NAME>Printable Page Banner</NAME><OWNER>loc</OWNER><SPLITPCT>100</SPLITPCT><SHOW>true</SHOW><FEATURES><FEATURE>Direct Email</FEATURE></FEATURES><WIDTH>468</WIDTH><HEIGHT>60</HEIGHT><type>dom</type><application>printable</application><clientgroups><clientgroup>generic</clientgroup></clientgroups></AD><AD SZ="wnsz_37"><NAME>Direct Email Vertical Banner - A</NAME><OWNER>loc</OWNER><SPLITPCT>100</SPLITPCT><SHOW>true</SHOW><FEATURES><FEATURE>Direct Email</FEATURE></FEATURES><type>dom</type><application>banner</application><clientgroups><clientgroup>email</clientgroup></clientgroups></AD><AD SZ="wnsz_38"><NAME>Direct Email Text - A</NAME><OWNER>nat</OWNER><SPLITPCT>100</SPLITPCT><SHOW>false</SHOW><FEATURES><FEATURE>Direct Email</FEATURE></FEATURES><type>dom</type><application>banner</application><clientgroups><clientgroup>email</clientgroup></clientgroups></AD><AD SZ="wnsz_39"><NAME>Direct Email Text - B</NAME><OWNER>loc</OWNER><SPLITPCT>100</SPLITPCT><SHOW>false</SHOW><FEATURES><FEATURE>Direct Email</FEATURE></FEATURES><type>dom</type><application>banner</application><clientgroups><clientgroup>email</clientgroup></clientgroups></AD><AD SZ="wnsz_40"><NAME>Printable Page Banner</NAME><OWNER>loc</OWNER><SPLITPCT>100</SPLITPCT><SHOW>true</SHOW><FEATURES><FEATURE>Story</FEATURE></FEATURES><WIDTH>468</WIDTH><HEIGHT>60</HEIGHT><type>dom</type><application>printable</application><clientgroups><clientgroup>generic</clientgroup></clientgroups></AD><AD SZ="wnsz_41"><NAME>Leaderboard A</NAME><OWNER>nat</OWNER><SPLITPCT>50</SPLITPCT><SHOW>true</SHOW><FEATURES><FEATURE>Category</FEATURE><FEATURE>Story</FEATURE><FEATURE>Link</FEATURE><FEATURE>Video</FEATURE></FEATURES><WIDTH>728</WIDTH><HEIGHT>90</HEIGHT><type>dom</type><application>banner</application><clientgroups><clientgroup>generic</clientgroup></clientgroups></AD><AD SZ="wnsz_42"><NAME>Wide Skyscraper</NAME><OWNER>nat</OWNER><SPLITPCT>100</SPLITPCT><SHOW>false</SHOW><FEATURES><FEATURE>Category</FEATURE><FEATURE>Story</FEATURE><FEATURE>Link</FEATURE></FEATURES><WIDTH>160</WIDTH><HEIGHT>600</HEIGHT><type>dom</type><application>banner</application><clientgroups><clientgroup>generic</clientgroup></clientgroups></AD><AD SZ="wnsz_43"><NAME>Medium Rectangle - A</NAME><OWNER>nat</OWNER><SPLITPCT>50</SPLITPCT><SHOW>true</SHOW><FEATURES><FEATURE>Category</FEATURE><FEATURE>Link</FEATURE></FEATURES><WIDTH>300</WIDTH><HEIGHT>250</HEIGHT><type>dom</type><application>banner</application><clientgroups><clientgroup>generic</clientgroup></clientgroups></AD><AD SZ="wnsz_44"><NAME>National Promo</NAME><OWNER>nat</OWNER><SPLITPCT>100</SPLITPCT><SHOW>false</SHOW><FEATURES><FEATURE>Category</FEATURE><FEATURE>Story</FEATURE><FEATURE>Link</FEATURE></FEATURES><WIDTH>300</WIDTH><HEIGHT>75</HEIGHT><type>inline</type><application>banner</application><clientgroups><clientgroup>generic</clientgroup></clientgroups></AD><AD SZ="wnsz_45"><NAME>Story Wrap</NAME><OWNER>loc</OWNER><SPLITPCT>100</SPLITPCT><SHOW>true</SHOW><FEATURES><FEATURE>Category</FEATURE><FEATURE>Story</FEATURE></FEATURES><WIDTH>1</WIDTH><HEIGHT>1</HEIGHT><type>inline</type><application>banner</application><clientgroups><clientgroup>generic</clientgroup></clientgroups></AD><AD SZ="wnsz_46"><NAME>Leaderboard B</NAME><OWNER>nat</OWNER><SPLITPCT>50</SPLITPCT><SHOW>true</SHOW><FEATURES><FEATURE>Category</FEATURE><FEATURE>Story</FEATURE><FEATURE>Link</FEATURE></FEATURES><WIDTH>728</WIDTH><HEIGHT>90</HEIGHT><type>dom</type><application>banner</application><clientgroups><clientgroup>generic</clientgroup></clientgroups></AD><AD SZ="wnsz_47"><NAME>Spotlight</NAME><OWNER>nat</OWNER><SPLITPCT>100</SPLITPCT><SHOW>false</SHOW><FEATURES><FEATURE>Category</FEATURE><FEATURE>Story</FEATURE><FEATURE>Link</FEATURE></FEATURES><WIDTH>300</WIDTH><HEIGHT>150</HEIGHT><type>dom</type><application>banner</application><clientgroups><clientgroup>generic</clientgroup></clientgroups></AD><AD SZ="wnsz_48"><NAME>Direct Email Vertical Banner - B</NAME><OWNER>nat</OWNER><SPLITPCT>100</SPLITPCT><SHOW>true</SHOW><FEATURES><FEATURE>Direct Email</FEATURE></FEATURES><type>dom</type><application>banner</application><clientgroups><clientgroup>email</clientgroup></clientgroups></AD><AD SZ="wnsz_49"><NAME>Footer A</NAME><OWNER>nat</OWNER><SPLITPCT>100</SPLITPCT><SHOW>true</SHOW><FEATURES><FEATURE>Category</FEATURE><FEATURE>Story</FEATURE><FEATURE>Link</FEATURE></FEATURES><WIDTH>500</WIDTH><HEIGHT>300</HEIGHT><type>dom</type><application>banner</application><clientgroups><clientgroup>generic</clientgroup></clientgroups></AD><AD SZ="wnsz_50"><NAME>Rectangle A</NAME><OWNER>nat</OWNER><SPLITPCT>100</SPLITPCT><SHOW>true</SHOW><FEATURES><FEATURE>Category</FEATURE><FEATURE>Story</FEATURE><FEATURE>Link</FEATURE></FEATURES><WIDTH>300</WIDTH><HEIGHT>175</HEIGHT><type>dom</type><application>banner</application><clientgroups><clientgroup>generic</clientgroup></clientgroups></AD><AD SZ="wnsz_52"><NAME>Medium Rectangle - B</NAME><OWNER>nat</OWNER><SPLITPCT>50</SPLITPCT><SHOW>true</SHOW><FEATURES><FEATURE>Category</FEATURE><FEATURE>Story</FEATURE><FEATURE>Link</FEATURE></FEATURES><WIDTH>300</WIDTH><HEIGHT>250</HEIGHT><type>dom</type><application>banner</application><clientgroups><clientgroup>generic</clientgroup></clientgroups></AD><AD SZ="wnsz_54"><NAME>Footer B</NAME><OWNER>nat</OWNER><SPLITPCT>100</SPLITPCT><SHOW>false</SHOW><FEATURES><FEATURE>Category</FEATURE><FEATURE>Story</FEATURE><FEATURE>Link</FEATURE></FEATURES><WIDTH>645</WIDTH><HEIGHT>300</HEIGHT><type>dom</type><application>banner</application><clientgroups><clientgroup>generic</clientgroup></clientgroups></AD><AD SZ="wnsz_63"><NAME>Half Page</NAME><OWNER>nat</OWNER><SPLITPCT>50</SPLITPCT><SHOW>true</SHOW><FEATURES><FEATURE>Story</FEATURE></FEATURES><WIDTH>300</WIDTH><HEIGHT>600</HEIGHT><type>inline</type><application>banner</application><clientgroups><clientgroup>generic</clientgroup></clientgroups></AD><AD SZ="wnsz_85"><NAME>Pencil</NAME><OWNER>nat</OWNER><SPLITPCT>50</SPLITPCT><SHOW>false</SHOW><FEATURES><FEATURE>Category</FEATURE><FEATURE>Story</FEATURE><FEATURE>Link</FEATURE></FEATURES><WIDTH>850</WIDTH><HEIGHT>30</HEIGHT><type>inline</type><application>banner</application><clientgroups><clientgroup>generic</clientgroup></clientgroups></AD><AD SZ="wnsz_86"><NAME>Pencil - Large</NAME><OWNER>nat</OWNER><SPLITPCT>100</SPLITPCT><SHOW>true</SHOW><FEATURES><FEATURE>Category</FEATURE><FEATURE>Story</FEATURE><FEATURE>Link</FEATURE></FEATURES><WIDTH>980</WIDTH><HEIGHT>30</HEIGHT><type>inline</type><application>banner</application><clientgroups><clientgroup>generic</clientgroup></clientgroups></AD><AD SZ="wnsz_88"><NAME>Logo Sponsorship</NAME><OWNER>nat</OWNER><SPLITPCT>100</SPLITPCT><SHOW>false</SHOW><FEATURES><FEATURE>Category</FEATURE></FEATURES><WIDTH>94</WIDTH><HEIGHT>19</HEIGHT><type>dom</type><application>content</application><clientgroups><clientgroup>generic</clientgroup></clientgroups></AD><AD SZ="wnsz_101"><NAME>Spotlight - Mobile</NAME><OWNER>nat</OWNER><SPLITPCT>100</SPLITPCT><SHOW>true</SHOW><FEATURES><FEATURE>Category</FEATURE><FEATURE>Story</FEATURE><FEATURE>Link</FEATURE></FEATURES><WIDTH>300</WIDTH><HEIGHT>150</HEIGHT><type>dom</type><application>banner</application><clientgroups><clientgroup>smartdevice</clientgroup></clientgroups></AD><AD SZ="wnsz_103"><NAME>Medium Rectangle A - Mobile</NAME><OWNER>nat</OWNER><SPLITPCT>100</SPLITPCT><SHOW>true</SHOW><FEATURES><FEATURE>Category</FEATURE><FEATURE>Story</FEATURE><FEATURE>Link</FEATURE><FEATURE>Video</FEATURE></FEATURES><WIDTH>300</WIDTH><HEIGHT>250</HEIGHT><type>dom</type><application>banner</application><clientgroups><clientgroup>smartdevice</clientgroup></clientgroups></AD><AD SZ="wnsz_104"><NAME>Full Banner - Mobile</NAME><OWNER>nat</OWNER><SPLITPCT>100</SPLITPCT><SHOW>true</SHOW><FEATURES><FEATURE>Category</FEATURE><FEATURE>Story</FEATURE><FEATURE>Link</FEATURE><FEATURE>Video</FEATURE></FEATURES><WIDTH>468</WIDTH><HEIGHT>60</HEIGHT><type>dom</type><application>banner</application><clientgroups><clientgroup>smartdevice</clientgroup></clientgroups></AD><AD SZ="wnsz_105"><NAME>Leaderboard B - Mobile</NAME><OWNER>nat</OWNER><SPLITPCT>100</SPLITPCT><SHOW>true</SHOW><FEATURES><FEATURE>Category</FEATURE></FEATURES><WIDTH>728</WIDTH><HEIGHT>90</HEIGHT><type>dom</type><application>banner</application><clientgroups><clientgroup>smartdevice</clientgroup></clientgroups></AD><AD SZ="wnsz_106"><NAME>Leaderboard A - Mobile</NAME><OWNER>nat</OWNER><SPLITPCT>100</SPLITPCT><SHOW>true</SHOW><FEATURES><FEATURE>Story</FEATURE><FEATURE>Video</FEATURE></FEATURES><WIDTH>728</WIDTH><HEIGHT>90</HEIGHT><type>dom</type><application>banner</application><clientgroups><clientgroup>smartdevice</clientgroup></clientgroups></AD><AD SZ="wnsz_107"><NAME>In-Content - Mobile</NAME><OWNER>loc</OWNER><SPLITPCT>100</SPLITPCT><SHOW>false</SHOW><FEATURES><FEATURE>Category</FEATURE><FEATURE>Story</FEATURE></FEATURES><WIDTH>300</WIDTH><HEIGHT>250</HEIGHT><type>dom</type><application>banner</application><clientgroups><clientgroup>smartdevice</clientgroup></clientgroups></AD><AD SZ="wnsz_108"><NAME>Rich Media - Mobile</NAME><OWNER>nat</OWNER><SPLITPCT>100</SPLITPCT><SHOW>false</SHOW><FEATURES><FEATURE>Category</FEATURE><FEATURE>Story</FEATURE><FEATURE>Link</FEATURE><FEATURE>Video</FEATURE></FEATURES><WIDTH>1</WIDTH><HEIGHT>1</HEIGHT><type>dom</type><application>banner</application><clientgroups><clientgroup>smartdevice</clientgroup></clientgroups></AD><AD SZ="wnsz_130"><NAME>Intro Commercial - Mobile</NAME><OWNER>nat</OWNER><SPLITPCT>100</SPLITPCT><SHOW>true</SHOW><FEATURES><FEATURE>Video</FEATURE></FEATURES><WIDTH>10</WIDTH><HEIGHT>10</HEIGHT><type>async</type><application>video</application><clientgroups><clientgroup>smartdevice</clientgroup></clientgroups></AD><AD SZ="wnsz_131"><NAME>Exit Commercial - Mobile</NAME><OWNER>nat</OWNER><SPLITPCT>100</SPLITPCT><SHOW>true</SHOW><FEATURES><FEATURE>Video</FEATURE></FEATURES><WIDTH>11</WIDTH><HEIGHT>11</HEIGHT><type>async</type><application>video</application><clientgroups><clientgroup>smartdevice</clientgroup></clientgroups></AD></ADS><GENERAL><AFFILIATENAME>WNOW</AFFILIATENAME><brandname><![CDATA[WNOW]]></brandname><AFFILIATENO>6</AFFILIATENO><TIMEZONE>-4</TIMEZONE><TIMEZONENAME>ET</TIMEZONENAME><SITEPROTOCOL>https://</SITEPROTOCOL><REF><MACHINENAME>DDEV1FLOW02</MACHINENAME><BUILDDATETIME><![CDATA[2018-09-21 05:52:50]]></BUILDDATETIME></REF><rootassociations><home>345</home><weather>12750</weather><search>3722</search><pop_video_search>3731</pop_video_search><pop_video_top>3732</pop_video_top><weatheralerts>46634</weatheralerts><video>165377</video><slideshow>174049</slideshow><mostpopularstory>187683</mostpopularstory><mostpopularvideo>187684</mostpopularvideo></rootassociations><FRAMESET><EMBEDDED><FRAMESETNO>0</FRAMESETNO><EMBEDDEDVIDEOENABLED>0</EMBEDDEDVIDEOENABLED></EMBEDDED></FRAMESET><STYLE><css><style selector="id" selectorvalue="WNAffWNOW"><properties><font-size unit="px">12</font-size><font-family>arial,verdana,sans-serif</font-family><font-weight /><color>#626262</color><border-color>#ffffff</border-color><border-width unit="px">0</border-width><border-style>solid</border-style><background-color>#CCCCCc</background-color><background-image /><background-repeat /></properties><style selector="class" selectorvalue="wnContainerMemberSearch"><properties><background-color>#ffffff</background-color><background-image /><background-repeat /></properties><style selector="class" selectorvalue="wnMemberCenter"><properties><font-size unit="px">11</font-size><font-family /><font-weight /><color>#000000</color><border-color /><border-width unit="px" /><border-style /><background-color /><background-image /><background-repeat /></properties><style selector="element" selectorvalue="a"><properties><font-size unit="px">11</font-size><font-family /><font-weight /><color>#000000</color><text-decoration>none</text-decoration></properties></style><style selector="element" selectorvalue="a:hover"><properties><font-size unit="px" /><font-family /><font-weight /><color>#000000</color><text-decoration>underline</text-decoration></properties></style></style><style selector="class" selectorvalue="wnSearchBox"><properties><font-size unit="px">11</font-size><font-family /><font-weight /><color>#000000</color><border-color /><border-width unit="px" /><border-style /><background-color /><background-image /><background-repeat /></properties></style></style><style selector="id" selectorvalue="WNHeader"><properties><font-size unit="px" /><font-family /><font-weight /><color /><border-color /><border-width unit="px" /><border-style /><background-color /><background-image /><background-repeat /></properties><style selector="id" selectorvalue="WNBranding"><style selector="class" selectorvalue="wnDS70"><style selector="class" selectorvalue="wnDVWxAbbreviated"><properties><font-size unit="px" /><font-family /><font-weight /><color /><border-color /><border-width unit="px" /><border-style /><background-color /><background-image /><background-repeat /></properties><style selector="element" selectorvalue="strong"><properties><font-size unit="px" /><font-family /><font-weight /><color /></properties></style><style selector="class" selectorvalue="wnWxHigh"><properties><font-size unit="px" /><font-family /><font-weight /><color /></properties></style><style selector="class" selectorvalue="wnWxLow"><properties><font-size unit="px" /><font-family /><font-weight /><color /></properties></style><style selector="class" selectorvalue="wnWxText"><properties><font-size unit="px" /><font-family /><font-weight /><color /></properties></style><style selector="class" selectorvalue="wnWxRightNow"><properties><font-size unit="px" /><font-family /><font-weight /><color /></properties></style><style selector="class" selectorvalue="wnWxLink"><properties><font-size unit="" /><font-family /><font-weight /><color /></properties></style><style selector="element" selectorvalue="a"><properties><font-size unit="px" /><font-family /><font-weight /><color /></properties></style></style></style></style></style><style selector="id" selectorvalue="WNColsAll"><style selector="class" selectorvalue="wnDSContainer-standard"><properties><font-size unit="px" /><font-family /><font-weight /><color /><border-color /><border-width unit="px" /><border-style /><background-color /><background-image /><background-repeat /></properties><style selector="element" selectorvalue="a"><properties><font-size unit="px" /><font-family /><font-weight /><color /><text-decoration /></properties></style><style selector="class" selectorvalue="wnDSHeader"><properties><font-size unit="px">14</font-size><font-family /><font-weight /><color>#ffffff</color><background-color>#017dc7</background-color><background-image /><background-repeat /></properties><style selector="element" selectorvalue="a"><properties><font-size unit="px" /><font-family /><font-weight /><color>#ffffff</color><text-decoration /></properties></style><style selector="element" selectorvalue="h4"><properties><padding-left unit="px" /><background-image /><background-repeat /><line-height unit="" /></properties></style><style selector="element" selectorvalue="h3"><properties><padding-left unit="px" /><background-image /><background-repeat /><line-height unit="" /></properties></style></style><style selector="class" selectorvalue="wnDSItemsList"><style selector="class" selectorvalue="wnDVHeadlineVideo"><properties><background-image>url('/images/static/video/gfx/icon_video.gif')</background-image><padding-left unit="px">23</padding-left></properties></style><style selector="element" selectorvalue="a"><properties><font-size unit="px" /><font-family /><font-weight /><color /><text-decoration /></properties></style></style><style selector="class" selectorvalue="wnDVSummary"><properties><font-size unit="px" /><font-family /><font-weight /><color /><border-color /><border-width unit="px" /><border-style /><background-color /><background-image /><background-repeat /></properties><style selector="class" selectorvalue="wnRole-CLIP"><properties><background-image>url('/images/static/video/gfx/icon_video.gif')</background-image><padding-left unit="px">23</padding-left></properties></style><style selector="element" selectorvalue="h4"><style selector="element" selectorvalue="a"><properties><font-size unit="px" /><font-family /><font-weight /><color /><text-decoration /></properties></style><style selector="element" selectorvalue="a:hover"><properties><font-size unit="px" /><font-family /><font-weight /><color /><text-decoration /></properties></style></style><style selector="class" selectorvalue="wnSummaryLink"><properties><font-size unit="px">12</font-size><font-family /><font-weight /><color>#007fc6</color><text-decoration /></properties></style></style><style selector="class" selectorvalue="wnSectionTitle"><properties><font-size unit="px" /><font-family /><font-weight /><color /><border-color /><border-width unit="px" /><border-style /><background-color /><background-image /><background-repeat /></properties></style><style selector="class" selectorvalue="wnImage"><properties><font-size unit="px" /><font-family /><font-weight /><color /><border-color /><border-width unit="px" /><border-style /><background-color /><background-image /><background-repeat /></properties></style></style><style selector="id" selectorvalue="WNMenuCol1"><properties><background-color /><background-image /><background-repeat /></properties></style><style selector="id" selectorvalue="WNDS40"><properties><font-size unit="">10</font-size><font-family /><font-weight /><color>#0B3148</color><border-color /><border-width unit="" /><border-style /><background-color>#F76A3A</background-color><background-image /><background-repeat /></properties><style selector="element" selectorvalue="h4"><properties><background-image /><font-size unit="">10</font-size><font-family /><font-weight /><color>#0B3148</color></properties></style><style selector="element" selectorvalue="a"><properties><font-size unit="">10</font-size><font-family /><font-weight /><color>#0B3148</color><text-decoration /></properties></style><style selector="element" selectorvalue="a:hover"><properties><font-size unit="" /><font-family /><font-weight /><color>#0B3148</color><text-decoration>underline</text-decoration></properties></style><style selector="element" selectorvalue="a:active"><properties><font-size unit="" /><font-family /><font-weight /><color /><text-decoration>underline</text-decoration></properties></style><style selector="element" selectorvalue="a:visited"><properties><font-size unit="" /><font-family /><font-weight /><color /><text-decoration>underline</text-decoration></properties></style></style><style selector="id" selectorvalue="WNCols23-4"><properties><background-color>#ffffff</background-color><background-image /><background-repeat /></properties><style selector="id" selectorvalue="WNCol23"><properties><background-color>#f5fafa</background-color><background-image /><background-repeat /></properties><style selector="id" selectorvalue="WNCol23Top"><style selector="id" selectorvalue="WNContainerHeader"><properties><font-size unit="" /><font-family /><font-weight /><color /><border-color /><border-width unit="" /><border-style /><background-color /><background-image /><background-repeat /></properties></style><style selector="class" selectorvalue="wnDS29" /><style selector="id" selectorvalue="WNTopStoryWrap"><properties><font-size unit="" /><font-family /><font-weight /><color /><border-color /><border-width unit="" /><border-style /><background-color /><background-image /><background-repeat /></properties><style selector="class" selectorvalue="wnDS-20"><style selector="element" selectorvalue="h4"><properties><font-size unit="" /><font-family /><font-weight /><color /></properties><style selector="element" selectorvalue="a"><properties><font-size unit="" /><font-family /><font-weight /><color /></properties></style></style><style selector="class" selectorvalue="wnDSHeader"><properties><font-size unit="" /><font-family /><font-weight /><color /><background-color /><background-image /><background-repeat /></properties></style><style selector="class" selectorvalue="wnDVSummary"><style selector="class" selectorvalue="wnSummaryLink"><properties><font-size unit="" /><font-family /><font-weight /><color /><text-decoration /></properties></style></style></style><style selector="class" selectorvalue="wnDS-18"><properties><font-size unit="" /><font-family /><font-weight /><color /><border-color /><border-width unit="" /><border-style /><background-color /><background-image /><background-repeat /></properties><style selector="class" selectorvalue="wnDSHeader"><properties><font-size unit="" /><font-family /><font-weight /><color /><background-color /><background-image /><background-repeat /></properties></style><style selector="class" selectorvalue="wnDSItemsList"><style selector="class" selectorvalue="wnDVHeadline"><properties><background-image /><padding-left unit="" /></properties></style></style></style><style selector="class" selectorvalue="wnDS48"><properties><font-size unit="" /><font-family /><font-weight /><color>#f0d3d3</color><border-color>#f2d0de</border-color><border-width unit="" /><border-style /><background-color>#c0e9ed</background-color><background-image /><background-repeat /></properties><style selector="class" selectorvalue="wnDSHeader"><properties><font-size unit="" /><font-family /><font-weight /><color>#de6060</color><background-color>#0c3308</background-color><background-image /><background-repeat /></properties><style selector="element" selectorvalue="h3" /><style selector="element" selectorvalue="h4" /></style></style></style></style><style selector="id" selectorvalue="WNCol23Bottom"><style selector="class" selectorvalue="wnDS31" /></style><style selector="id" selectorvalue="WNContainerStory"><properties><background-color /><background-image /><background-repeat /></properties><style selector="id" selectorvalue="WNStoryHeader"><style selector="element" selectorvalue="h3"><properties><font-size unit="" /><font-family /><font-weight /><color /></properties></style><style selector="class" selectorvalue="wnDate"><properties><font-size unit="" /><font-family /><font-weight /><color /></properties></style></style><style selector="id" selectorvalue="WNStoryRelatedBox"><properties><background-color /><background-image /><background-repeat /></properties></style><style selector="id" selectorvalue="WNStoryBody"><properties><font-size unit="" /><font-family /><font-weight /><color /></properties><style selector="element" selectorvalue="a"><properties><font-size unit="em" /><font-family /><font-weight /><color>#f24343</color><text-decoration /></properties></style><style selector="element" selectorvalue="a:hover"><properties><font-size unit="" /><font-family /><font-weight /><color /><text-decoration /></properties></style></style><style selector="id" selectorvalue="wnSocialToolsSection"><properties><font-size unit="" /><font-family /><font-weight /><color /></properties><style selector="element" selectorvalue="a"><properties><font-size unit="" /><font-family /><font-weight /><color /><text-decoration /></properties></style><style selector="element" selectorvalue="a:hover"><properties><font-size unit="" /><font-family /><font-weight /><color /><text-decoration /></properties></style><style selector="element" selectorvalue="a:active"><properties><font-size unit="" /><font-family /><font-weight /><color /><text-decoration /></properties></style><style selector="element" selectorvalue="a:visited"><properties><font-size unit="" /><font-family /><font-weight /><color /><text-decoration /></properties></style><style selector="element" selectorvalue="td"><properties><font-size unit="" /><font-family /><font-weight /><color /></properties></style><style selector="element" selectorvalue="textarea"><properties><font-size unit="" /><font-family /><font-weight /><color /></properties></style><style selector="class" selectorvalue="js-kit-comments"><properties><font-size unit="" /><font-family /><font-weight /><color /><background-color /><background-image /><background-repeat /></properties></style><style selector="id" selectorvalue="js-kit-body-element"><style selector="element" selectorvalue="td"><properties><font-size unit="" /><font-family /><font-weight /><color /></properties></style></style><style selector="class" selectorvalue="js-SettingsWindow"><style selector="element" selectorvalue="td"><properties><font-size unit="" /><font-family /><font-weight /><color /></properties></style></style><style selector="id" selectorvalue="wnJsKitRatingsAll"><properties><font-size unit="" /><font-family /><font-weight /><color /></properties></style><style selector="id" selectorvalue="wnJsKitCommentingAll"><properties><background-color /><background-image /><background-repeat /></properties></style><style selector="id" selectorvalue="wnJsKitCommentingLimited"><properties><border-color /></properties><style selector="class" selectorvalue="terms"><properties><font-size unit="" /><font-family /><font-weight /><color /></properties><style selector="element" selectorvalue="a"><properties><font-size unit="" /><font-family /><font-weight /><color /><text-decoration /></properties></style><style selector="element" selectorvalue="a:hover"><properties><font-size unit="" /><font-family /><font-weight /><color /><text-decoration /></properties></style><style selector="element" selectorvalue="a:active"><properties><font-size unit="" /><font-family /><font-weight /><color /><text-decoration /></properties></style><style selector="element" selectorvalue="a:visited"><properties><font-size unit="" /><font-family /><font-weight /><color /><text-decoration /></properties></style></style></style><style selector="class" selectorvalue="js-singleComment"><properties><border-color /></properties></style><style selector="class" selectorvalue="js-comment-stripe-1"><properties><font-size unit="" /><font-family /><font-weight /><color /><background-color /><background-image /><background-repeat /></properties><style selector="class" selectorvalue="js-singleCommentINFO"><properties><font-size unit="" /><font-family /><font-weight /><color /><border-left-width /><border-left-color /></properties></style></style><style selector="class" selectorvalue="js-comment-stripe-2"><properties><font-size unit="" /><font-family /><font-weight /><color /><background-color /><background-image /><background-repeat /></properties><style selector="class" selectorvalue="js-singleCommentINFO"><properties><font-size unit="" /><font-family /><font-weight /><color /><border-left-width /><border-left-color /></properties></style></style></style></style></style></style><style selector="id" selectorvalue="WNCol2"><style selector="class" selectorvalue="wnDSContainer-standard"><properties><font-size unit="" /><font-family /><font-weight /><color /><border-color /><border-width unit="" /><border-style /><background-color /><background-image /><background-repeat /></properties><style selector="element" selectorvalue="a"><properties><font-size unit="" /><font-family /><font-weight /><color /><text-decoration /></properties></style><style selector="class" selectorvalue="wnDSHeader"><properties><font-size unit="" /><font-family /><font-weight /><color /><background-color /><background-image /><background-repeat /></properties><style selector="element" selectorvalue="a"><properties><font-size unit="" /><font-family /><font-weight /><color>#ffffff</color><text-decoration>none</text-decoration></properties></style><style selector="element" selectorvalue="a:hover"><properties><font-size unit="" /><font-family /><font-weight /><color>#ffffff</color><text-decoration>underline</text-decoration></properties></style><style selector="element" selectorvalue="h4"><properties><padding-left unit="" /><background-image /><background-repeat /><line-height unit="" /></properties></style><style selector="element" selectorvalue="h3"><properties><padding-left unit="" /><background-image /><background-repeat /><line-height unit="" /></properties></style></style><style selector="class" selectorvalue="wnDVSummary"><properties><font-size unit="" /><font-family /><font-weight /><color /><border-color /><border-width unit="" /><border-style /><background-color /><background-image /><background-repeat /></properties><style selector="class" selectorvalue="wnRole-CLIP"><properties><background-image /><padding-left unit="" /></properties></style><style selector="element" selectorvalue="h4"><style selector="element" selectorvalue="a"><properties><font-size unit="" /><font-family /><font-weight /><color /><text-decoration /></properties></style><style selector="element" selectorvalue="a:hover"><properties><font-size unit="" /><font-family /><font-weight /><color /><text-decoration /></properties></style></style><style selector="class" selectorvalue="wnSummaryLink"><properties><font-size unit="" /><font-family /><font-weight /><color /><text-decoration /></properties></style></style><style selector="class" selectorvalue="wnDSItemsList"><style selector="class" selectorvalue="wnDVHeadlineVideo"><properties><background-image /><padding-left unit="" /></properties></style><style selector="element" selectorvalue="a"><properties><font-size unit="" /><font-family /><font-weight /><color /><text-decoration /></properties></style></style></style><style selector="class" selectorvalue="wnDS-20"><properties><font-size unit="" /><font-family /><font-weight /><color /><border-color /><border-width unit="" /><border-style /><background-color /><background-image /><background-repeat /></properties><style selector="element" selectorvalue="h4"><properties><font-size unit="" /><font-family /><font-weight /><color /></properties><style selector="element" selectorvalue="a"><properties><font-size unit="" /><font-family /><font-weight /><color /></properties></style></style><style selector="class" selectorvalue="wnDSHeader"><properties><font-size unit="" /><font-family /><font-weight /><color /><background-color /><background-image /><background-repeat /></properties></style></style><style selector="class" selectorvalue="wnDS16" /><style selector="class" selectorvalue="wnDS8" /><style selector="class" selectorvalue="wnDS8" /><style selector="class" selectorvalue="wnDS45"><properties><font-size unit="" /><font-family /><font-weight /><color /><border-color /><border-width unit="" /><border-style /><background-color /><background-image /><background-repeat /></properties><style selector="class" selectorvalue="wnDSHeader"><properties><font-size unit="" /><font-family /><font-weight /><color /><background-color /><background-image /><background-repeat /></properties></style></style><style selector="class" selectorvalue="wnDS11" /><style selector="class" selectorvalue="wnDS6"><style selector="class" selectorvalue="wnDSHeader"><style selector="element" selectorvalue="h3" /></style></style></style><style selector="id" selectorvalue="WNCol3"><properties><background-color /><background-image /><background-repeat /></properties><style selector="class" selectorvalue="wnDSContainer-standard"><properties><font-size unit="" /><font-family /><font-weight /><color /><border-color /><border-width unit="" /><border-style /><background-color /><background-image /><background-repeat /></properties><style selector="element" selectorvalue="a"><properties><font-size unit="" /><font-family /><font-weight /><color /><text-decoration /></properties></style><style selector="class" selectorvalue="wnDSHeader"><properties><font-size unit="" /><font-family /><font-weight /><color /><background-color /><background-image /><background-repeat /></properties><style selector="element" selectorvalue="a"><properties><font-size unit="" /><font-family /><font-weight /><color /><text-decoration /></properties></style><style selector="element" selectorvalue="a:hover"><properties><font-size unit="" /><font-family /><font-weight /><color /><text-decoration /></properties></style><style selector="element" selectorvalue="h4"><properties><padding-left unit="" /><background-image /><background-repeat /><line-height unit="" /></properties></style><style selector="element" selectorvalue="h3"><properties><padding-left unit="" /><background-image /><background-repeat /><line-height unit="" /></properties></style></style><style selector="class" selectorvalue="wnDVSummary"><properties><font-size unit="" /><font-family /><font-weight /><color /><border-color /><border-width unit="" /><border-style /><background-color /><background-image /><background-repeat /></properties><style selector="class" selectorvalue="wnRole-CLIP"><properties><background-image /><padding-left unit="" /></properties></style><style selector="element" selectorvalue="h4"><style selector="element" selectorvalue="a"><properties><font-size unit="" /><font-family /><font-weight /><color /><text-decoration /></properties></style><style selector="element" selectorvalue="a:hover"><properties><font-size unit="" /><font-family /><font-weight /><color /><text-decoration /></properties></style></style><style selector="class" selectorvalue="wnSummaryLink"><properties><font-size unit="" /><font-family /><font-weight /><color /><text-decoration /></properties></style></style><style selector="class" selectorvalue="wnDSItemsList"><style selector="class" selectorvalue="wnDVHeadlineVideo"><properties><background-image /><padding-left unit="" /></properties></style><style selector="element" selectorvalue="a"><properties><font-size unit="" /><font-family /><font-weight /><color /><text-decoration /></properties></style></style></style><style selector="class" selectorvalue="wnDS12"><properties><font-size unit="" /><font-family /><font-weight /><color /><border-color /><border-width unit="" /><border-style /><background-color /><background-image /><background-repeat /></properties><style selector="class" selectorvalue="wnDSHeader"><style selector="element" selectorvalue="h3"><properties><padding-left unit="" /><background-image /><background-repeat /><line-height unit="" /></properties></style></style></style><style selector="class" selectorvalue="wnDS17" /><style selector="class" selectorvalue="wnDS20"><properties><font-size unit="" /><font-family /><font-weight /><color /><border-color /><border-width unit="" /><border-style /><background-color /><background-image /><background-repeat /></properties><style selector="class" selectorvalue="wnDSHeader"><style selector="element" selectorvalue="h3"><properties><padding-left unit="" /><background-image /><background-repeat /><line-height unit="" /></properties></style></style></style><style selector="class" selectorvalue="wnDS13" /><style selector="class" selectorvalue="wnDS8" /><style selector="class" selectorvalue="wnDS8" /></style><style selector="id" selectorvalue="WNCol4"><properties><background-color /><background-image /><background-repeat /></properties><style selector="class" selectorvalue="wnDSContainer-standard"><style selector="element" selectorvalue="a"><properties><font-size unit="" /><font-family /><font-weight /><color /><text-decoration /></properties></style><style selector="class" selectorvalue="wnDSHeader"><style selector="element" selectorvalue="a"><properties><font-size unit="" /><font-family /><font-weight /><color /><text-decoration /></properties></style><style selector="element" selectorvalue="a:hover"><properties><font-size unit="" /><font-family /><font-weight /><color /><text-decoration /></properties></style></style><style selector="class" selectorvalue="wnDVSummary"><properties><font-size unit="" /><font-family /><font-weight /><color /><border-color /><border-width unit="" /><border-style /><background-color /><background-image /><background-repeat /></properties><style selector="class" selectorvalue="wnRole-CLIP"><properties><background-image /><padding-left unit="" /></properties></style><style selector="element" selectorvalue="h4"><style selector="element" selectorvalue="a"><properties><font-size unit="" /><font-family /><font-weight /><color /><text-decoration /></properties></style><style selector="element" selectorvalue="a:hover"><properties><font-size unit="" /><font-family /><font-weight /><color /><text-decoration /></properties></style></style><style selector="class" selectorvalue="wnSummaryLink"><properties><font-size unit="" /><font-family /><font-weight /><color /><text-decoration /></properties></style></style><style selector="class" selectorvalue="wnDSItemsList"><style selector="class" selectorvalue="wnDVHeadlineVideo"><properties><background-image /><padding-left unit="" /></properties></style><style selector="element" selectorvalue="a"><properties><font-size unit="" /><font-family /><font-weight /><color /><text-decoration /></properties></style></style></style><style selector="class" selectorvalue="wnDS60" /><style selector="class" selectorvalue="wnDS74"><style selector="class" selectorvalue="wnDVWxAbbreviated"><properties><font-size unit="" /><font-family /><font-weight /><color /><border-color /><border-width unit="" /><border-style /><background-color /><background-image /><background-repeat /></properties><style selector="element" selectorvalue="strong"><properties><font-size unit="" /><font-family /><font-weight /><color /></properties></style><style selector="class" selectorvalue="wnWxHigh"><properties><font-size unit="" /><font-family /><font-weight /><color /></properties></style><style selector="class" selectorvalue="wnWxLow"><properties><font-size unit="" /><font-family /><font-weight /><color /></properties></style><style selector="class" selectorvalue="wnWxText"><properties><font-size unit="" /><font-family /><font-weight /><color /></properties></style><style selector="class" selectorvalue="wnWxRightNow"><properties><font-size unit="" /><font-family /><font-weight /><color /></properties></style><style selector="class" selectorvalue="wnWxLink"><properties><font-size unit="" /><font-family /><font-weight /><color /></properties></style><style selector="element" selectorvalue="a"><properties><font-size unit="" /><font-family /><font-weight /><color /></properties></style></style></style><style selector="class" selectorvalue="wnDS62" /><style selector="class" selectorvalue="wnDS64" /><style selector="class" selectorvalue="wnDS66" /></style><style selector="id" selectorvalue="WNCol5"><properties><font-size unit="" /><font-family /><font-weight /><color /><border-color /><border-width unit="" /><border-style /><background-color /><background-image /><background-repeat /></properties><style selector="class" selectorvalue="wnDSContainer-standard"><properties><font-size unit="" /><font-family /><font-weight /><color /><border-color /><border-width unit="" /><border-style /><background-color /><background-image /><background-repeat /></properties><style selector="element" selectorvalue="a"><properties><font-size unit="" /><font-family /><font-weight /><color /><text-decoration /></properties></style><style selector="class" selectorvalue="wnDSItemsList"><style selector="class" selectorvalue="wnDVHeadlineVideo"><properties><background-image /><padding-left unit="" /></properties></style><style selector="element" selectorvalue="a"><properties><font-size unit="" /><font-family /><font-weight /><color /><text-decoration /></properties></style></style><style selector="class" selectorvalue="wnDVSummary"><properties><font-size unit="" /><font-family /><font-weight /><color /><border-color /><border-width unit="" /><border-style /><background-color /><background-image /><background-repeat /></properties><style selector="class" selectorvalue="wnRole-CLIP"><properties><background-image /><padding-left unit="" /></properties></style><style selector="element" selectorvalue="h4"><style selector="element" selectorvalue="a"><properties><font-size unit="" /><font-family /><font-weight /><color /><text-decoration /></properties></style><style selector="element" selectorvalue="a:hover"><properties><font-size unit="" /><font-family /><font-weight /><color /><text-decoration /></properties></style></style><style selector="class" selectorvalue="wnSummaryLink"><properties><font-size unit="" /><font-family /><font-weight /><color /><text-decoration /></properties></style></style></style></style></style><style selector="class" selectorvalue="wnDVWxFullForecast"><style selector="class" selectorvalue="wnWxExtendedForecast"><style selector="class" selectorvalue="wnWxDay"><properties><font-size unit="" /><font-family /><font-weight /><color /><border-color /><border-width unit="" /><border-style /><background-color /><background-image /><background-repeat /></properties><style selector="element" selectorvalue="h5"><properties><font-size unit="" /><font-family /><font-weight /><color /><background-color /><background-image /><background-repeat /></properties></style></style></style></style><style selector="id" selectorvalue="WNFooter"><properties><font-size unit="px">11</font-size><font-family /><font-weight /><color /><border-color>#CCCCCC</border-color><border-width unit="px">1</border-width><border-style>solid</border-style><background-color>#ffffff</background-color><background-image /><background-repeat /></properties><style selector="element" selectorvalue="a"><properties><font-size unit="px">11</font-size><font-family /><font-weight /><color>#626262</color><text-decoration>underline</text-decoration></properties></style><style selector="element" selectorvalue="a:hover"><properties><font-size unit="px" /><font-family /><font-weight /><color>#017dc7</color><text-decoration>underline</text-decoration></properties></style><style selector="element" selectorvalue="a:active"><properties><font-size unit="px" /><font-family /><font-weight /><color /><text-decoration>none</text-decoration></properties></style><style selector="element" selectorvalue="a:visited"><properties><font-size unit="px" /><font-family /><font-weight /><color /><text-decoration /></properties></style><style selector="id" selectorvalue="WNCopyright"><properties><font-size unit="" /><font-family /><font-weight /><color /><border-color /><border-width unit="" /><border-style /><background-color /><background-image /><background-repeat /></properties><style selector="class" selectorvalue="wnCopyrightText"><properties><font-size unit="" /><font-family /><font-weight /><color /><border-color /><border-width unit="" /><border-style /><background-color /><background-image /><background-repeat /></properties></style></style></style></style><style selector="class" selectorvalue="columnsall"><style selector="class" selectorvalue="columns"><style selector="element" selectorvalue="a"><properties><font-size unit="">12</font-size><font-family /><font-weight /><color>#000000</color><text-decoration>none</text-decoration></properties></style><style selector="element" selectorvalue="a:hover"><properties><font-size unit="" /><font-family /><font-weight /><color>#007fc6</color><text-decoration>none</text-decoration></properties></style></style></style><style selector="class" selectorvalue="displaySize"><properties><padding /><margin /><font-size unit="px">12</font-size><font-family>arial,verdana,sans-serif</font-family><font-weight /><color>#626262</color><border-color>#ededed</border-color><border-width unit="px">1</border-width><border-style>solid</border-style><background-color /><background-image /><background-repeat /><background-position /></properties><style selector="class" selectorvalue="header"><properties><border-color /><border-width unit="px" /><border-style /><background-color>#017dc7</background-color><background-image>url(/images/977b460a62af1fe493ed6244121a3162242c2b11.gif)</background-image><background-repeat>repeat-x</background-repeat><background-position>left bottom</background-position></properties><style selector="element" selectorvalue="h3"><properties><padding>5px 0 7px 10px</padding><margin /><background-color /><background-image>url(/images/98c8fde30f605d0e9ad688a9e4c0bb7f053415f7.gif)</background-image><background-repeat>no-repeat</background-repeat><background-position>left bottom</background-position></properties></style><style selector="class" selectorvalue="text"><properties><padding>0 0 0 0</padding><margin /><display>inline</display><font-size unit="px">16</font-size><font-family /><font-weight /><color>#ffffff</color><line-height unit="px" /></properties></style><style selector="class" selectorvalue="more"><properties><padding /><margin /><font-size unit="px">16</font-size><font-family /><font-weight /><color>#ffffff</color><text-decoration>none</text-decoration><float /><display /></properties></style><style selector="class" selectorvalue="more:hover"><properties><padding /><margin /><font-size unit="px" /><font-family /><font-weight /><color>#ffffff</color><text-decoration>underline</text-decoration><float /><display /></properties></style></style><style selector="class" selectorvalue="feature"><properties><padding /><margin /><font-size unit="px" /><font-family /><font-weight /><color /><background-color /><background-image /><background-repeat /><background-position /><border-color /><border-width unit="px" /><border-style /></properties></style><style selector="class" selectorvalue="sectionTitle"><properties><padding /><margin /><background-color /><background-image /><background-repeat /><background-position /><border-color /><border-width unit="px" /><border-style /></properties><style selector="class" selectorvalue="text"><properties><font-size unit="px" /><font-family /><font-weight /><color /></properties></style></style><style selector="class" selectorvalue="headline"><properties><padding /><margin /><background-color /><background-image /><background-repeat /><background-position /><border-color /><border-width unit="px" /><border-style /></properties><style selector="element" selectorvalue="a"><properties><font-size unit="px">12</font-size><font-family /><font-weight /><color>#000000</color><text-decoration>none</text-decoration></properties></style><style selector="element" selectorvalue="a:hover"><properties><font-size unit="px" /><font-family /><font-weight /><color>#007fc6</color><text-decoration>none</text-decoration></properties></style></style><style selector="class" selectorvalue="summary"><properties><padding /><margin /><background-color /><background-image /><background-repeat /><background-position /><border-color /><border-width unit="px" /><border-style /></properties><style selector="class" selectorvalue="text"><properties><font-size unit="px" /><font-family /><font-weight /><color /></properties></style><style selector="class" selectorvalue="more"><properties><display /><padding /><margin /><font-size unit="px">12</font-size><font-family /><font-weight /><color>#007fc6</color><text-decoration>none</text-decoration></properties></style><style selector="class" selectorvalue="more:hover"><properties><font-size unit="px" /><font-family /><font-weight /><color>#007fc6</color><text-decoration>underline</text-decoration></properties></style></style><style selector="class" selectorvalue="summary.abridged"><properties><padding /><margin /><background-color /><background-image /><background-repeat /><background-position /><border-color /><border-width unit="px" /><border-style /></properties><style selector="class" selectorvalue="text"><properties><font-size unit="px" /><font-family /><font-weight /><color /></properties></style></style><style selector="class" selectorvalue="wn-icon.wn-icon-clip"><properties><background-image>url(/images/3ae993d28044c462ef79ed9a08c76a1526580c8b.gif)</background-image><width unit="px">18</width></properties></style><style selector="class" selectorvalue="timestamps"><style selector="class" selectorvalue="timestamp.servertime"><properties><display>none</display></properties></style><style selector="class" selectorvalue="timestamp.mytime"><properties><display>none</display></properties></style><style selector="class" selectorvalue="timestamp.gmttime"><properties><display>none</display></properties></style><style selector="class" selectorvalue="timestamp.timeago"><properties><display>none</display></properties></style></style></style><style selector="class" selectorvalue="displaySize.displaySizeId-1"><properties><padding /><margin /><font-size unit="px" /><font-family /><font-weight /><color /><border-color /><border-width unit="px" /><border-style /><background-color /><background-image /><background-repeat /><background-position /></properties><style selector="class" selectorvalue="header"><properties><border-color /><border-width unit="px" /><border-style /><background-color /><background-image /><background-repeat /><background-position /></properties><style selector="element" selectorvalue="h3"><properties><padding /><margin /><background-color /><background-image /><background-repeat /><background-position /></properties></style><style selector="class" selectorvalue="text"><properties><padding /><margin /><display /><font-size unit="px" /><font-family /><font-weight /><color /><line-height unit="px" /></properties></style><style selector="class" selectorvalue="more"><properties><padding /><margin /><font-size unit="px" /><font-family /><font-weight /><color /><text-decoration /><float /><display /></properties></style><style selector="class" selectorvalue="more:hover"><properties><padding /><margin /><font-size unit="px" /><font-family /><font-weight /><color /><text-decoration /><float /><display /></properties></style></style><style selector="class" selectorvalue="feature"><properties><padding /><margin /><font-size unit="px" /><font-family /><font-weight /><color /><background-color /><background-image /><background-repeat /><background-position /><border-color /><border-width unit="px" /><border-style /></properties></style><style selector="class" selectorvalue="sectionTitle"><properties><padding /><margin /><background-color /><background-image /><background-repeat /><background-position /><border-color /><border-width unit="px" /><border-style /></properties><style selector="class" selectorvalue="text"><properties><font-size unit="px" /><font-family /><font-weight /><color /></properties></style></style><style selector="class" selectorvalue="headline"><properties><padding /><margin /><background-color /><background-image>url(/images/31d6739406d9522a945806665de9e081f9b6afae.gif)</background-image><background-repeat>no-repeat</background-repeat><background-position>left center</background-position><border-color /><border-width unit="px" /><border-style /></properties><style selector="element" selectorvalue="a"><properties><font-size unit="px" /><font-family /><font-weight /><color /><text-decoration /></properties></style><style selector="element" selectorvalue="a:hover"><properties><font-size unit="px" /><font-family /><font-weight /><color /><text-decoration /></properties></style></style><style selector="class" selectorvalue="summary"><properties><padding /><margin /><background-color /><background-image /><background-repeat /><background-position /><border-color /><border-width unit="px" /><border-style /></properties><style selector="class" selectorvalue="text"><properties><font-size unit="px" /><font-family /><font-weight /><color /></properties></style><style selector="class" selectorvalue="more"><properties><display /><padding /><margin /><font-size unit="px" /><font-family /><font-weight /><color /><text-decoration /></properties></style><style selector="class" selectorvalue="more:hover"><properties><font-size unit="px" /><font-family /><font-weight /><color /><text-decoration /></properties></style></style><style selector="class" selectorvalue="summary.abridged"><properties><padding /><margin /><background-color /><background-image /><background-repeat /><background-position /><border-color /><border-width unit="px" /><border-style /></properties><style selector="class" selectorvalue="text"><properties><font-size unit="px" /><font-family /><font-weight /><color /></properties></style></style><style selector="class" selectorvalue="wn-icon.wn-icon-clip"><properties><background-image /><width unit="px" /></properties></style><style selector="class" selectorvalue="timestamps"><style selector="class" selectorvalue="timestamp.servertime"><properties><display>none</display></properties></style><style selector="class" selectorvalue="timestamp.mytime"><properties><display>none</display></properties></style><style selector="class" selectorvalue="timestamp.gmttime"><properties><display>none</display></properties></style><style selector="class" selectorvalue="timestamp.timeago"><properties><display>none</display></properties></style></style></style><style selector="class" selectorvalue="displaySize.displaySizeId3"><properties><padding /><margin /><font-size unit="px" /><font-family /><font-weight /><color /><border-color /><border-width unit="px" /><border-style /><background-color /><background-image /><background-repeat /><background-position /></properties><style selector="class" selectorvalue="header"><properties><border-color /><border-width unit="px" /><border-style /><background-color /><background-image /><background-repeat /><background-position /></properties><style selector="element" selectorvalue="h3"><properties><padding /><margin /><background-color /><background-image /><background-repeat /><background-position /></properties></style><style selector="class" selectorvalue="text"><properties><padding /><margin /><display /><font-size unit="px" /><font-family /><font-weight /><color /><line-height unit="px" /></properties></style><style selector="class" selectorvalue="more"><properties><padding /><margin /><font-size unit="px" /><font-family /><font-weight /><color /><text-decoration /><float /><display /></properties></style><style selector="class" selectorvalue="more:hover"><properties><padding /><margin /><font-size unit="px" /><font-family /><font-weight /><color /><text-decoration /><float /><display /></properties></style></style><style selector="class" selectorvalue="feature"><properties><padding /><margin /><font-size unit="px" /><font-family /><font-weight /><color /><background-color /><background-image /><background-repeat /><background-position /><border-color /><border-width unit="px" /><border-style /></properties></style><style selector="class" selectorvalue="sectionTitle"><properties><padding /><margin /><background-color /><background-image /><background-repeat /><background-position /><border-color /><border-width unit="px" /><border-style /></properties><style selector="class" selectorvalue="text"><properties><font-size unit="px" /><font-family /><font-weight /><color /></properties></style></style><style selector="class" selectorvalue="headline"><properties><padding /><margin /><background-color /><background-image>url(/images/e4e7af9e4a52daded0d20193a77a6732de0168d0.gif)</background-image><background-repeat>no-repeat</background-repeat><background-position>left center</background-position><border-color /><border-width unit="px" /><border-style /></properties><style selector="element" selectorvalue="a"><properties><font-size unit="px" /><font-family /><font-weight /><color /><text-decoration /></properties></style><style selector="element" selectorvalue="a:hover"><properties><font-size unit="px" /><font-family /><font-weight /><color /><text-decoration /></properties></style></style><style selector="class" selectorvalue="summary"><properties><padding /><margin /><background-color /><background-image /><background-repeat /><background-position /><border-color /><border-width unit="px" /><border-style /></properties><style selector="class" selectorvalue="text"><properties><font-size unit="px" /><font-family /><font-weight /><color /></properties></style><style selector="class" selectorvalue="more"><properties><display /><padding /><margin /><font-size unit="px" /><font-family /><font-weight /><color /><text-decoration /></properties></style><style selector="class" selectorvalue="more:hover"><properties><font-size unit="px" /><font-family /><font-weight /><color /><text-decoration /></properties></style></style><style selector="class" selectorvalue="summary.abridged"><properties><padding /><margin /><background-color /><background-image /><background-repeat /><background-position /><border-color /><border-width unit="px" /><border-style /></properties><style selector="class" selectorvalue="text"><properties><font-size unit="px" /><font-family /><font-weight /><color /></properties></style></style><style selector="class" selectorvalue="wn-icon.wn-icon-clip"><properties><background-image /><width unit="px" /></properties></style><style selector="class" selectorvalue="timestamps"><style selector="class" selectorvalue="timestamp.servertime"><properties><display>none</display></properties></style><style selector="class" selectorvalue="timestamp.mytime"><properties><display>none</display></properties></style><style selector="class" selectorvalue="timestamp.gmttime"><properties><display>none</display></properties></style><style selector="class" selectorvalue="timestamp.timeago"><properties><display>none</display></properties></style></style></style><style selector="class" selectorvalue="displaySize.displaySizeId-4"><properties><padding /><margin /><font-size unit="px" /><font-family /><font-weight /><color /><border-color /><border-width unit="px" /><border-style /><background-color /><background-image /><background-repeat /><background-position /></properties><style selector="class" selectorvalue="header"><properties><border-color /><border-width unit="px" /><border-style /><background-color /><background-image /><background-repeat /><background-position /></properties><style selector="element" selectorvalue="h3"><properties><padding /><margin /><background-color /><background-image /><background-repeat /><background-position /></properties></style><style selector="class" selectorvalue="text"><properties><padding /><margin /><display /><font-size unit="px" /><font-family /><font-weight /><color /><line-height unit="px" /></properties></style><style selector="class" selectorvalue="more"><properties><padding /><margin /><font-size unit="px" /><font-family /><font-weight /><color /><text-decoration /><float /><display /></properties></style><style selector="class" selectorvalue="more:hover"><properties><padding /><margin /><font-size unit="px" /><font-family /><font-weight /><color /><text-decoration /><float /><display /></properties></style></style><style selector="class" selectorvalue="feature"><properties><padding /><margin /><font-size unit="px" /><font-family /><font-weight /><color /><background-color /><background-image /><background-repeat /><background-position /><border-color /><border-width unit="px" /><border-style /></properties></style><style selector="class" selectorvalue="sectionTitle"><properties><padding /><margin /><background-color /><background-image /><background-repeat /><background-position /><border-color /><border-width unit="px" /><border-style /></properties><style selector="class" selectorvalue="text"><properties><font-size unit="px" /><font-family /><font-weight /><color /></properties></style></style><style selector="class" selectorvalue="headline"><properties><padding /><margin /><background-color /><background-image /><background-repeat /><background-position /><border-color /><border-width unit="px" /><border-style /></properties><style selector="element" selectorvalue="a"><properties><font-size unit="px" /><font-family /><font-weight /><color /><text-decoration /></properties></style><style selector="element" selectorvalue="a:hover"><properties><font-size unit="px" /><font-family /><font-weight /><color /><text-decoration /></properties></style></style><style selector="class" selectorvalue="summary"><properties><padding /><margin /><background-color /><background-image /><background-repeat /><background-position /><border-color /><border-width unit="px" /><border-style /></properties><style selector="class" selectorvalue="text"><properties><font-size unit="px" /><font-family /><font-weight /><color /></properties></style><style selector="class" selectorvalue="more"><properties><display /><padding /><margin /><font-size unit="px" /><font-family /><font-weight /><color /><text-decoration /></properties></style><style selector="class" selectorvalue="more:hover"><properties><font-size unit="px" /><font-family /><font-weight /><color /><text-decoration /></properties></style></style><style selector="class" selectorvalue="summary.abridged"><properties><padding /><margin /><background-color /><background-image /><background-repeat /><background-position /><border-color /><border-width unit="px" /><border-style /></properties><style selector="class" selectorvalue="text"><properties><font-size unit="px" /><font-family /><font-weight /><color /></properties></style></style><style selector="class" selectorvalue="wn-icon.wn-icon-clip"><properties><background-image /><width unit="px" /></properties></style><style selector="class" selectorvalue="timestamps"><style selector="class" selectorvalue="timestamp.servertime"><properties><display>none</display></properties></style><style selector="class" selectorvalue="timestamp.mytime"><properties><display>inline</display></properties></style><style selector="class" selectorvalue="timestamp.gmttime"><properties><display>none</display></properties></style><style selector="class" selectorvalue="timestamp.timeago"><properties><display>none</display></properties></style></style></style><style selector="class" selectorvalue="displaySize.displaySizeId4"><properties><padding /><margin /><font-size unit="px" /><font-family /><font-weight /><color /><border-color /><border-width unit="px" /><border-style /><background-color /><background-image /><background-repeat /><background-position /></properties><style selector="class" selectorvalue="header"><properties><border-color /><border-width unit="px" /><border-style /><background-color /><background-image /><background-repeat /><background-position /></properties><style selector="element" selectorvalue="h3"><properties><padding /><margin /><background-color /><background-image /><background-repeat /><background-position /></properties></style><style selector="class" selectorvalue="text"><properties><padding /><margin /><display /><font-size unit="px" /><font-family /><font-weight /><color /><line-height unit="px" /></properties></style><style selector="class" selectorvalue="more"><properties><padding /><margin /><font-size unit="px" /><font-family /><font-weight /><color /><text-decoration /><float /><display /></properties></style><style selector="class" selectorvalue="more:hover"><properties><padding /><margin /><font-size unit="px" /><font-family /><font-weight /><color /><text-decoration /><float /><display /></properties></style></style><style selector="class" selectorvalue="feature"><properties><padding /><margin /><font-size unit="px" /><font-family /><font-weight /><color /><background-color /><background-image /><background-repeat /><background-position /><border-color /><border-width unit="px" /><border-style /></properties></style><style selector="class" selectorvalue="sectionTitle"><properties><padding /><margin /><background-color /><background-image /><background-repeat /><background-position /><border-color /><border-width unit="px" /><border-style /></properties><style selector="class" selectorvalue="text"><properties><font-size unit="px" /><font-family /><font-weight /><color /></properties></style></style><style selector="class" selectorvalue="headline"><properties><padding /><margin /><background-color /><background-image /><background-repeat /><background-position /><border-color /><border-width unit="px" /><border-style /></properties><style selector="element" selectorvalue="a"><properties><font-size unit="px" /><font-family /><font-weight /><color /><text-decoration /></properties></style><style selector="element" selectorvalue="a:hover"><properties><font-size unit="px" /><font-family /><font-weight /><color /><text-decoration /></properties></style></style><style selector="class" selectorvalue="summary"><properties><padding /><margin /><background-color /><background-image /><background-repeat /><background-position /><border-color /><border-width unit="px" /><border-style /></properties><style selector="class" selectorvalue="text"><properties><font-size unit="px" /><font-family /><font-weight /><color /></properties></style><style selector="class" selectorvalue="more"><properties><display /><padding /><margin /><font-size unit="px" /><font-family /><font-weight /><color /><text-decoration /></properties></style><style selector="class" selectorvalue="more:hover"><properties><font-size unit="px" /><font-family /><font-weight /><color /><text-decoration /></properties></style></style><style selector="class" selectorvalue="summary.abridged"><properties><padding /><margin /><background-color /><background-image /><background-repeat /><background-position /><border-color /><border-width unit="px" /><border-style /></properties><style selector="class" selectorvalue="text"><properties><font-size unit="px" /><font-family /><font-weight /><color /></properties></style></style><style selector="class" selectorvalue="wn-icon.wn-icon-clip"><properties><background-image /><width unit="px" /></properties></style><style selector="class" selectorvalue="timestamps"><style selector="class" selectorvalue="timestamp.servertime"><properties><display>none</display></properties></style><style selector="class" selectorvalue="timestamp.mytime"><properties><display>none</display></properties></style><style selector="class" selectorvalue="timestamp.gmttime"><properties><display>none</display></properties></style><style selector="class" selectorvalue="timestamp.timeago"><properties><display>none</display></properties></style></style></style><style selector="class" selectorvalue="displaySize.displaySizeId-7"><properties><padding /><margin /><font-size unit="px" /><font-family /><font-weight /><color /><border-color /><border-width unit="px" /><border-style /><background-color /><background-image /><background-repeat /><background-position /></properties><style selector="class" selectorvalue="header"><properties><border-color /><border-width unit="px" /><border-style /><background-color /><background-image /><background-repeat /><background-position /></properties><style selector="element" selectorvalue="h3"><properties><padding /><margin /><background-color /><background-image /><background-repeat /><background-position /></properties></style><style selector="class" selectorvalue="text"><properties><padding /><margin /><display /><font-size unit="px" /><font-family /><font-weight /><color /><line-height unit="px" /></properties></style><style selector="class" selectorvalue="more"><properties><padding /><margin /><font-size unit="px" /><font-family /><font-weight /><color /><text-decoration /><float /><display /></properties></style><style selector="class" selectorvalue="more:hover"><properties><padding /><margin /><font-size unit="px" /><font-family /><font-weight /><color /><text-decoration /><float /><display /></properties></style></style><style selector="class" selectorvalue="feature"><properties><padding /><margin /><font-size unit="px" /><font-family /><font-weight /><color /><background-color /><background-image /><background-repeat /><background-position /><border-color /><border-width unit="px" /><border-style /></properties></style><style selector="class" selectorvalue="sectionTitle"><properties><padding /><margin /><background-color /><background-image /><background-repeat /><background-position /><border-color /><border-width unit="px" /><border-style /></properties><style selector="class" selectorvalue="text"><properties><font-size unit="px" /><font-family /><font-weight /><color /></properties></style></style><style selector="class" selectorvalue="headline"><properties><padding /><margin /><background-color /><background-image /><background-repeat /><background-position /><border-color /><border-width unit="px" /><border-style /></properties><style selector="element" selectorvalue="a"><properties><font-size unit="px" /><font-family /><font-weight /><color /><text-decoration /></properties></style><style selector="element" selectorvalue="a:hover"><properties><font-size unit="px" /><font-family /><font-weight /><color /><text-decoration /></properties></style></style><style selector="class" selectorvalue="summary"><properties><padding /><margin /><background-color /><background-image /><background-repeat /><background-position /><border-color /><border-width unit="px" /><border-style /></properties><style selector="class" selectorvalue="text"><properties><font-size unit="px" /><font-family /><font-weight /><color /></properties></style><style selector="class" selectorvalue="more"><properties><display /><padding /><margin /><font-size unit="px" /><font-family /><font-weight /><color /><text-decoration /></properties></style><style selector="class" selectorvalue="more:hover"><properties><font-size unit="px" /><font-family /><font-weight /><color /><text-decoration /></properties></style></style><style selector="class" selectorvalue="summary.abridged"><properties><padding /><margin /><background-color /><background-image /><background-repeat /><background-position /><border-color /><border-width unit="px" /><border-style /></properties><style selector="class" selectorvalue="text"><properties><font-size unit="px" /><font-family /><font-weight /><color /></properties></style></style><style selector="class" selectorvalue="wn-icon.wn-icon-clip"><properties><background-image /><width unit="px" /></properties></style><style selector="class" selectorvalue="timestamps"><style selector="class" selectorvalue="timestamp.servertime"><properties><display>none</display></properties></style><style selector="class" selectorvalue="timestamp.mytime"><properties><display>inline</display></properties></style><style selector="class" selectorvalue="timestamp.gmttime"><properties><display>none</display></properties></style><style selector="class" selectorvalue="timestamp.timeago"><properties><display>none</display></properties></style></style></style><style selector="class" selectorvalue="displaySize.displaySizeId-10"><properties><padding /><margin /><font-size unit="px" /><font-family /><font-weight /><color /><border-color /><border-width unit="px" /><border-style /><background-color /><background-image /><background-repeat /><background-position /></properties><style selector="class" selectorvalue="header"><properties><border-color /><border-width unit="px" /><border-style /><background-color /><background-image /><background-repeat /><background-position /></properties><style selector="element" selectorvalue="h3"><properties><padding /><margin /><background-color /><background-image /><background-repeat /><background-position /></properties></style><style selector="class" selectorvalue="text"><properties><padding /><margin /><display /><font-size unit="px" /><font-family /><font-weight /><color /><line-height unit="px" /></properties></style><style selector="class" selectorvalue="more"><properties><padding /><margin /><font-size unit="px" /><font-family /><font-weight /><color /><text-decoration /><float /><display /></properties></style><style selector="class" selectorvalue="more:hover"><properties><padding /><margin /><font-size unit="px" /><font-family /><font-weight /><color /><text-decoration /><float /><display /></properties></style></style><style selector="class" selectorvalue="feature"><properties><padding /><margin /><font-size unit="px" /><font-family /><font-weight /><color /><background-color /><background-image /><background-repeat /><background-position /><border-color /><border-width unit="px" /><border-style /></properties></style><style selector="class" selectorvalue="sectionTitle"><properties><padding /><margin /><background-color /><background-image /><background-repeat /><background-position /><border-color /><border-width unit="px" /><border-style /></properties><style selector="class" selectorvalue="text"><properties><font-size unit="px" /><font-family /><font-weight /><color /></properties></style></style><style selector="class" selectorvalue="headline"><properties><padding /><margin /><background-color /><background-image>url(/images/d01982e9e9c8b1b63360ab7ade6b800a180d249e.gif)</background-image><background-repeat>no-repeat</background-repeat><background-position>left center</background-position><border-color /><border-width unit="px" /><border-style /></properties><style selector="element" selectorvalue="a"><properties><font-size unit="px" /><font-family /><font-weight /><color /><text-decoration /></properties></style><style selector="element" selectorvalue="a:hover"><properties><font-size unit="px" /><font-family /><font-weight /><color /><text-decoration /></properties></style></style><style selector="class" selectorvalue="summary"><properties><padding /><margin /><background-color /><background-image /><background-repeat /><background-position /><border-color /><border-width unit="px" /><border-style /></properties><style selector="class" selectorvalue="text"><properties><font-size unit="px" /><font-family /><font-weight /><color /></properties></style><style selector="class" selectorvalue="more"><properties><display /><padding /><margin /><font-size unit="px" /><font-family /><font-weight /><color /><text-decoration /></properties></style><style selector="class" selectorvalue="more:hover"><properties><font-size unit="px" /><font-family /><font-weight /><color /><text-decoration /></properties></style></style><style selector="class" selectorvalue="summary.abridged"><properties><padding /><margin /><background-color /><background-image /><background-repeat /><background-position /><border-color /><border-width unit="px" /><border-style /></properties><style selector="class" selectorvalue="text"><properties><font-size unit="px" /><font-family /><font-weight /><color /></properties></style></style><style selector="class" selectorvalue="wn-icon.wn-icon-clip"><properties><background-image /><width unit="px" /></properties></style><style selector="class" selectorvalue="timestamps"><style selector="class" selectorvalue="timestamp.servertime"><properties><display>none</display></properties></style><style selector="class" selectorvalue="timestamp.mytime"><properties><display>none</display></properties></style><style selector="class" selectorvalue="timestamp.gmttime"><properties><display>none</display></properties></style><style selector="class" selectorvalue="timestamp.timeago"><properties><display>none</display></properties></style></style></style><style selector="class" selectorvalue="displaySize.displaySizeId14"><properties><padding /><margin /><font-size unit="px" /><font-family /><font-weight /><color /><border-color /><border-width unit="px" /><border-style /><background-color /><background-image /><background-repeat /><background-position /></properties><style selector="class" selectorvalue="header"><properties><border-color /><border-width unit="px" /><border-style /><background-color /><background-image /><background-repeat /><background-position /></properties><style selector="element" selectorvalue="h3"><properties><padding /><margin /><background-color /><background-image /><background-repeat /><background-position /></properties></style><style selector="class" selectorvalue="text"><properties><padding /><margin /><display /><font-size unit="px" /><font-family /><font-weight /><color /><line-height unit="px" /></properties></style><style selector="class" selectorvalue="more"><properties><padding /><margin /><font-size unit="px" /><font-family /><font-weight /><color /><text-decoration /><float /><display /></properties></style><style selector="class" selectorvalue="more:hover"><properties><padding /><margin /><font-size unit="px" /><font-family /><font-weight /><color /><text-decoration /><float /><display /></properties></style></style><style selector="class" selectorvalue="feature"><properties><padding /><margin /><font-size unit="px" /><font-family /><font-weight /><color /><background-color /><background-image /><background-repeat /><background-position /><border-color /><border-width unit="px" /><border-style /></properties></style><style selector="class" selectorvalue="sectionTitle"><properties><padding /><margin /><background-color /><background-image /><background-repeat /><background-position /><border-color /><border-width unit="px" /><border-style /></properties><style selector="class" selectorvalue="text"><properties><font-size unit="px" /><font-family /><font-weight /><color /></properties></style></style><style selector="class" selectorvalue="headline"><properties><padding /><margin /><background-color /><background-image>url(/images/ce26f1193bd4a054b498caefe44b7abdc87611ab.gif)</background-image><background-repeat>no-repeat</background-repeat><background-position>left center</background-position><border-color /><border-width unit="px" /><border-style /></properties><style selector="element" selectorvalue="a"><properties><font-size unit="px" /><font-family /><font-weight /><color /><text-decoration /></properties></style><style selector="element" selectorvalue="a:hover"><properties><font-size unit="px" /><font-family /><font-weight /><color /><text-decoration /></properties></style></style><style selector="class" selectorvalue="summary"><properties><padding /><margin /><background-color /><background-image /><background-repeat /><background-position /><border-color /><border-width unit="px" /><border-style /></properties><style selector="class" selectorvalue="text"><properties><font-size unit="px" /><font-family /><font-weight /><color /></properties></style><style selector="class" selectorvalue="more"><properties><display /><padding /><margin /><font-size unit="px" /><font-family /><font-weight /><color /><text-decoration /></properties></style><style selector="class" selectorvalue="more:hover"><properties><font-size unit="px" /><font-family /><font-weight /><color /><text-decoration /></properties></style></style><style selector="class" selectorvalue="summary.abridged"><properties><padding /><margin /><background-color /><background-image /><background-repeat /><background-position /><border-color /><border-width unit="px" /><border-style /></properties><style selector="class" selectorvalue="text"><properties><font-size unit="px" /><font-family /><font-weight /><color /></properties></style></style><style selector="class" selectorvalue="wn-icon.wn-icon-clip"><properties><background-image /><width unit="px" /></properties></style><style selector="class" selectorvalue="timestamps"><style selector="class" selectorvalue="timestamp.servertime"><properties><display>none</display></properties></style><style selector="class" selectorvalue="timestamp.mytime"><properties><display>none</display></properties></style><style selector="class" selectorvalue="timestamp.gmttime"><properties><display>none</display></properties></style><style selector="class" selectorvalue="timestamp.timeago"><properties><display>none</display></properties></style></style></style><style selector="class" selectorvalue="displaySize.displaySizeId22"><properties><padding /><margin /><font-size unit="px" /><font-family /><font-weight /><color /><border-color /><border-width unit="px" /><border-style /><background-color /><background-image /><background-repeat /><background-position /></properties><style selector="class" selectorvalue="header"><properties><border-color /><border-width unit="px" /><border-style /><background-color /><background-image /><background-repeat /><background-position /></properties><style selector="element" selectorvalue="h3"><properties><padding /><margin /><background-color /><background-image /><background-repeat /><background-position /></properties></style><style selector="class" selectorvalue="text"><properties><padding /><margin /><display /><font-size unit="px" /><font-family /><font-weight /><color /><line-height unit="px" /></properties></style><style selector="class" selectorvalue="more"><properties><padding /><margin /><font-size unit="px" /><font-family /><font-weight /><color /><text-decoration /><float /><display /></properties></style><style selector="class" selectorvalue="more:hover"><properties><padding /><margin /><font-size unit="px" /><font-family /><font-weight /><color /><text-decoration /><float /><display /></properties></style></style><style selector="class" selectorvalue="feature"><properties><padding /><margin /><font-size unit="px" /><font-family /><font-weight /><color /><background-color /><background-image /><background-repeat /><background-position /><border-color /><border-width unit="px" /><border-style /></properties></style><style selector="class" selectorvalue="sectionTitle"><properties><padding /><margin /><background-color /><background-image /><background-repeat /><background-position /><border-color /><border-width unit="px" /><border-style /></properties><style selector="class" selectorvalue="text"><properties><font-size unit="px" /><font-family /><font-weight /><color /></properties></style></style><style selector="class" selectorvalue="headline"><properties><padding /><margin /><background-color /><background-image /><background-repeat /><background-position /><border-color /><border-width unit="px" /><border-style /></properties><style selector="element" selectorvalue="a"><properties><font-size unit="px" /><font-family /><font-weight /><color /><text-decoration /></properties></style><style selector="element" selectorvalue="a:hover"><properties><font-size unit="px" /><font-family /><font-weight /><color /><text-decoration /></properties></style></style><style selector="class" selectorvalue="summary"><properties><padding /><margin /><background-color /><background-image /><background-repeat /><background-position /><border-color /><border-width unit="px" /><border-style /></properties><style selector="class" selectorvalue="text"><properties><font-size unit="px" /><font-family /><font-weight /><color /></properties></style><style selector="class" selectorvalue="more"><properties><display /><padding /><margin /><font-size unit="px" /><font-family /><font-weight /><color /><text-decoration /></properties></style><style selector="class" selectorvalue="more:hover"><properties><font-size unit="px" /><font-family /><font-weight /><color /><text-decoration /></properties></style></style><style selector="class" selectorvalue="summary.abridged"><properties><padding /><margin /><background-color /><background-image /><background-repeat /><background-position /><border-color /><border-width unit="px" /><border-style /></properties><style selector="class" selectorvalue="text"><properties><font-size unit="px" /><font-family /><font-weight /><color /></properties></style></style><style selector="class" selectorvalue="wn-icon.wn-icon-clip"><properties><background-image /><width unit="px" /></properties></style><style selector="class" selectorvalue="timestamps"><style selector="class" selectorvalue="timestamp.servertime"><properties><display>none</display></properties></style><style selector="class" selectorvalue="timestamp.mytime"><properties><display>inline</display></properties></style><style selector="class" selectorvalue="timestamp.gmttime"><properties><display>none</display></properties></style><style selector="class" selectorvalue="timestamp.timeago"><properties><display>none</display></properties></style></style></style><style selector="class" selectorvalue="displaySize.displaySizeId28"><properties><padding /><margin /><font-size unit="px" /><font-family /><font-weight /><color /><border-color /><border-width unit="px" /><border-style /><background-color /><background-image /><background-repeat /><background-position /></properties><style selector="class" selectorvalue="header"><properties><border-color /><border-width unit="px" /><border-style /><background-color /><background-image /><background-repeat /><background-position /></properties><style selector="element" selectorvalue="h3"><properties><padding /><margin /><background-color /><background-image /><background-repeat /><background-position /></properties></style><style selector="class" selectorvalue="text"><properties><padding /><margin /><display /><font-size unit="px" /><font-family /><font-weight /><color /><line-height unit="px" /></properties></style><style selector="class" selectorvalue="more"><properties><padding /><margin /><font-size unit="px" /><font-family /><font-weight /><color /><text-decoration /><float /><display /></properties></style><style selector="class" selectorvalue="more:hover"><properties><padding /><margin /><font-size unit="px" /><font-family /><font-weight /><color /><text-decoration /><float /><display /></properties></style></style><style selector="class" selectorvalue="feature"><properties><padding /><margin /><font-size unit="px" /><font-family /><font-weight /><color /><background-color /><background-image /><background-repeat /><background-position /><border-color /><border-width unit="px" /><border-style /></properties></style><style selector="class" selectorvalue="sectionTitle"><properties><padding /><margin /><background-color /><background-image /><background-repeat /><background-position /><border-color /><border-width unit="px" /><border-style /></properties><style selector="class" selectorvalue="text"><properties><font-size unit="px" /><font-family /><font-weight /><color /></properties></style></style><style selector="class" selectorvalue="headline"><properties><padding /><margin /><background-color /><background-image /><background-repeat /><background-position /><border-color /><border-width unit="px" /><border-style /></properties><style selector="element" selectorvalue="a"><properties><font-size unit="px" /><font-family /><font-weight /><color /><text-decoration /></properties></style><style selector="element" selectorvalue="a:hover"><properties><font-size unit="px" /><font-family /><font-weight /><color /><text-decoration /></properties></style></style><style selector="class" selectorvalue="summary"><properties><padding /><margin /><background-color /><background-image /><background-repeat /><background-position /><border-color /><border-width unit="px" /><border-style /></properties><style selector="class" selectorvalue="text"><properties><font-size unit="px" /><font-family /><font-weight /><color /></properties></style><style selector="class" selectorvalue="more"><properties><display /><padding /><margin /><font-size unit="px" /><font-family /><font-weight /><color /><text-decoration /></properties></style><style selector="class" selectorvalue="more:hover"><properties><font-size unit="px" /><font-family /><font-weight /><color /><text-decoration /></properties></style></style><style selector="class" selectorvalue="summary.abridged"><properties><padding /><margin /><background-color /><background-image /><background-repeat /><background-position /><border-color /><border-width unit="px" /><border-style /></properties><style selector="class" selectorvalue="text"><properties><font-size unit="px" /><font-family /><font-weight /><color /></properties></style></style><style selector="class" selectorvalue="wn-icon.wn-icon-clip"><properties><background-image /><width unit="px" /></properties></style><style selector="class" selectorvalue="timestamps"><style selector="class" selectorvalue="timestamp.servertime"><properties><display>none</display></properties></style><style selector="class" selectorvalue="timestamp.mytime"><properties><display>none</display></properties></style><style selector="class" selectorvalue="timestamp.gmttime"><properties><display>none</display></properties></style><style selector="class" selectorvalue="timestamp.timeago"><properties><display>none</display></properties></style></style></style><style selector="class" selectorvalue="displaySize.displaySizeId-30"><properties><padding /><margin /><font-size unit="px" /><font-family /><font-weight /><color /><border-color /><border-width unit="px" /><border-style /><background-color /><background-image /><background-repeat /><background-position /></properties><style selector="class" selectorvalue="header"><properties><border-color /><border-width unit="px" /><border-style /><background-color /><background-image /><background-repeat /><background-position /></properties><style selector="element" selectorvalue="h3"><properties><padding /><margin /><background-color /><background-image /><background-repeat /><background-position /></properties></style><style selector="class" selectorvalue="text"><properties><padding /><margin /><display /><font-size unit="px" /><font-family /><font-weight>bold</font-weight><color /><line-height unit="px" /></properties></style><style selector="class" selectorvalue="more"><properties><padding /><margin /><font-size unit="px" /><font-family /><font-weight /><color /><text-decoration /><float /><display /></properties></style><style selector="class" selectorvalue="more:hover"><properties><padding /><margin /><font-size unit="px" /><font-family /><font-weight /><color /><text-decoration /><float /><display /></properties></style></style><style selector="class" selectorvalue="feature"><properties><padding /><margin /><font-size unit="px" /><font-family /><font-weight /><color /><background-color /><background-image /><background-repeat /><background-position /><border-color /><border-width unit="px" /><border-style /></properties></style><style selector="class" selectorvalue="sectionTitle"><properties><padding /><margin /><background-color /><background-image /><background-repeat /><background-position /><border-color /><border-width unit="px" /><border-style /></properties><style selector="class" selectorvalue="text"><properties><font-size unit="px" /><font-family /><font-weight /><color /></properties></style></style><style selector="class" selectorvalue="headline"><properties><padding /><margin /><background-color /><background-image /><background-repeat /><background-position /><border-color /><border-width unit="px" /><border-style /></properties><style selector="element" selectorvalue="a"><properties><font-size unit="px" /><font-family /><font-weight /><color /><text-decoration /></properties></style><style selector="element" selectorvalue="a:hover"><properties><font-size unit="px" /><font-family /><font-weight /><color /><text-decoration /></properties></style></style><style selector="class" selectorvalue="summary"><properties><padding /><margin /><background-color /><background-image /><background-repeat /><background-position /><border-color /><border-width unit="px" /><border-style /></properties><style selector="class" selectorvalue="text"><properties><font-size unit="px" /><font-family /><font-weight /><color /></properties></style><style selector="class" selectorvalue="more"><properties><display /><padding /><margin /><font-size unit="px" /><font-family /><font-weight /><color /><text-decoration /></properties></style><style selector="class" selectorvalue="more:hover"><properties><font-size unit="px" /><font-family /><font-weight /><color /><text-decoration /></properties></style></style><style selector="class" selectorvalue="summary.abridged"><properties><padding /><margin /><background-color /><background-image /><background-repeat /><background-position /><border-color /><border-width unit="px" /><border-style /></properties><style selector="class" selectorvalue="text"><properties><font-size unit="px" /><font-family /><font-weight /><color /></properties></style></style><style selector="class" selectorvalue="wn-icon.wn-icon-clip"><properties><background-image /><width unit="px" /></properties></style><style selector="class" selectorvalue="timestamps"><style selector="class" selectorvalue="timestamp.servertime"><properties><display>none</display></properties></style><style selector="class" selectorvalue="timestamp.mytime"><properties><display>inline</display></properties></style><style selector="class" selectorvalue="timestamp.gmttime"><properties><display>none</display></properties></style><style selector="class" selectorvalue="timestamp.timeago"><properties><display>none</display></properties></style></style></style><style selector="class" selectorvalue="displaySize.displaySizeId7"><properties><padding /><margin /><font-size unit="px" /><font-family /><font-weight /><color /><border-color /><border-width unit="px" /><border-style /><background-color /><background-image /><background-repeat /><background-position /></properties><style selector="class" selectorvalue="header"><properties><border-color /><border-width unit="px" /><border-style /><background-color /><background-image /><background-repeat /><background-position /></properties><style selector="element" selectorvalue="h3"><properties><padding /><margin /><background-color /><background-image /><background-repeat /><background-position /></properties></style><style selector="class" selectorvalue="text"><properties><padding /><margin /><display /><font-size unit="px" /><font-family /><font-weight /><color /><line-height unit="px" /></properties></style><style selector="class" selectorvalue="more"><properties><padding /><margin /><font-size unit="px" /><font-family /><font-weight /><color /><text-decoration /><float /><display /></properties></style><style selector="class" selectorvalue="more:hover"><properties><padding /><margin /><font-size unit="px" /><font-family /><font-weight /><color /><text-decoration /><float /><display /></properties></style></style><style selector="class" selectorvalue="feature"><properties><padding /><margin /><font-size unit="px" /><font-family /><font-weight /><color /><background-color /><background-image /><background-repeat /><background-position /><border-color /><border-width unit="px" /><border-style /></properties></style><style selector="class" selectorvalue="sectionTitle"><properties><padding /><margin /><background-color /><background-image /><background-repeat /><background-position /><border-color /><border-width unit="px" /><border-style /></properties><style selector="class" selectorvalue="text"><properties><font-size unit="px" /><font-family /><font-weight /><color /></properties></style></style><style selector="class" selectorvalue="headline"><properties><padding /><margin /><background-color /><background-image /><background-repeat /><background-position /><border-color /><border-width unit="px" /><border-style /></properties><style selector="element" selectorvalue="a"><properties><font-size unit="px" /><font-family /><font-weight /><color /><text-decoration /></properties></style><style selector="element" selectorvalue="a:hover"><properties><font-size unit="px" /><font-family /><font-weight /><color /><text-decoration /></properties></style></style><style selector="class" selectorvalue="summary"><properties><padding /><margin /><background-color /><background-image /><background-repeat /><background-position /><border-color /><border-width unit="px" /><border-style /></properties><style selector="class" selectorvalue="text"><properties><font-size unit="px" /><font-family /><font-weight /><color /></properties></style><style selector="class" selectorvalue="more"><properties><display /><padding /><margin /><font-size unit="px" /><font-family /><font-weight /><color /><text-decoration /></properties></style><style selector="class" selectorvalue="more:hover"><properties><font-size unit="px" /><font-family /><font-weight /><color /><text-decoration /></properties></style></style><style selector="class" selectorvalue="summary.abridged"><properties><padding /><margin /><background-color /><background-image /><background-repeat /><background-position /><border-color /><border-width unit="px" /><border-style /></properties><style selector="class" selectorvalue="text"><properties><font-size unit="px" /><font-family /><font-weight /><color /></properties></style></style><style selector="class" selectorvalue="wn-icon.wn-icon-clip"><properties><background-image /><width unit="px" /></properties></style><style selector="class" selectorvalue="timestamps"><style selector="class" selectorvalue="timestamp.servertime"><properties><display>none</display></properties></style><style selector="class" selectorvalue="timestamp.mytime"><properties><display>inline</display></properties></style><style selector="class" selectorvalue="timestamp.gmttime"><properties><display>none</display></properties></style><style selector="class" selectorvalue="timestamp.timeago"><properties><display>none</display></properties></style></style></style><style selector="class" selectorvalue="displaySize.displaySizeId24"><properties><padding /><margin /><font-size unit="px" /><font-family /><font-weight /><color /><border-color /><border-width unit="px" /><border-style /><background-color /><background-image /><background-repeat /><background-position /></properties><style selector="class" selectorvalue="header"><properties><border-color /><border-width unit="px" /><border-style /><background-color /><background-image /><background-repeat /><background-position /></properties><style selector="element" selectorvalue="h3"><properties><padding /><margin /><background-color /><background-image /><background-repeat /><background-position /></properties></style><style selector="class" selectorvalue="text"><properties><padding /><margin /><display /><font-size unit="px" /><font-family /><font-weight /><color /><line-height unit="px" /></properties></style><style selector="class" selectorvalue="more"><properties><padding /><margin /><font-size unit="px" /><font-family /><font-weight /><color /><text-decoration /><float /><display /></properties></style><style selector="class" selectorvalue="more:hover"><properties><padding /><margin /><font-size unit="px" /><font-family /><font-weight /><color /><text-decoration /><float /><display /></properties></style></style><style selector="class" selectorvalue="feature"><properties><padding /><margin /><font-size unit="px" /><font-family /><font-weight /><color /><background-color /><background-image /><background-repeat /><background-position /><border-color /><border-width unit="px" /><border-style /></properties></style><style selector="class" selectorvalue="sectionTitle"><properties><padding /><margin /><background-color /><background-image /><background-repeat /><background-position /><border-color /><border-width unit="px" /><border-style /></properties><style selector="class" selectorvalue="text"><properties><font-size unit="px" /><font-family /><font-weight /><color /></properties></style></style><style selector="class" selectorvalue="headline"><properties><padding /><margin /><background-color /><background-image /><background-repeat /><background-position /><border-color /><border-width unit="px" /><border-style /></properties><style selector="element" selectorvalue="a"><properties><font-size unit="px" /><font-family /><font-weight /><color /><text-decoration /></properties></style><style selector="element" selectorvalue="a:hover"><properties><font-size unit="px" /><font-family /><font-weight /><color /><text-decoration /></properties></style></style><style selector="class" selectorvalue="summary"><properties><padding /><margin /><background-color /><background-image /><background-repeat /><background-position /><border-color /><border-width unit="px" /><border-style /></properties><style selector="class" selectorvalue="text"><properties><font-size unit="px" /><font-family /><font-weight /><color /></properties></style><style selector="class" selectorvalue="more"><properties><display /><padding /><margin /><font-size unit="px" /><font-family /><font-weight /><color /><text-decoration /></properties></style><style selector="class" selectorvalue="more:hover"><properties><font-size unit="px" /><font-family /><font-weight /><color /><text-decoration /></properties></style></style><style selector="class" selectorvalue="summary.abridged"><properties><padding /><margin /><background-color /><background-image /><background-repeat /><background-position /><border-color /><border-width unit="px" /><border-style /></properties><style selector="class" selectorvalue="text"><properties><font-size unit="px" /><font-family /><font-weight /><color /></properties></style></style><style selector="class" selectorvalue="wn-icon.wn-icon-clip"><properties><background-image /><width unit="px" /></properties></style><style selector="class" selectorvalue="timestamps"><style selector="class" selectorvalue="timestamp.servertime"><properties><display>none</display></properties></style><style selector="class" selectorvalue="timestamp.mytime"><properties><display>inline</display></properties></style><style selector="class" selectorvalue="timestamp.gmttime"><properties><display>none</display></properties></style><style selector="class" selectorvalue="timestamp.timeago"><properties><display>none</display></properties></style></style></style><style selector="class" selectorvalue="displaySize.displaySizeId25"><properties><padding /><margin /><font-size unit="px" /><font-family /><font-weight /><color /><border-color /><border-width unit="px" /><border-style /><background-color /><background-image /><background-repeat /><background-position /></properties><style selector="class" selectorvalue="header"><properties><border-color /><border-width unit="px" /><border-style /><background-color /><background-image /><background-repeat /><background-position /></properties><style selector="element" selectorvalue="h3"><properties><padding /><margin /><background-color /><background-image /><background-repeat /><background-position /></properties></style><style selector="class" selectorvalue="text"><properties><padding /><margin /><display /><font-size unit="px" /><font-family /><font-weight /><color /><line-height unit="px" /></properties></style><style selector="class" selectorvalue="more"><properties><padding /><margin /><font-size unit="px" /><font-family /><font-weight /><color /><text-decoration /><float /><display /></properties></style><style selector="class" selectorvalue="more:hover"><properties><padding /><margin /><font-size unit="px" /><font-family /><font-weight /><color /><text-decoration /><float /><display /></properties></style></style><style selector="class" selectorvalue="feature"><properties><padding /><margin /><font-size unit="px" /><font-family /><font-weight /><color /><background-color /><background-image /><background-repeat /><background-position /><border-color /><border-width unit="px" /><border-style /></properties></style><style selector="class" selectorvalue="sectionTitle"><properties><padding /><margin /><background-color /><background-image /><background-repeat /><background-position /><border-color /><border-width unit="px" /><border-style /></properties><style selector="class" selectorvalue="text"><properties><font-size unit="px" /><font-family /><font-weight /><color /></properties></style></style><style selector="class" selectorvalue="headline"><properties><padding /><margin /><background-color /><background-image /><background-repeat /><background-position /><border-color /><border-width unit="px" /><border-style /></properties><style selector="element" selectorvalue="a"><properties><font-size unit="px" /><font-family /><font-weight /><color /><text-decoration /></properties></style><style selector="element" selectorvalue="a:hover"><properties><font-size unit="px" /><font-family /><font-weight /><color /><text-decoration /></properties></style></style><style selector="class" selectorvalue="summary"><properties><padding /><margin /><background-color /><background-image /><background-repeat /><background-position /><border-color /><border-width unit="px" /><border-style /></properties><style selector="class" selectorvalue="text"><properties><font-size unit="px" /><font-family /><font-weight /><color /></properties></style><style selector="class" selectorvalue="more"><properties><display /><padding /><margin /><font-size unit="px" /><font-family /><font-weight /><color /><text-decoration /></properties></style><style selector="class" selectorvalue="more:hover"><properties><font-size unit="px" /><font-family /><font-weight /><color /><text-decoration /></properties></style></style><style selector="class" selectorvalue="summary.abridged"><properties><padding /><margin /><background-color /><background-image /><background-repeat /><background-position /><border-color /><border-width unit="px" /><border-style /></properties><style selector="class" selectorvalue="text"><properties><font-size unit="px" /><font-family /><font-weight /><color /></properties></style></style><style selector="class" selectorvalue="wn-icon.wn-icon-clip"><properties><background-image /><width unit="px" /></properties></style><style selector="class" selectorvalue="timestamps"><style selector="class" selectorvalue="timestamp.servertime"><properties><display>none</display></properties></style><style selector="class" selectorvalue="timestamp.mytime"><properties><display>inline</display></properties></style><style selector="class" selectorvalue="timestamp.gmttime"><properties><display>none</display></properties></style><style selector="class" selectorvalue="timestamp.timeago"><properties><display>none</display></properties></style></style></style><style selector="class" selectorvalue="displaySize.displaySizeId27"><properties><padding /><margin /><font-size unit="px" /><font-family /><font-weight /><color /><border-color /><border-width unit="px" /><border-style /><background-color /><background-image /><background-repeat /><background-position /></properties><style selector="class" selectorvalue="header"><properties><border-color /><border-width unit="px" /><border-style /><background-color /><background-image /><background-repeat /><background-position /></properties><style selector="element" selectorvalue="h3"><properties><padding /><margin /><background-color /><background-image /><background-repeat /><background-position /></properties></style><style selector="class" selectorvalue="text"><properties><padding /><margin /><display /><font-size unit="px" /><font-family /><font-weight /><color /><line-height unit="px" /></properties></style><style selector="class" selectorvalue="more"><properties><padding /><margin /><font-size unit="px" /><font-family /><font-weight /><color /><text-decoration /><float /><display /></properties></style><style selector="class" selectorvalue="more:hover"><properties><padding /><margin /><font-size unit="px" /><font-family /><font-weight /><color /><text-decoration /><float /><display /></properties></style></style><style selector="class" selectorvalue="feature"><properties><padding /><margin /><font-size unit="px" /><font-family /><font-weight /><color /><background-color /><background-image /><background-repeat /><background-position /><border-color /><border-width unit="px" /><border-style /></properties></style><style selector="class" selectorvalue="sectionTitle"><properties><padding /><margin /><background-color /><background-image /><background-repeat /><background-position /><border-color /><border-width unit="px" /><border-style /></properties><style selector="class" selectorvalue="text"><properties><font-size unit="px" /><font-family /><font-weight /><color /></properties></style></style><style selector="class" selectorvalue="headline"><properties><padding /><margin /><background-color /><background-image /><background-repeat /><background-position /><border-color /><border-width unit="px" /><border-style /></properties><style selector="element" selectorvalue="a"><properties><font-size unit="px" /><font-family /><font-weight /><color /><text-decoration /></properties></style><style selector="element" selectorvalue="a:hover"><properties><font-size unit="px" /><font-family /><font-weight /><color /><text-decoration /></properties></style></style><style selector="class" selectorvalue="summary"><properties><padding /><margin /><background-color /><background-image /><background-repeat /><background-position /><border-color /><border-width unit="px" /><border-style /></properties><style selector="class" selectorvalue="text"><properties><font-size unit="px" /><font-family /><font-weight /><color /></properties></style><style selector="class" selectorvalue="more"><properties><display /><padding /><margin /><font-size unit="px" /><font-family /><font-weight /><color /><text-decoration /></properties></style><style selector="class" selectorvalue="more:hover"><properties><font-size unit="px" /><font-family /><font-weight /><color /><text-decoration /></properties></style></style><style selector="class" selectorvalue="summary.abridged"><properties><padding /><margin /><background-color /><background-image /><background-repeat /><background-position /><border-color /><border-width unit="px" /><border-style /></properties><style selector="class" selectorvalue="text"><properties><font-size unit="px" /><font-family /><font-weight /><color /></properties></style></style><style selector="class" selectorvalue="wn-icon.wn-icon-clip"><properties><background-image /><width unit="px" /></properties></style><style selector="class" selectorvalue="timestamps"><style selector="class" selectorvalue="timestamp.servertime"><properties><display>none</display></properties></style><style selector="class" selectorvalue="timestamp.mytime"><properties><display>inline</display></properties></style><style selector="class" selectorvalue="timestamp.gmttime"><properties><display>none</display></properties></style><style selector="class" selectorvalue="timestamp.timeago"><properties><display>none</display></properties></style></style></style><style selector="class" selectorvalue="displaySize.displaySizeId68"><properties><padding /><margin /><font-size unit="px" /><font-family /><font-weight /><color /><border-color /><border-width unit="px" /><border-style /><background-color /><background-image /><background-repeat /><background-position /></properties><style selector="class" selectorvalue="header"><properties><border-color /><border-width unit="px" /><border-style /><background-color /><background-image /><background-repeat /><background-position /></properties><style selector="element" selectorvalue="h3"><properties><padding /><margin /><background-color /><background-image /><background-repeat /><background-position /></properties></style><style selector="class" selectorvalue="text"><properties><padding /><margin /><display /><font-size unit="px" /><font-family /><font-weight /><color /><line-height unit="px" /></properties></style><style selector="class" selectorvalue="more"><properties><padding /><margin /><font-size unit="px" /><font-family /><font-weight /><color /><text-decoration /><float /><display /></properties></style><style selector="class" selectorvalue="more:hover"><properties><padding /><margin /><font-size unit="px" /><font-family /><font-weight /><color /><text-decoration /><float /><display /></properties></style></style><style selector="class" selectorvalue="feature"><properties><padding /><margin /><font-size unit="px" /><font-family /><font-weight /><color /><background-color /><background-image /><background-repeat /><background-position /><border-color /><border-width unit="px" /><border-style /></properties></style><style selector="class" selectorvalue="sectionTitle"><properties><padding /><margin /><background-color /><background-image /><background-repeat /><background-position /><border-color /><border-width unit="px" /><border-style /></properties><style selector="class" selectorvalue="text"><properties><font-size unit="px" /><font-family /><font-weight /><color /></properties></style></style><style selector="class" selectorvalue="headline"><properties><padding /><margin /><background-color /><background-image /><background-repeat /><background-position /><border-color /><border-width unit="px" /><border-style /></properties><style selector="element" selectorvalue="a"><properties><font-size unit="px" /><font-family /><font-weight /><color /><text-decoration /></properties></style><style selector="element" selectorvalue="a:hover"><properties><font-size unit="px" /><font-family /><font-weight /><color /><text-decoration /></properties></style></style><style selector="class" selectorvalue="summary"><properties><padding /><margin /><background-color /><background-image /><background-repeat /><background-position /><border-color /><border-width unit="px" /><border-style /></properties><style selector="class" selectorvalue="text"><properties><font-size unit="px" /><font-family /><font-weight /><color /></properties></style><style selector="class" selectorvalue="more"><properties><display /><padding /><margin /><font-size unit="px" /><font-family /><font-weight /><color /><text-decoration /></properties></style><style selector="class" selectorvalue="more:hover"><properties><font-size unit="px" /><font-family /><font-weight /><color /><text-decoration /></properties></style></style><style selector="class" selectorvalue="summary.abridged"><properties><padding /><margin /><background-color /><background-image /><background-repeat /><background-position /><border-color /><border-width unit="px" /><border-style /></properties><style selector="class" selectorvalue="text"><properties><font-size unit="px" /><font-family /><font-weight /><color /></properties></style></style><style selector="class" selectorvalue="wn-icon.wn-icon-clip"><properties><background-image /><width unit="px" /></properties></style><style selector="class" selectorvalue="timestamps"><style selector="class" selectorvalue="timestamp.servertime"><properties><display>none</display></properties></style><style selector="class" selectorvalue="timestamp.mytime"><properties><display>inline</display></properties></style><style selector="class" selectorvalue="timestamp.gmttime"><properties><display>none</display></properties></style><style selector="class" selectorvalue="timestamp.timeago"><properties><display>none</display></properties></style></style></style><style selector="class" selectorvalue="displaySize.displaySizeId78"><properties><padding /><margin /><font-size unit="px" /><font-family /><font-weight /><color /><border-color /><border-width unit="px" /><border-style /><background-color /><background-image /><background-repeat /><background-position /></properties><style selector="class" selectorvalue="header"><properties><border-color /><border-width unit="px" /><border-style /><background-color /><background-image /><background-repeat /><background-position /></properties><style selector="element" selectorvalue="h3"><properties><padding /><margin /><background-color /><background-image /><background-repeat /><background-position /></properties></style><style selector="class" selectorvalue="text"><properties><padding /><margin /><display /><font-size unit="px" /><font-family /><font-weight /><color /><line-height unit="px" /></properties></style><style selector="class" selectorvalue="more"><properties><padding /><margin /><font-size unit="px" /><font-family /><font-weight /><color /><text-decoration /><float /><display /></properties></style><style selector="class" selectorvalue="more:hover"><properties><padding /><margin /><font-size unit="px" /><font-family /><font-weight /><color /><text-decoration /><float /><display /></properties></style></style><style selector="class" selectorvalue="feature"><properties><padding /><margin /><font-size unit="px" /><font-family /><font-weight /><color /><background-color /><background-image /><background-repeat /><background-position /><border-color /><border-width unit="px" /><border-style /></properties></style><style selector="class" selectorvalue="sectionTitle"><properties><padding /><margin /><background-color /><background-image /><background-repeat /><background-position /><border-color /><border-width unit="px" /><border-style /></properties><style selector="class" selectorvalue="text"><properties><font-size unit="px" /><font-family /><font-weight /><color /></properties></style></style><style selector="class" selectorvalue="headline"><properties><padding /><margin /><background-color /><background-image>url(/images/cb4a8502f63cd421efcb9665d630887a1674b099.gif)</background-image><background-repeat>no-repeat</background-repeat><background-position>left center</background-position><border-color /><border-width unit="px" /><border-style /></properties><style selector="element" selectorvalue="a"><properties><font-size unit="px" /><font-family /><font-weight /><color /><text-decoration /></properties></style><style selector="element" selectorvalue="a:hover"><properties><font-size unit="px" /><font-family /><font-weight /><color /><text-decoration /></properties></style></style><style selector="class" selectorvalue="summary"><properties><padding /><margin /><background-color /><background-image /><background-repeat /><background-position /><border-color /><border-width unit="px" /><border-style /></properties><style selector="class" selectorvalue="text"><properties><font-size unit="px" /><font-family /><font-weight /><color /></properties></style><style selector="class" selectorvalue="more"><properties><display /><padding /><margin /><font-size unit="px" /><font-family /><font-weight /><color /><text-decoration /></properties></style><style selector="class" selectorvalue="more:hover"><properties><font-size unit="px" /><font-family /><font-weight /><color /><text-decoration /></properties></style></style><style selector="class" selectorvalue="summary.abridged"><properties><padding /><margin /><background-color /><background-image /><background-repeat /><background-position /><border-color /><border-width unit="px" /><border-style /></properties><style selector="class" selectorvalue="text"><properties><font-size unit="px" /><font-family /><font-weight /><color /></properties></style></style><style selector="class" selectorvalue="wn-icon.wn-icon-clip"><properties><background-image /><width unit="px" /></properties></style><style selector="class" selectorvalue="timestamps"><style selector="class" selectorvalue="timestamp.servertime"><properties><display>none</display></properties></style><style selector="class" selectorvalue="timestamp.mytime"><properties><display>inline</display></properties></style><style selector="class" selectorvalue="timestamp.gmttime"><properties><display>none</display></properties></style><style selector="class" selectorvalue="timestamp.timeago"><properties><display>none</display></properties></style></style></style><style selector="class" selectorvalue="displaySize.displaySizeId80"><properties><padding /><margin /><font-size unit="px" /><font-family /><font-weight /><color /><border-color /><border-width unit="px" /><border-style /><background-color /><background-image /><background-repeat /><background-position /></properties><style selector="class" selectorvalue="header"><properties><border-color /><border-width unit="px" /><border-style /><background-color /><background-image /><background-repeat /><background-position /></properties><style selector="element" selectorvalue="h3"><properties><padding /><margin /><background-color /><background-image /><background-repeat /><background-position /></properties></style><style selector="class" selectorvalue="text"><properties><padding /><margin /><display /><font-size unit="px" /><font-family /><font-weight /><color /><line-height unit="px" /></properties></style><style selector="class" selectorvalue="more"><properties><padding /><margin /><font-size unit="px" /><font-family /><font-weight /><color /><text-decoration /><float /><display /></properties></style><style selector="class" selectorvalue="more:hover"><properties><padding /><margin /><font-size unit="px" /><font-family /><font-weight /><color /><text-decoration /><float /><display /></properties></style></style><style selector="class" selectorvalue="feature"><properties><padding /><margin /><font-size unit="px" /><font-family /><font-weight /><color /><background-color /><background-image /><background-repeat /><background-position /><border-color /><border-width unit="px" /><border-style /></properties></style><style selector="class" selectorvalue="sectionTitle"><properties><padding /><margin /><background-color /><background-image /><background-repeat /><background-position /><border-color /><border-width unit="px" /><border-style /></properties><style selector="class" selectorvalue="text"><properties><font-size unit="px" /><font-family /><font-weight /><color /></properties></style></style><style selector="class" selectorvalue="headline"><properties><padding /><margin /><background-color /><background-image /><background-repeat /><background-position /><border-color /><border-width unit="px" /><border-style /></properties><style selector="element" selectorvalue="a"><properties><font-size unit="px" /><font-family /><font-weight /><color /><text-decoration /></properties></style><style selector="element" selectorvalue="a:hover"><properties><font-size unit="px" /><font-family /><font-weight /><color /><text-decoration /></properties></style></style><style selector="class" selectorvalue="summary"><properties><padding /><margin /><background-color /><background-image /><background-repeat /><background-position /><border-color /><border-width unit="px" /><border-style /></properties><style selector="class" selectorvalue="text"><properties><font-size unit="px" /><font-family /><font-weight /><color /></properties></style><style selector="class" selectorvalue="more"><properties><display /><padding /><margin /><font-size unit="px" /><font-family /><font-weight /><color /><text-decoration /></properties></style><style selector="class" selectorvalue="more:hover"><properties><font-size unit="px" /><font-family /><font-weight /><color /><text-decoration /></properties></style></style><style selector="class" selectorvalue="summary.abridged"><properties><padding /><margin /><background-color /><background-image /><background-repeat /><background-position /><border-color /><border-width unit="px" /><border-style /></properties><style selector="class" selectorvalue="text"><properties><font-size unit="px" /><font-family /><font-weight /><color /></properties></style></style><style selector="class" selectorvalue="wn-icon.wn-icon-clip"><properties><background-image /><width unit="px" /></properties></style><style selector="class" selectorvalue="timestamps"><style selector="class" selectorvalue="timestamp.servertime"><properties><display>none</display></properties></style><style selector="class" selectorvalue="timestamp.mytime"><properties><display>inline</display></properties></style><style selector="class" selectorvalue="timestamp.gmttime"><properties><display>none</display></properties></style><style selector="class" selectorvalue="timestamp.timeago"><properties><display>none</display></properties></style></style></style><style selector="class" selectorvalue="displaySize.displaySizeId82"><properties><padding /><margin /><font-size unit="px" /><font-family /><font-weight /><color /><border-color /><border-width unit="px" /><border-style /><background-color /><background-image /><background-repeat /><background-position /></properties><style selector="class" selectorvalue="header"><properties><border-color /><border-width unit="px" /><border-style /><background-color /><background-image /><background-repeat /><background-position /></properties><style selector="element" selectorvalue="h3"><properties><padding /><margin /><background-color /><background-image /><background-repeat /><background-position /></properties></style><style selector="class" selectorvalue="text"><properties><padding /><margin /><display /><font-size unit="px" /><font-family /><font-weight /><color /><line-height unit="px" /></properties></style><style selector="class" selectorvalue="more"><properties><padding /><margin /><font-size unit="px" /><font-family /><font-weight /><color /><text-decoration /><float /><display /></properties></style><style selector="class" selectorvalue="more:hover"><properties><padding /><margin /><font-size unit="px" /><font-family /><font-weight /><color /><text-decoration /><float /><display /></properties></style></style><style selector="class" selectorvalue="feature"><properties><padding /><margin /><font-size unit="px" /><font-family /><font-weight /><color /><background-color /><background-image /><background-repeat /><background-position /><border-color /><border-width unit="px" /><border-style /></properties></style><style selector="class" selectorvalue="sectionTitle"><properties><padding /><margin /><background-color /><background-image /><background-repeat /><background-position /><border-color /><border-width unit="px" /><border-style /></properties><style selector="class" selectorvalue="text"><properties><font-size unit="px" /><font-family /><font-weight /><color /></properties></style></style><style selector="class" selectorvalue="headline"><properties><padding /><margin /><background-color /><background-image /><background-repeat /><background-position /><border-color /><border-width unit="px" /><border-style /></properties><style selector="element" selectorvalue="a"><properties><font-size unit="px" /><font-family /><font-weight /><color /><text-decoration /></properties></style><style selector="element" selectorvalue="a:hover"><properties><font-size unit="px" /><font-family /><font-weight /><color /><text-decoration /></properties></style></style><style selector="class" selectorvalue="summary"><properties><padding /><margin /><background-color /><background-image /><background-repeat /><background-position /><border-color /><border-width unit="px" /><border-style /></properties><style selector="class" selectorvalue="text"><properties><font-size unit="px" /><font-family /><font-weight /><color /></properties></style><style selector="class" selectorvalue="more"><properties><display /><padding /><margin /><font-size unit="px" /><font-family /><font-weight /><color /><text-decoration /></properties></style><style selector="class" selectorvalue="more:hover"><properties><font-size unit="px" /><font-family /><font-weight /><color /><text-decoration /></properties></style></style><style selector="class" selectorvalue="summary.abridged"><properties><padding /><margin /><background-color /><background-image /><background-repeat /><background-position /><border-color /><border-width unit="px" /><border-style /></properties><style selector="class" selectorvalue="text"><properties><font-size unit="px" /><font-family /><font-weight /><color /></properties></style></style><style selector="class" selectorvalue="wn-icon.wn-icon-clip"><properties><background-image /><width unit="px" /></properties></style><style selector="class" selectorvalue="timestamps"><style selector="class" selectorvalue="timestamp.servertime"><properties><display>none</display></properties></style><style selector="class" selectorvalue="timestamp.mytime"><properties><display>inline</display></properties></style><style selector="class" selectorvalue="timestamp.gmttime"><properties><display>none</display></properties></style><style selector="class" selectorvalue="timestamp.timeago"><properties><display>none</display></properties></style></style></style><style selector="class" selectorvalue="displaySize.displaySizeId85"><properties><padding /><margin /><font-size unit="px" /><font-family /><font-weight /><color /><border-color /><border-width unit="px" /><border-style /><background-color /><background-image /><background-repeat /><background-position /></properties><style selector="class" selectorvalue="header"><properties><border-color /><border-width unit="px" /><border-style /><background-color /><background-image /><background-repeat /><background-position /></properties><style selector="element" selectorvalue="h3"><properties><padding /><margin /><background-color /><background-image /><background-repeat /><background-position /></properties></style><style selector="class" selectorvalue="text"><properties><padding /><margin /><display /><font-size unit="px" /><font-family /><font-weight /><color /><line-height unit="px" /></properties></style><style selector="class" selectorvalue="more"><properties><padding /><margin /><font-size unit="px" /><font-family /><font-weight /><color /><text-decoration /><float /><display /></properties></style><style selector="class" selectorvalue="more:hover"><properties><padding /><margin /><font-size unit="px" /><font-family /><font-weight /><color /><text-decoration /><float /><display /></properties></style></style><style selector="class" selectorvalue="feature"><properties><padding /><margin /><font-size unit="px" /><font-family /><font-weight /><color /><background-color /><background-image /><background-repeat /><background-position /><border-color /><border-width unit="px" /><border-style /></properties></style><style selector="class" selectorvalue="sectionTitle"><properties><padding /><margin /><background-color /><background-image /><background-repeat /><background-position /><border-color /><border-width unit="px" /><border-style /></properties><style selector="class" selectorvalue="text"><properties><font-size unit="px" /><font-family /><font-weight /><color /></properties></style></style><style selector="class" selectorvalue="headline"><properties><padding /><margin /><background-color /><background-image /><background-repeat /><background-position /><border-color /><border-width unit="px" /><border-style /></properties><style selector="element" selectorvalue="a"><properties><font-size unit="px" /><font-family /><font-weight /><color /><text-decoration /></properties></style><style selector="element" selectorvalue="a:hover"><properties><font-size unit="px" /><font-family /><font-weight /><color /><text-decoration /></properties></style></style><style selector="class" selectorvalue="summary"><properties><padding /><margin /><background-color /><background-image /><background-repeat /><background-position /><border-color /><border-width unit="px" /><border-style /></properties><style selector="class" selectorvalue="text"><properties><font-size unit="px" /><font-family /><font-weight /><color /></properties></style><style selector="class" selectorvalue="more"><properties><display /><padding /><margin /><font-size unit="px" /><font-family /><font-weight /><color /><text-decoration /></properties></style><style selector="class" selectorvalue="more:hover"><properties><font-size unit="px" /><font-family /><font-weight /><color /><text-decoration /></properties></style></style><style selector="class" selectorvalue="summary.abridged"><properties><padding /><margin /><background-color /><background-image /><background-repeat /><background-position /><border-color /><border-width unit="px" /><border-style /></properties><style selector="class" selectorvalue="text"><properties><font-size unit="px" /><font-family /><font-weight /><color /></properties></style></style><style selector="class" selectorvalue="wn-icon.wn-icon-clip"><properties><background-image /><width unit="px" /></properties></style><style selector="class" selectorvalue="timestamps"><style selector="class" selectorvalue="timestamp.servertime"><properties><display>none</display></properties></style><style selector="class" selectorvalue="timestamp.mytime"><properties><display>inline</display></properties></style><style selector="class" selectorvalue="timestamp.gmttime"><properties><display>none</display></properties></style><style selector="class" selectorvalue="timestamp.timeago"><properties><display>none</display></properties></style></style></style><style selector="class" selectorvalue="displaySize.displaySizeId87"><properties><padding /><margin /><font-size unit="px" /><font-family /><font-weight /><color /><border-color /><border-width unit="px" /><border-style /><background-color /><background-image /><background-repeat /><background-position /></properties><style selector="class" selectorvalue="header"><properties><border-color /><border-width unit="px" /><border-style /><background-color /><background-image /><background-repeat /><background-position /></properties><style selector="element" selectorvalue="h3"><properties><padding /><margin /><background-color /><background-image /><background-repeat /><background-position /></properties></style><style selector="class" selectorvalue="text"><properties><padding /><margin /><display /><font-size unit="px" /><font-family /><font-weight /><color /><line-height unit="px" /></properties></style><style selector="class" selectorvalue="more"><properties><padding /><margin /><font-size unit="px" /><font-family /><font-weight /><color /><text-decoration /><float /><display /></properties></style><style selector="class" selectorvalue="more:hover"><properties><padding /><margin /><font-size unit="px" /><font-family /><font-weight /><color /><text-decoration /><float /><display /></properties></style></style><style selector="class" selectorvalue="feature"><properties><padding /><margin /><font-size unit="px" /><font-family /><font-weight /><color /><background-color /><background-image /><background-repeat /><background-position /><border-color /><border-width unit="px" /><border-style /></properties></style><style selector="class" selectorvalue="sectionTitle"><properties><padding /><margin /><background-color /><background-image /><background-repeat /><background-position /><border-color /><border-width unit="px" /><border-style /></properties><style selector="class" selectorvalue="text"><properties><font-size unit="px" /><font-family /><font-weight /><color /></properties></style></style><style selector="class" selectorvalue="headline"><properties><padding /><margin /><background-color /><background-image /><background-repeat /><background-position /><border-color /><border-width unit="px" /><border-style /></properties><style selector="element" selectorvalue="a"><properties><font-size unit="px" /><font-family /><font-weight /><color /><text-decoration /></properties></style><style selector="element" selectorvalue="a:hover"><properties><font-size unit="px" /><font-family /><font-weight /><color /><text-decoration /></properties></style></style><style selector="class" selectorvalue="summary"><properties><padding /><margin /><background-color /><background-image /><background-repeat /><background-position /><border-color /><border-width unit="px" /><border-style /></properties><style selector="class" selectorvalue="text"><properties><font-size unit="px" /><font-family /><font-weight /><color /></properties></style><style selector="class" selectorvalue="more"><properties><display /><padding /><margin /><font-size unit="px" /><font-family /><font-weight /><color /><text-decoration /></properties></style><style selector="class" selectorvalue="more:hover"><properties><font-size unit="px" /><font-family /><font-weight /><color /><text-decoration /></properties></style></style><style selector="class" selectorvalue="summary.abridged"><properties><padding /><margin /><background-color /><background-image /><background-repeat /><background-position /><border-color /><border-width unit="px" /><border-style /></properties><style selector="class" selectorvalue="text"><properties><font-size unit="px" /><font-family /><font-weight /><color /></properties></style></style><style selector="class" selectorvalue="wn-icon.wn-icon-clip"><properties><background-image /><width unit="px" /></properties></style><style selector="class" selectorvalue="timestamps"><style selector="class" selectorvalue="timestamp.servertime"><properties><display>none</display></properties></style><style selector="class" selectorvalue="timestamp.mytime"><properties><display>inline</display></properties></style><style selector="class" selectorvalue="timestamp.gmttime"><properties><display>none</display></properties></style><style selector="class" selectorvalue="timestamp.timeago"><properties><display>none</display></properties></style></style></style><style selector="class" selectorvalue="displaySize.displaySizeId88"><properties><padding /><margin /><font-size unit="px" /><font-family /><font-weight /><color /><border-color /><border-width unit="px" /><border-style /><background-color /><background-image /><background-repeat /><background-position /></properties><style selector="class" selectorvalue="header"><properties><border-color /><border-width unit="px" /><border-style /><background-color /><background-image /><background-repeat /><background-position /></properties><style selector="element" selectorvalue="h3"><properties><padding /><margin /><background-color /><background-image /><background-repeat /><background-position /></properties></style><style selector="class" selectorvalue="text"><properties><padding /><margin /><display /><font-size unit="px" /><font-family /><font-weight /><color /><line-height unit="px" /></properties></style><style selector="class" selectorvalue="more"><properties><padding /><margin /><font-size unit="px" /><font-family /><font-weight /><color /><text-decoration /><float /><display /></properties></style><style selector="class" selectorvalue="more:hover"><properties><padding /><margin /><font-size unit="px" /><font-family /><font-weight /><color /><text-decoration /><float /><display /></properties></style></style><style selector="class" selectorvalue="feature"><properties><padding /><margin /><font-size unit="px" /><font-family /><font-weight /><color /><background-color /><background-image /><background-repeat /><background-position /><border-color /><border-width unit="px" /><border-style /></properties></style><style selector="class" selectorvalue="sectionTitle"><properties><padding /><margin /><background-color /><background-image /><background-repeat /><background-position /><border-color /><border-width unit="px" /><border-style /></properties><style selector="class" selectorvalue="text"><properties><font-size unit="px" /><font-family /><font-weight /><color /></properties></style></style><style selector="class" selectorvalue="headline"><properties><padding /><margin /><background-color /><background-image /><background-repeat /><background-position /><border-color /><border-width unit="px" /><border-style /></properties><style selector="element" selectorvalue="a"><properties><font-size unit="px" /><font-family /><font-weight /><color /><text-decoration /></properties></style><style selector="element" selectorvalue="a:hover"><properties><font-size unit="px" /><font-family /><font-weight /><color /><text-decoration /></properties></style></style><style selector="class" selectorvalue="summary"><properties><padding /><margin /><background-color /><background-image /><background-repeat /><background-position /><border-color /><border-width unit="px" /><border-style /></properties><style selector="class" selectorvalue="text"><properties><font-size unit="px" /><font-family /><font-weight /><color /></properties></style><style selector="class" selectorvalue="more"><properties><display /><padding /><margin /><font-size unit="px" /><font-family /><font-weight /><color /><text-decoration /></properties></style><style selector="class" selectorvalue="more:hover"><properties><font-size unit="px" /><font-family /><font-weight /><color /><text-decoration /></properties></style></style><style selector="class" selectorvalue="summary.abridged"><properties><padding /><margin /><background-color /><background-image /><background-repeat /><background-position /><border-color /><border-width unit="px" /><border-style /></properties><style selector="class" selectorvalue="text"><properties><font-size unit="px" /><font-family /><font-weight /><color /></properties></style></style><style selector="class" selectorvalue="wn-icon.wn-icon-clip"><properties><background-image /><width unit="px" /></properties></style><style selector="class" selectorvalue="timestamps"><style selector="class" selectorvalue="timestamp.servertime"><properties><display>none</display></properties></style><style selector="class" selectorvalue="timestamp.mytime"><properties><display>inline</display></properties></style><style selector="class" selectorvalue="timestamp.gmttime"><properties><display>none</display></properties></style><style selector="class" selectorvalue="timestamp.timeago"><properties><display>none</display></properties></style></style></style></css><FONTS><FONT1><FACE>Verdana,Arial</FACE><COLOR>#000000</COLOR><SIZE>10px</SIZE><ITALIC>False</ITALIC></FONT1><FONT2><FACE>Default</FACE><COLOR>#000000</COLOR><SIZE>10px</SIZE><ITALIC>False</ITALIC></FONT2><FONT3><FACE>Default</FACE><COLOR>#FFFFFF</COLOR><SIZE>10px</SIZE><ITALIC>False</ITALIC></FONT3><FONT4><FACE>Verdana,Arial</FACE><COLOR>#000000</COLOR><SIZE>10px</SIZE><ITALIC>700</ITALIC></FONT4><FONT5><FACE>Verdana,Arial</FACE><COLOR>#000000</COLOR><SIZE>10px</SIZE><ITALIC>700</ITALIC></FONT5><FONT6><FACE>Verdana,Arial</FACE><COLOR>#000000</COLOR><SIZE>10px</SIZE><ITALIC>400</ITALIC></FONT6><FONT7><FACE>Verdana,Arial</FACE><COLOR>#000000</COLOR><SIZE>10px</SIZE><ITALIC>400</ITALIC></FONT7><FONT8><FACE>Default</FACE><COLOR>#000000</COLOR><SIZE>10px</SIZE><ITALIC>False</ITALIC></FONT8><FONT9><FACE>Default</FACE><COLOR>#ffffff</COLOR><SIZE>10px</SIZE><ITALIC>False</ITALIC></FONT9><FONT10><FACE>Default</FACE><COLOR>#FFFFFF</COLOR><SIZE>10px</SIZE><ITALIC>False</ITALIC></FONT10><FONT11><FACE>Default</FACE><COLOR>#000000</COLOR><SIZE>11px</SIZE><ITALIC>False</ITALIC></FONT11><FONT12><FACE>Default</FACE><COLOR>#ffffff</COLOR><SIZE>11px</SIZE><ITALIC>False</ITALIC></FONT12><FONT13><FACE>Default</FACE><COLOR>#5a5959</COLOR><SIZE>11px</SIZE><ITALIC>False</ITALIC></FONT13><FONT14><FACE>Default</FACE><COLOR>#5a5959</COLOR><SIZE>11px</SIZE><ITALIC>False</ITALIC></FONT14><FONT15><FACE>Default</FACE><COLOR>#5a5959</COLOR><SIZE>11px</SIZE><ITALIC>False</ITALIC></FONT15><FONT16><FACE>Default</FACE><COLOR>#5a5959</COLOR><SIZE>11px</SIZE><ITALIC>False</ITALIC></FONT16><FONT17><FACE>Default</FACE><COLOR>#000000</COLOR><SIZE>9px</SIZE><ITALIC>False</ITALIC></FONT17><FONT18><FACE>Default</FACE><COLOR>#144d84</COLOR><SIZE>11px</SIZE><ITALIC>False</ITALIC></FONT18><FONT19><FACE>Default</FACE><COLOR>#6d6d6d</COLOR><SIZE>1</SIZE><ITALIC>False</ITALIC></FONT19><FONT20><FACE>Default</FACE><COLOR>#000000</COLOR><SIZE>10px</SIZE><ITALIC>False</ITALIC></FONT20><FONT21><FACE>Default</FACE><COLOR>#000000</COLOR><SIZE>10px</SIZE><ITALIC>False</ITALIC></FONT21><FONT22><FACE>Default</FACE><COLOR>#144d84</COLOR><SIZE>10px</SIZE><ITALIC>False</ITALIC></FONT22><FONT23><FACE>Default</FACE><COLOR>#5a5959</COLOR><SIZE>11px</SIZE><ITALIC>False</ITALIC></FONT23><FONT24><FACE>Default</FACE><COLOR>#5a5959</COLOR><SIZE>1</SIZE><ITALIC>False</ITALIC></FONT24><FONT25><FACE>Default</FACE><COLOR>#5a5959</COLOR><SIZE>10px</SIZE><ITALIC>False</ITALIC></FONT25><FONT26><FACE>Default</FACE><COLOR>#123a72</COLOR><SIZE>10px</SIZE><ITALIC>False</ITALIC></FONT26><FONT27><FACE>Default</FACE><COLOR>#144d84</COLOR><SIZE>10px</SIZE><ITALIC>False</ITALIC></FONT27><FONT28><FACE>Default</FACE><COLOR>#144d84</COLOR><SIZE>10px</SIZE><ITALIC>False</ITALIC></FONT28><FONT29><FACE>Default</FACE><COLOR>#000000</COLOR><SIZE>10px</SIZE><ITALIC>False</ITALIC></FONT29><FONT30><FACE>Default</FACE><COLOR>#000000</COLOR><SIZE>10px</SIZE><ITALIC>False</ITALIC></FONT30><FONT31><FACE>Default</FACE><COLOR>#144d84</COLOR><SIZE>14px</SIZE><ITALIC>False</ITALIC></FONT31><FONT32><FACE>Default</FACE><COLOR>#000000</COLOR><SIZE>2</SIZE><ITALIC>False</ITALIC></FONT32><FONT33><FACE>Default</FACE><COLOR>#0033FF</COLOR><SIZE>10px</SIZE><ITALIC>False</ITALIC></FONT33><FONT34><FACE>Default</FACE><COLOR>#000000</COLOR><SIZE>10px</SIZE><ITALIC>False</ITALIC></FONT34><FONT35><FACE>Default</FACE><COLOR>#144d84</COLOR><SIZE>10px</SIZE><ITALIC>False</ITALIC></FONT35><FONT36><FACE>Default</FACE><COLOR>#144d84</COLOR><SIZE>10px</SIZE><ITALIC>False</ITALIC></FONT36><FONT37><FACE>Default</FACE><COLOR>#144d84</COLOR><SIZE>10px</SIZE><ITALIC>FALSE</ITALIC></FONT37><FONT38><FACE>Default</FACE><COLOR>#5a5959</COLOR><SIZE>11px</SIZE><ITALIC>FALSE</ITALIC></FONT38><FONT39><FACE>Default</FACE><COLOR>#6d6d6d</COLOR><SIZE>11px</SIZE><ITALIC>false</ITALIC></FONT39><FONT40><FACE>Default</FACE><COLOR>#6d6d6d</COLOR><SIZE>11px</SIZE><ITALIC>false</ITALIC></FONT40><FONT41><FACE>Default</FACE><COLOR>#6d6d6d</COLOR><SIZE>11px</SIZE><ITALIC>false</ITALIC></FONT41><FONT42><FACE>Default</FACE><COLOR>#6d6d6d</COLOR><SIZE>11px</SIZE><ITALIC>false</ITALIC></FONT42><FONT43><FACE>Default</FACE><COLOR>#5a5959</COLOR><SIZE>11px</SIZE><ITALIC>false</ITALIC></FONT43><FONT44><FACE>Default</FACE><COLOR>#6d6d6d</COLOR><SIZE>10px</SIZE><ITALIC>false</ITALIC></FONT44><FONT45><FACE>Default</FACE><COLOR>#6d6d6d</COLOR><SIZE>10px</SIZE><ITALIC>false</ITALIC></FONT45><FONT46><FACE>Default</FACE><COLOR>#6d6d6d</COLOR><SIZE>10px</SIZE><ITALIC>false</ITALIC></FONT46><FONT47><FACE>Default</FACE><COLOR>#6d6d6d</COLOR><SIZE>10px</SIZE><ITALIC>false</ITALIC></FONT47><FONT48><FACE>Default</FACE><COLOR>#6d6d6d</COLOR><SIZE>11px</SIZE><ITALIC>False</ITALIC></FONT48><FONT49><FACE>Default</FACE><COLOR>#6d6d6d</COLOR><SIZE>10px</SIZE><ITALIC>false</ITALIC></FONT49><FONT50><FACE>Default</FACE><COLOR>#6d6d6d</COLOR><SIZE>10px</SIZE><ITALIC>false</ITALIC></FONT50><FONT51><FACE>Default</FACE><COLOR>#6d6d6d</COLOR><SIZE>10px</SIZE><ITALIC>false</ITALIC></FONT51><FONT52><FACE>Default</FACE><COLOR>#6d6d6d</COLOR><SIZE>10px</SIZE><ITALIC>False</ITALIC></FONT52><FONT53><FACE>Default</FACE><COLOR>#000000</COLOR><SIZE>1</SIZE><ITALIC>False</ITALIC></FONT53><FONT54><FACE>Arial</FACE><COLOR>#000000</COLOR><SIZE>1</SIZE><ITALIC>False</ITALIC></FONT54><FONT55><FACE>Arial</FACE><COLOR>#000000</COLOR><SIZE>1</SIZE><ITALIC>False</ITALIC></FONT55><FONT56><FACE>Arial</FACE><COLOR>#0000CC</COLOR><SIZE>1</SIZE><ITALIC>False</ITALIC></FONT56><FONT57><FACE>Default</FACE><COLOR>#FFFFFF</COLOR><SIZE>10px</SIZE><ITALIC>False</ITALIC></FONT57><FONT58><FACE>Default</FACE><COLOR>#144d84</COLOR><SIZE>11px</SIZE><ITALIC>False</ITALIC></FONT58><FONT59><FACE>Default</FACE><COLOR>#6d6d6d</COLOR><SIZE>1</SIZE><ITALIC>False</ITALIC></FONT59><FONT60><FACE>Default</FACE><COLOR>#6d6d6d</COLOR><SIZE>10px</SIZE><ITALIC>False</ITALIC></FONT60><FONT61><FACE>Default</FACE><COLOR>#144d84</COLOR><SIZE>10px</SIZE><ITALIC>False</ITALIC></FONT61><FONT62><FACE>Default</FACE><COLOR>#6d6d6d</COLOR><SIZE>1</SIZE><ITALIC>False</ITALIC></FONT62><FONT63><FACE>Default</FACE><COLOR>#000000</COLOR><SIZE>10px</SIZE><ITALIC>False</ITALIC></FONT63><FONT64><FACE>Default</FACE><COLOR>#144d84</COLOR><SIZE>10px</SIZE><ITALIC>False</ITALIC></FONT64><FONT65><FACE>Default</FACE><COLOR>#144d84</COLOR><SIZE>10px</SIZE><ITALIC>False</ITALIC></FONT65><FONT66><FACE>Default</FACE><COLOR>#000000</COLOR><SIZE>10px</SIZE><ITALIC>False</ITALIC></FONT66><FONT67><FACE>Default</FACE><COLOR>#000000</COLOR><SIZE>10px</SIZE><ITALIC>False</ITALIC></FONT67><FONT68><FACE>Default</FACE><COLOR>#CC0000</COLOR><SIZE>10px</SIZE><ITALIC>False</ITALIC></FONT68><FONT69><FACE>Default</FACE><COLOR>#0000CC</COLOR><SIZE>10px</SIZE><ITALIC>False</ITALIC></FONT69><FONT70><FACE>Default</FACE><COLOR>#5a5959</COLOR><SIZE>10px</SIZE><ITALIC>False</ITALIC></FONT70><FONT71><FACE>Default</FACE><COLOR>#5a5959</COLOR><SIZE>11px</SIZE><ITALIC>False</ITALIC></FONT71><FONT72><FACE>Default</FACE><COLOR>#000000</COLOR><SIZE>10px</SIZE><ITALIC>False</ITALIC></FONT72><FONT73><FACE>Default</FACE><COLOR>#CC0000</COLOR><SIZE>11px</SIZE><ITALIC>False</ITALIC></FONT73><FONT74><FACE>Default</FACE><COLOR>#0000CC</COLOR><SIZE>11px</SIZE><ITALIC>False</ITALIC></FONT74><FONT75><FACE>Default</FACE><COLOR>#CC0000</COLOR><SIZE>10px</SIZE><ITALIC>False</ITALIC></FONT75><FONT76><FACE>Default</FACE><COLOR>#0000CC</COLOR><SIZE>10px</SIZE><ITALIC>False</ITALIC></FONT76><FONT77><FACE>Default</FACE><COLOR>#000000</COLOR><SIZE>10px</SIZE><ITALIC>False</ITALIC></FONT77><FONT78><FACE>Default</FACE><COLOR>#5a5959</COLOR><SIZE>11px</SIZE><ITALIC>700</ITALIC></FONT78><FONT79><FACE>Default</FACE><COLOR>#000000</COLOR><SIZE>10px</SIZE><ITALIC>False</ITALIC></FONT79><FONT80><FACE>Default</FACE><COLOR>#CC0000</COLOR><SIZE>11px</SIZE><ITALIC>False</ITALIC></FONT80><FONT81><FACE>Default</FACE><COLOR>#0000CC</COLOR><SIZE>11px</SIZE><ITALIC>False</ITALIC></FONT81><FONT82><FACE>Default</FACE><COLOR>#000000</COLOR><SIZE>10px</SIZE><ITALIC>False</ITALIC></FONT82><FONT83><FACE>Default</FACE><COLOR>#000000</COLOR><SIZE>10px</SIZE><ITALIC>False</ITALIC></FONT83><FONT84><FACE>Default</FACE><COLOR>#000000</COLOR><SIZE>10px</SIZE><ITALIC>False</ITALIC></FONT84><FONT85><FACE>Default</FACE><COLOR>#5a5959</COLOR><SIZE>11px</SIZE><ITALIC>False</ITALIC></FONT85><FONT86><FACE>Default</FACE><COLOR>#144d84</COLOR><SIZE>10px</SIZE><ITALIC>False</ITALIC></FONT86><FONT87><FACE>Default</FACE><COLOR>#6d6d6d</COLOR><SIZE>1</SIZE><ITALIC>False</ITALIC></FONT87><FONT88><FACE>Default</FACE><COLOR>#000000</COLOR><SIZE>10px</SIZE><ITALIC>False</ITALIC></FONT88><FONT89><FACE>Default</FACE><COLOR>#000000</COLOR><SIZE>10px</SIZE><ITALIC>False</ITALIC></FONT89><FONT90><FACE>Default</FACE><COLOR>#000000</COLOR><SIZE>10px</SIZE><ITALIC>False</ITALIC></FONT90><FONT91><FACE>Default</FACE><COLOR>#144d84</COLOR><SIZE>10px</SIZE><ITALIC>False</ITALIC></FONT91><FONT92><FACE>Default</FACE><COLOR>#144d84</COLOR><SIZE>15px</SIZE><ITALIC>False</ITALIC></FONT92><FONT93><FACE>Default</FACE><COLOR>#6d6d6d</COLOR><SIZE>2</SIZE><ITALIC>False</ITALIC></FONT93><FONT94><FACE>Default</FACE><COLOR>#000000</COLOR><SIZE>12px</SIZE><ITALIC>False</ITALIC></FONT94><FONT95><FACE>Default</FACE><COLOR>#000000</COLOR><SIZE>12px</SIZE><ITALIC>False</ITALIC></FONT95><FONT96><FACE>Default</FACE><COLOR>#000000</COLOR><SIZE>12px</SIZE><ITALIC>False</ITALIC></FONT96><FONT97><FACE>Default</FACE><COLOR>#000000</COLOR><SIZE>10px</SIZE><ITALIC>False</ITALIC></FONT97><FONT98><FACE>Default</FACE><COLOR>#000000</COLOR><SIZE>10px</SIZE><ITALIC>False</ITALIC></FONT98><FONT99><FACE>Default</FACE><COLOR>#CC0000</COLOR><SIZE>10px</SIZE><ITALIC>False</ITALIC></FONT99><FONT100><FACE>Default</FACE><COLOR>#0000CC</COLOR><SIZE>10px</SIZE><ITALIC>False</ITALIC></FONT100><FONT101><FACE>Default</FACE><COLOR>#000000</COLOR><SIZE>10px</SIZE><ITALIC>False</ITALIC></FONT101><FONT102><FACE>Default</FACE><COLOR>#123a72</COLOR><SIZE>10px</SIZE><ITALIC>False</ITALIC></FONT102><FONT103><FACE>Default</FACE><COLOR>#5a5959</COLOR><SIZE>1</SIZE><ITALIC>False</ITALIC></FONT103><FONT104><FACE>Default</FACE><COLOR>#5a5959</COLOR><SIZE>10px</SIZE><ITALIC>False</ITALIC></FONT104><FONT105><FACE>Default</FACE><COLOR>#5a5959</COLOR><SIZE>10px</SIZE><ITALIC>False</ITALIC></FONT105><FONT106><FACE>Default</FACE><COLOR>#000000</COLOR><SIZE>10px</SIZE><ITALIC>False</ITALIC></FONT106><FONT107><FACE>Default</FACE><COLOR>#5a5959</COLOR><SIZE>11px</SIZE><ITALIC>False</ITALIC></FONT107><FONT108><FACE>Default</FACE><COLOR>#144d84</COLOR><SIZE>10px</SIZE><ITALIC>False</ITALIC></FONT108><FONT109><FACE>Default</FACE><COLOR>#6d6d6d</COLOR><SIZE>1</SIZE><ITALIC>False</ITALIC></FONT109><FONT110><FACE>Default</FACE><COLOR>#000000</COLOR><SIZE>10px</SIZE><ITALIC>False</ITALIC></FONT110><FONT111><FACE>Default</FACE><COLOR>#000000</COLOR><SIZE>10px</SIZE><ITALIC>False</ITALIC></FONT111><FONT112><FACE>Default</FACE><COLOR>#000000</COLOR><SIZE>10px</SIZE><ITALIC>False</ITALIC></FONT112><FONT113><FACE>Default</FACE><COLOR>#000000</COLOR><SIZE>11px</SIZE><ITALIC>False</ITALIC></FONT113><FONT114><FACE>Default</FACE><COLOR>#144d84</COLOR><SIZE>10px</SIZE><ITALIC>False</ITALIC></FONT114><FONT115><FACE>Default</FACE><COLOR>#5a5959</COLOR><SIZE>11px</SIZE><ITALIC>False</ITALIC></FONT115><FONT116><FACE>Default</FACE><COLOR>#144d84</COLOR><SIZE>10px</SIZE><ITALIC>False</ITALIC></FONT116><FONT117><FACE>Default</FACE><COLOR>#000000</COLOR><SIZE>11px</SIZE><ITALIC>False</ITALIC></FONT117><FONT118><FACE>Default</FACE><COLOR>#000000</COLOR><SIZE>11px</SIZE><ITALIC>False</ITALIC></FONT118><FONT119><FACE>Default</FACE><COLOR>#5a5959</COLOR><SIZE>11px</SIZE><ITALIC>False</ITALIC></FONT119><FONT120><FACE>Default</FACE><COLOR>#144d84</COLOR><SIZE>11px</SIZE><ITALIC>False</ITALIC></FONT120><FONT121><FACE>Default</FACE><COLOR>#6d6d6d</COLOR><SIZE>1</SIZE><ITALIC>False</ITALIC></FONT121><FONT122><FACE>Default</FACE><COLOR>#000000</COLOR><SIZE>10px</SIZE><ITALIC>False</ITALIC></FONT122><FONT123><FACE>Default</FACE><COLOR>#000000</COLOR><SIZE>10px</SIZE><ITALIC>False</ITALIC></FONT123><FONT124><FACE>Default</FACE><COLOR>#000000</COLOR><SIZE>10px</SIZE><ITALIC>False</ITALIC></FONT124><FONT125><FACE>Default</FACE><COLOR>#FFFF99</COLOR><SIZE>10px</SIZE><ITALIC>False</ITALIC></FONT125><FONT126><FACE>Default</FACE><COLOR>#FFFF99</COLOR><SIZE>11px</SIZE><ITALIC>False</ITALIC></FONT126><FONT127><FACE>Default</FACE><COLOR>#000000</COLOR><SIZE>11px</SIZE><ITALIC>False</ITALIC></FONT127><FONT128><FACE>Default</FACE><COLOR>#CC0000</COLOR><SIZE>11px</SIZE><ITALIC>False</ITALIC></FONT128><FONT129><FACE>Default</FACE><COLOR>#08419C</COLOR><SIZE>11px</SIZE><ITALIC>False</ITALIC></FONT129><FONT130><FACE>Default</FACE><COLOR>#5083b9</COLOR><SIZE>10px</SIZE><ITALIC>False</ITALIC></FONT130><FONT131><FACE>Default</FACE><COLOR>#5083b9</COLOR><SIZE>10px</SIZE><ITALIC>False</ITALIC></FONT131><FONT132><FACE>Default</FACE><COLOR>#5a5959</COLOR><SIZE>11px</SIZE><ITALIC>False</ITALIC></FONT132><FONT133><FACE>Default</FACE><COLOR>#144d84</COLOR><SIZE>11px</SIZE><ITALIC>False</ITALIC></FONT133><FONT134><FACE>Default</FACE><COLOR>#000000</COLOR><SIZE>11px</SIZE><ITALIC>False</ITALIC></FONT134><FONT135><FACE>Default</FACE><COLOR>#144d84</COLOR><SIZE>11px</SIZE><ITALIC>False</ITALIC></FONT135><FONT136><FACE>Default</FACE><COLOR>#000000</COLOR><SIZE>11px</SIZE><ITALIC>False</ITALIC></FONT136><FONT137><FACE>Default</FACE><COLOR>#144d84</COLOR><SIZE>11px</SIZE><ITALIC>False</ITALIC></FONT137><FONT138><FACE>Default</FACE><COLOR>#000000</COLOR><SIZE>11px</SIZE><ITALIC>false</ITALIC></FONT138><FONT139><FACE>Verdana,Arial</FACE><COLOR>#0000CC</COLOR><SIZE>26px</SIZE><ITALIC>False</ITALIC></FONT139><FONT140><FACE>Verdana,Arial</FACE><COLOR>#CC0000</COLOR><SIZE>11px</SIZE><ITALIC>False</ITALIC></FONT140><FONT141><FACE>Verdana,Arial</FACE><COLOR>#0000CC</COLOR><SIZE>11px</SIZE><ITALIC>False</ITALIC></FONT141><FONT142><FACE>Verdana,Arial</FACE><COLOR>#000000</COLOR><SIZE>10px</SIZE><ITALIC>False</ITALIC></FONT142><FONT143><FACE>Default</FACE><COLOR>#5a5959</COLOR><SIZE>11px</SIZE><ITALIC>False</ITALIC></FONT143><FONT144><FACE>Default</FACE><COLOR>#144d84</COLOR><SIZE>11px</SIZE><ITALIC>False</ITALIC></FONT144><FONT145><FACE>Default</FACE><COLOR>#6d6d6d</COLOR><SIZE>1</SIZE><ITALIC>False</ITALIC></FONT145><FONT146><FACE>Default</FACE><COLOR>#000000</COLOR><SIZE>10px</SIZE><ITALIC>False</ITALIC></FONT146><FONT147><FACE>Default</FACE><COLOR>#5a5959</COLOR><SIZE>11px</SIZE><ITALIC>False</ITALIC></FONT147><FONT148><FACE>Default</FACE><COLOR>#144d84</COLOR><SIZE>11px</SIZE><ITALIC>False</ITALIC></FONT148><FONT149><FACE>Default</FACE><COLOR>#6d6d6d</COLOR><SIZE>1</SIZE><ITALIC>False</ITALIC></FONT149><FONT150><FACE>Default</FACE><COLOR>#000000</COLOR><SIZE>10px</SIZE><ITALIC>False</ITALIC></FONT150><FONT151><FACE>Default</FACE><COLOR>#144d84</COLOR><SIZE>11px</SIZE><ITALIC>False</ITALIC></FONT151><FONT152><FACE>Default</FACE><COLOR>#000000</COLOR><SIZE>1</SIZE><ITALIC>False</ITALIC></FONT152><FONT153><FACE>Default</FACE><COLOR>#000000</COLOR><SIZE>10px</SIZE><ITALIC>False</ITALIC></FONT153><FONT154><FACE>Default</FACE><COLOR>#000000</COLOR><SIZE>11px</SIZE><ITALIC>false</ITALIC></FONT154><FONT155><FACE>Verdana,Arial</FACE><COLOR>#0000CC</COLOR><SIZE>26px</SIZE><ITALIC>False</ITALIC></FONT155><FONT156><FACE>Verdana,Arial</FACE><COLOR>#CC0000</COLOR><SIZE>11px</SIZE><ITALIC>False</ITALIC></FONT156><FONT157><FACE>Verdana,Arial</FACE><COLOR>#0000CC</COLOR><SIZE>11px</SIZE><ITALIC>False</ITALIC></FONT157><FONT158><FACE>Verdana,Arial</FACE><COLOR>#000000</COLOR><SIZE>10px</SIZE><ITALIC>False</ITALIC></FONT158><FONT159><FACE>Verdana,Arial</FACE><COLOR>#000000</COLOR><SIZE>12px</SIZE><ITALIC>False</ITALIC></FONT159><FONT160><FACE>Verdana,Arial</FACE><COLOR>#666666</COLOR><SIZE>9px</SIZE><ITALIC>False</ITALIC></FONT160><FONT161><FACE>Verdana,Arial</FACE><COLOR>#000000</COLOR><SIZE>11px</SIZE><ITALIC>False</ITALIC></FONT161><FONT162><FACE>Verdana,Arial</FACE><COLOR>#666666</COLOR><SIZE>11px</SIZE><ITALIC>False</ITALIC></FONT162><FONT163><FACE>Verdana,Arial</FACE><COLOR>#000000</COLOR><SIZE>11px</SIZE><ITALIC>False</ITALIC></FONT163><FONT164><FACE>Verdana,Arial</FACE><COLOR>#666666</COLOR><SIZE>11px</SIZE><ITALIC>False</ITALIC></FONT164></FONTS><COLORS><COLOR1>#D1D1D1</COLOR1><COLOR2>#F5F5F5</COLOR2><COLOR3>#010066</COLOR3><COLOR4>#010066</COLOR4><COLOR5 /><COLOR6 /><COLOR7 /><COLOR8 /><COLOR9 /><COLOR10 /><COLOR11 /><COLOR12 /><COLOR13 /><COLOR14>#001848</COLOR14><COLOR15>#001848</COLOR15><COLOR16>#FFFFFF</COLOR16><COLOR17>#000000</COLOR17><COLOR18>#FFFFFF</COLOR18><COLOR19>#ffffff</COLOR19><COLOR20>#ffffff</COLOR20><COLOR21>#ffffff</COLOR21><COLOR22>#f8f8f8</COLOR22><COLOR23>#ffffff</COLOR23><COLOR24>#e4e4e4</COLOR24><COLOR25>#ffffff</COLOR25><COLOR26>#FFFFFF</COLOR26><COLOR27>#000066</COLOR27><COLOR28>#DBDBDB</COLOR28><COLOR29>#FFFFFF</COLOR29><COLOR30>#FFFFFF</COLOR30><COLOR31>#FFFFFF</COLOR31><COLOR32>#ffffff</COLOR32><COLOR33>#e4e4e4</COLOR33><COLOR34>#ffffff</COLOR34><COLOR35>#ffffff</COLOR35><COLOR36>#e4e4e4</COLOR36><COLOR37>#f8f8f8</COLOR37><COLOR38>#ffffff</COLOR38><COLOR39>#e4e4e4</COLOR39><COLOR40>#ffffff</COLOR40><COLOR41>#ffffff</COLOR41><COLOR42>#e4e4e4</COLOR42><COLOR43>#f8f8f8</COLOR43><COLOR44>#ffffff</COLOR44><COLOR45>#e4e4e4</COLOR45><COLOR46>#f8f8f8</COLOR46><COLOR47>#DEDFCE</COLOR47><COLOR48>#DEDFCE</COLOR48><COLOR49>#FFFFFF</COLOR49><COLOR50>#FFFFFF</COLOR50><COLOR51>#ffffff</COLOR51><COLOR52>#e4e4e4</COLOR52><COLOR53>#ffffff</COLOR53><COLOR54>#ffffff</COLOR54><COLOR55>#e4e4e4</COLOR55><COLOR56>#ffffff</COLOR56><COLOR57>#ffffff</COLOR57><COLOR58>#e4e4e4</COLOR58><COLOR59>#f8f8f8</COLOR59><COLOR60>#ffffff</COLOR60><COLOR61>#e4e4e4</COLOR61><COLOR62>#f8f8f8</COLOR62><COLOR63>#FFFFFF</COLOR63><COLOR64>#FFFFFF</COLOR64><COLOR65>#FFFFFF</COLOR65><COLOR66>#BED5FF</COLOR66><COLOR67>#DCE8FF</COLOR67><COLOR68>#BED5FF</COLOR68><COLOR69>#DCE8FF</COLOR69><COLOR70>#75A0FC</COLOR70><COLOR71>#ffffff</COLOR71><COLOR72>#e4e4e4</COLOR72><COLOR73>#f8f8f8</COLOR73><COLOR74>#FFFFFF</COLOR74><COLOR75>#FFFFFF</COLOR75><COLOR76>#eaeaea</COLOR76><COLOR77>#eaeaea</COLOR77><COLOR78>#ffffff</COLOR78><COLOR79>#e4e4e4</COLOR79><COLOR80>#f8f8f8</COLOR80><COLOR81>#ffffff</COLOR81><COLOR82>#f8f8f8</COLOR82><COLOR83>#ffffff</COLOR83><COLOR84>#e4e4e4</COLOR84><COLOR85>#f8f8f8</COLOR85><COLOR86>#154b85</COLOR86><COLOR87>#154b85</COLOR87><COLOR88>#154b85</COLOR88><COLOR89>#FFFFFF</COLOR89><COLOR90>#FFFFFF</COLOR90><COLOR91>#f8f8f8</COLOR91><COLOR92>#f8f8f8</COLOR92><COLOR93>#ffffff</COLOR93><COLOR94>#e4e4e4</COLOR94><COLOR95>#FFFFFF</COLOR95><COLOR96>#FFFFFF</COLOR96><COLOR97>#FFFFFF</COLOR97><COLOR98>#CC0000</COLOR98><COLOR99>#CC0000</COLOR99><COLOR100>#CC0000</COLOR100><COLOR101>#CC0000</COLOR101><COLOR102>#FFFF99</COLOR102><COLOR103>#FFFFE6</COLOR103><COLOR104>#ffffff</COLOR104><COLOR105>#e4e4e4</COLOR105><COLOR106>#ffffff</COLOR106><COLOR107>#ffffff</COLOR107><COLOR108>#e4e4e4</COLOR108><COLOR109>#ffffff</COLOR109><COLOR110>#ffffff</COLOR110><COLOR111>#e4e4e4</COLOR111><COLOR112>#f8f8f8</COLOR112><COLOR113>#ffffff</COLOR113><COLOR114>#e4e4e4</COLOR114><COLOR115>#f8f8f8</COLOR115><COLOR116>#FFFFFF</COLOR116><COLOR117>#FFFFFF</COLOR117><COLOR118>#FFFFFF</COLOR118><COLOR119>#ffffff</COLOR119><COLOR120>#e4e4e4</COLOR120><COLOR121>#ffffff</COLOR121><COLOR122>#ffffff</COLOR122><COLOR123>#e4e4e4</COLOR123><COLOR124>#ffffff</COLOR124><COLOR125>#eaeaea</COLOR125><COLOR126>#e4e4e4</COLOR126><COLOR127>#eaeaea</COLOR127><COLOR128>#FFFFFF</COLOR128><COLOR129>#FFFFFF</COLOR129><COLOR130>#FFFFFF</COLOR130><COLOR131>#FFFFFF</COLOR131><COLOR132>#CCCCCC</COLOR132><COLOR133>#FFFFFF</COLOR133><COLOR134>#F4F8FB</COLOR134></COLORS><BGIMAGES><BGIMAGE5><![CDATA[/images/static/gfx/bg_right.gif]]></BGIMAGE5><BGIMAGE24><![CDATA[/images/static/gfx/bg_co_ribbon.gif]]></BGIMAGE24><BGIMAGE33><![CDATA[/images/static/gfx/bg_co_ribbon.gif]]></BGIMAGE33><BGIMAGE36><![CDATA[/images/static/gfx/bg_co_ribbon.gif]]></BGIMAGE36><BGIMAGE39><![CDATA[/images/static/gfx/bg_co_ribbon.gif]]></BGIMAGE39><BGIMAGE42><![CDATA[/images/static/gfx/bg_co_ribbon.gif]]></BGIMAGE42><BGIMAGE45><![CDATA[/images/static/gfx/bg_co_ribbon.gif]]></BGIMAGE45><BGIMAGE52><![CDATA[/images/static/gfx/bg_bn_ribbon.gif]]></BGIMAGE52><BGIMAGE55><![CDATA[/images/static/gfx/bg_co_ribbon.gif]]></BGIMAGE55><BGIMAGE58><![CDATA[/images/static/gfx/bg_co_ribbon.gif]]></BGIMAGE58><BGIMAGE61><![CDATA[/images/static/gfx/bg_co_ribbon.gif]]></BGIMAGE61><BGIMAGE72><![CDATA[/images/static/gfx/bg_co_ribbon.gif]]></BGIMAGE72><BGIMAGE79><![CDATA[/images/static/gfx/bg_co_ribbon.gif]]></BGIMAGE79><BGIMAGE84><![CDATA[/images/static/gfx/bg_co_ribbon.gif]]></BGIMAGE84><BGIMAGE94><![CDATA[/images/static/gfx/bg_co_ribbon.gif]]></BGIMAGE94><BGIMAGE105><![CDATA[/images/static/gfx/bg_co_ribbon.gif]]></BGIMAGE105><BGIMAGE108><![CDATA[/images/static/gfx/bg_co_ribbon.gif]]></BGIMAGE108><BGIMAGE111><![CDATA[/images/static/gfx/bg_co_ribbon.gif]]></BGIMAGE111><BGIMAGE114><![CDATA[/images/static/gfx/bg_co_ribbon.gif]]></BGIMAGE114><BGIMAGE120><![CDATA[/images/static/gfx/bg_co_ribbon.gif]]></BGIMAGE120><BGIMAGE123><![CDATA[/images/static/gfx/bg_co_ribbon.gif]]></BGIMAGE123><BGIMAGE126><![CDATA[/images/static/gfx/bg_co_ribbon.gif]]></BGIMAGE126></BGIMAGES><DISPLAYSIZES><displaysize id="default"><id>default</id><maxnum>200</maxnum><maxcgitems>10</maxcgitems><summarylink><enable>1</enable><text><![CDATA[More&gt;&gt;]]></text></summarylink><displaytitle><enable>1</enable><isclickable>1</isclickable><morelink><enable>1</enable><text><![CDATA[More&gt;&gt;]]></text></morelink></displaytitle></displaysize><displaysize id="7"><id>7</id><maxnum>6</maxnum><maxcgitems>10</maxcgitems><summarylink><enable /><text /></summarylink><displaytitle><enable /><isclickable>0</isclickable><morelink><enable /><text /></morelink></displaytitle></displaysize><displaysize id="14" name="Associated Link"><id>14</id><maxnum>200</maxnum></displaysize><displaysize id="70" name="Branding Feature"><id>70</id><maxnum>200</maxnum></displaysize><displaysize id="-30" name="Breaking News - Col 2/3"><id>-30</id><maxnum>200</maxnum><summarylink><enable /><text /></summarylink></displaysize><displaysize id="10" name="Feature - Col 1"><id>10</id><maxnum>200</maxnum></displaysize><displaysize id="29" name="Feature - Col 2/3A"><id>29</id><maxnum>200</maxnum></displaysize><displaysize id="31" name="Feature - Col 2/3B"><id>31</id><maxnum>200</maxnum></displaysize><displaysize id="8" name="Feature - Col 2A"><id>8</id><maxnum>200</maxnum></displaysize><displaysize id="11" name="Feature - Col 2B"><id>11</id><maxnum>200</maxnum></displaysize><displaysize id="6" name="Feature - Col 2C"><id>6</id><maxnum>200</maxnum></displaysize><displaysize id="12" name="Feature - Col 3A"><id>12</id><maxnum>200</maxnum></displaysize><displaysize id="13" name="Feature - Col 3B"><id>13</id><maxnum>200</maxnum></displaysize><displaysize id="76" name="Feature - Col 4A"><id>76</id><maxnum>200</maxnum></displaysize><displaysize id="64" name="Feature - Col 4B"><id>64</id><maxnum>200</maxnum></displaysize><displaysize id="66" name="Feature - Col 4C"><id>66</id><maxnum>200</maxnum></displaysize><displaysize id="28" name="Featured Business Box - Col 3"><id>28</id><maxnum>200</maxnum></displaysize><displaysize id="45" name="Featured Video - Col 2"><id>45</id><maxnum>15</maxnum></displaysize><displaysize id="20" name="Featured Video - Col 3"><id>20</id><maxnum>200</maxnum></displaysize><displaysize id="-7" name="Full Horizontal - Col 2"><id>-7</id><maxnum>200</maxnum><summarylink><enable /><text /></summarylink></displaysize><displaysize id="-4" name="Half Horizontal - Col 2"><id>-4</id><maxnum>200</maxnum><summarylink><enable /><text /></summarylink></displaysize><displaysize id="-1" name="Headline - Col 2"><id>-1</id><maxnum>200</maxnum></displaysize><displaysize id="80" name="Headline Box - Col 2A"><id>80</id><maxnum>2</maxnum><maxcgitems>3</maxcgitems><summarylink><enable /><text /></summarylink><displaytitle><enable /><isclickable /><morelink><enable /><text /></morelink></displaytitle></displaysize><displaysize id="82" name="Headline Box - Col 2B"><id>82</id><maxnum>4</maxnum><maxcgitems>5</maxcgitems><summarylink><enable /><text /></summarylink><displaytitle><enable /><isclickable /><morelink><enable /><text /></morelink></displaytitle></displaysize><displaysize id="27" name="Headline Box - Col 3"><id>27</id><maxnum>4</maxnum><maxcgitems>10</maxcgitems><summarylink><enable /><text /></summarylink><displaytitle><enable /><isclickable /><morelink><enable /><text /></morelink></displaytitle></displaysize><displaysize id="78" name="Headline Box - Col 4"><id>78</id><maxnum>1</maxnum><maxcgitems>10</maxcgitems><summarylink><enable /><text /></summarylink><displaytitle><enable /><isclickable /><morelink><enable /><text /></morelink></displaytitle></displaysize><displaysize id="19" name="Hidden"><id>19</id><maxnum>0</maxnum></displaysize><displaysize id="26" name="National Promo Box"><id>26</id><maxnum>0</maxnum><maxcgitems>0</maxcgitems></displaysize><displaysize id="68" name="Nested Category - Col 4"><id>68</id><maxnum>1</maxnum><maxcgitems>10</maxcgitems><summarylink><enable /><text /></summarylink><displaytitle><enable /><isclickable>0</isclickable><morelink><enable /><text /></morelink></displaytitle></displaysize><displaysize id="21" name="Page Feature - Col 2/3"><id>21</id><maxnum>200</maxnum></displaysize><displaysize id="24" name="Promo Box - Col 4A"><id>24</id><maxnum>1</maxnum><maxcgitems>8</maxcgitems><summarylink><enable>0</enable><text /></summarylink><displaytitle><enable>0</enable><isclickable /><morelink><enable /><text /></morelink></displaytitle></displaysize><displaysize id="25" name="Promo Box - Col 4B"><id>25</id><maxnum>1</maxnum><maxcgitems>8</maxcgitems><summarylink><enable>0</enable><text /></summarylink><displaytitle><enable>0</enable><isclickable /><morelink><enable /><text /></morelink></displaytitle></displaysize><displaysize id="85" name="Promo Box - Col 2"><id>85</id><maxnum>1</maxnum><maxcgitems>10</maxcgitems><summarylink><enable>0</enable><text /></summarylink><displaytitle><enable>0</enable><isclickable /><morelink><enable /><text /></morelink></displaytitle></displaysize><displaysize id="87" name="Promo Box - Col 5A"><id>87</id><maxnum>0</maxnum><maxcgitems>4</maxcgitems><summarylink><enable>0</enable><text /></summarylink><displaytitle><enable>0</enable><isclickable /><morelink><enable /><text /></morelink></displaytitle></displaysize><displaysize id="88" name="Promo Box - Col 5B"><id>88</id><maxnum>0</maxnum><maxcgitems>8</maxcgitems><summarylink><enable>0</enable><text /></summarylink><displaytitle><enable>0</enable><isclickable /><morelink><enable /><text /></morelink></displaytitle></displaysize><displaysize id="3" name="Related Link"><id>3</id><maxnum>200</maxnum></displaysize><displaysize id="22" name="Secondary Horizontal - Col 3"><id>22</id><maxnum>200</maxnum><summarylink><enable /><text /></summarylink></displaysize><displaysize id="4" name="Subsection Navigation - Col 1"><id>4</id><maxnum>200</maxnum></displaysize><displaysize id="40" name="Ticker"><id>40</id><maxnum>200</maxnum></displaysize><displaysize id="-10" name="Top Headline - Col 2"><id>-10</id><maxnum>200</maxnum></displaysize><displaysize id="-20" name="Top Story"><id>-20</id><config><STORYPOS>0</STORYPOS><HEADLINEPOS>0</HEADLINEPOS><HEADLINEVIDEOPOS>0</HEADLINEVIDEOPOS><HEADLINELIMIT>5</HEADLINELIMIT><VIDEOLIMIT>5</VIDEOLIMIT></config><maxnum>200</maxnum><summarylink><enable /><text /></summarylink></displaysize><displaysize id="-18" name="Top Story Headline"><id>-18</id><maxnum>200</maxnum></displaysize><displaysize id="48" name="Top Story Video"><id>48</id><maxnum>200</maxnum></displaysize><displaysize id="62" name="Utility Block - 300x140 - Col 4"><id>62</id><maxnum>1</maxnum></displaysize><displaysize id="60" name="Utility Block - 300x30 - Col 4"><id>60</id><maxnum>1</maxnum></displaysize><displaysize id="16" name="Utility Block - Col 2"><id>16</id><maxnum>200</maxnum></displaysize><displaysize id="17" name="Utility Block - Col 3A"><id>17</id><maxnum>200</maxnum></displaysize><displaysize id="18" name="Utility Block - Col 3B"><id>18</id><maxnum>200</maxnum></displaysize><displaysize id="74" name="Weather - Col 4"><id>74</id><maxnum>200</maxnum></displaysize><displaysize id="23" name="Weather Bar"><id>23</id><maxnum>200</maxnum></displaysize><defaultmaxcgs displayname="Default Max CGs">18</defaultmaxcgs><defaultmaxcgitems>10</defaultmaxcgitems></DISPLAYSIZES><DISPLAYTITLES><DISPLAYTITLE DISPLAYSIZE="64" DISPLAYITEM="11"><VALUE><![CDATA[Feature - Col 4B]]></VALUE></DISPLAYTITLE><DISPLAYTITLE DISPLAYSIZE="66" DISPLAYITEM="11"><VALUE><![CDATA[Feature - Col 4C]]></VALUE></DISPLAYTITLE><DISPLAYTITLE DISPLAYSIZE="12" DISPLAYITEM="7"><VALUE><![CDATA[Feature - Col 3A - CQC]]></VALUE></DISPLAYTITLE></DISPLAYTITLES><SEARCH><TITLE><![CDATA[News Search]]></TITLE></SEARCH><UCASEHEADERS /><LAYOUTOPTIONS><HEADLINEDISPLAY><HDLDECOR>0</HDLDECOR></HEADLINEDISPLAY><COL1>False</COL1><COL5>False</COL5><NEWCOL4LAYOUT>7</NEWCOL4LAYOUT><ADS><AD SZ="wnsz_41"><BORDER>#D1D1D1</BORDER><BGCOLOR>#F5F5F5</BGCOLOR></AD><AD SZ="wnsz_46"><BGCOLOR>#FFFFFF</BGCOLOR></AD></ADS><SHOWDATE>False</SHOWDATE></LAYOUTOPTIONS><SITEGRAPHICS><creative><type>Branding</type><id>WN_Branding1</id><description>Branding - 1 (980 or 760 px)</description><uri>/images/static/hdr/hdr_branding.jpg</uri></creative><creative><type>Branding</type><id>WN_Branding2</id><description>Branding - 2 (280 px)</description><uri>/images/static/hdr/hdr_branding_280x80.jpg</uri></creative><creative><type>Branding</type><id>WN_Branding3</id><description>Branding - 3 (505 px)</description><uri>/images/static/hdr/hdr_branding_505x60.jpg</uri></creative><creative><type>Branding</type><id>WN_Branding4</id><description>Branding - 4 (630 px)</description><uri>/images/static/hdr/category_hdr.jpg</uri></creative><creative><type>Branding</type><id>WN_Branding4</id><description>Branding - 4 (130 px)</description><uri>/images/static/hdr/hdr_branding_130x170.jpg</uri></creative><creative><type>Branding</type><id>WN_NavTop</id><description>Branding - Above vertical navigation</description><uri>/images/static/gfx/nav_top.gif</uri></creative><creative><type>Branding</type><id>WN_MiniBanner1</id><description>Branding - Mini Banner</description><uri>/images/static/hdr/hdr_580x37.gif</uri></creative><creative><type>Branding</type><id>WN_MiniBanner2</id><description>Branding - Mini Banner</description><uri>/images/static/hdr/hdr_607x37.gif</uri></creative><creative><type>Branding</type><id>WN_StationID</id><description>Links+ - Branding Layout</description><uri>/images/station_id.gif</uri></creative><creative><type>Branding</type><id>WN_BrandingMobile</id><description>Mobile Branding (recommended 120 px maximum)</description><uri>/images/static/hdr/hdr_mobile.gif</uri></creative><creative><type>Video</type><id>WN_AddToPlaylist</id><description>Video - Add to Playlist</description><uri>/images/static/video/gfx/btn_add_playlist.gif</uri></creative><creative><type>Video</type><id>WN_EmbedVideoBackground</id><description>Video - In-Page Background</description><uri>/images/static/video/gfx/embed_vid_bg.gif</uri></creative><creative><type>Video</type><id>WN_EmbedVideoError</id><description>Video - In-Page Error</description><uri>/images/static/video/gfx/embed_vid_error.gif</uri></creative><creative><type>Video</type><id>WN_PlayAllChecked</id><description>Video - Play All Checked</description><uri>/images/static/video/gfx/btn_play_all.gif</uri></creative><creative><type>Video</type><id>WN_VideoBranding</id><description>Video - Pop Up Branding</description><uri>/images/static/video/gfx/vid_frame.gif</uri></creative><creative><type>Video</type><id>WN_VideoIcon</id><description>Video - Video Icon</description><uri>/images/static/video/gfx/icon_video.gif</uri></creative><creative><type>Video</type><id>WN_VideoIncluded</id><description>Video - Video Included</description><uri>/images/static/video/gfx/icon_vidincluded.gif</uri></creative></SITEGRAPHICS><SITEALIGNMENT>center</SITEALIGNMENT></STYLE><IMAGEPREFIX><![CDATA[https://wnow.imagesddev1.worldnow.com]]></IMAGEPREFIX><GLOBALIMAGEPREFIX><![CDATA[https://imagesddev1.worldnow.com/global]]></GLOBALIMAGEPREFIX><STATICIMAGEFARMPREFIX><![CDATA[https://wnow.imagesddev1.worldnow.com]]></STATICIMAGEFARMPREFIX><BASEURL><![CDATA[wnow.ddev1.worldnow.com]]></BASEURL><NEXTGENWEB><ENABLED>True</ENABLED><FEEDBASEURL><![CDATA[wnow-ddev1.api.franklyinc.com]]></FEEDBASEURL></NEXTGENWEB><COPYRIGHT><![CDATA[All content © Copyright 2001 - 2016 wnow.  All Rights Reserved.<BR>For more kangaroo information on this site, please read our <a HREF='/global/story.asp?s=18991' >Terms of Service</a>, and <a class="adchoice" href="//www.aboutads.info/choices" target="policy">Ad Choices</a>, and <A HREF='/global/story.asp?s=18991'>Terms of Service</A>.]]></COPYRIGHT><MOBILEFOOTER><![CDATA[All content © 2001 - 2017. All Rights Reserved. For more information on this site, please read our <a HREF='/global/story.asp?s=18990'>Privacy Policy</a>, <a HREF='/global/story.asp?s=18991' >Terms of Service</a>, and <a class="adchoice" href="//www.aboutads.info/choices" target="policy">Ad Choices</a>.]]></MOBILEFOOTER><SHOWADS>1</SHOWADS><ADVERTISING><APPNEXUSPREBID>false</APPNEXUSPREBID></ADVERTISING><BRANDINGGRAPHIC>1</BRANDINGGRAPHIC><PAGETITLETAG>Frankly DDEV1</PAGETITLETAG><PAGETITLETAGAS>Suffix</PAGETITLETAGAS><SEARCHLOCATION>1</SEARCHLOCATION><REGISTRATION><MEMBERCENTERLOCATION>1</MEMBERCENTERLOCATION><LINKNO>556898</LINKNO><MULTIPLEENTRYMESSAGE>We're sorry, but only one entry is allowed per person.&lt;BR/&gt; Thank you for your continued interest.</MULTIPLEENTRYMESSAGE><membercenter><location>1</location><alignment>left</alignment><label>Member Center:</label><options><option id="accountCreate" order="1" type="nonuser"><label>Create Account</label><url>javascript: WNMemberCenterManager.gotoLoginLink('create')</url></option><option id="accountManage" order="2" type="user"><label>Manage Account</label><url>javascript: WNMemberCenterManager.gotoLoginLink()</url></option><option id="logIn" order="3" type="nonuser"><url>javascript: WNMemberCenterManager.gotoLoginLink('login')</url><label>Log In</label></option><option id="logOut" order="4" type="user"><url>javascript:WNMemberCenterManager.gotoLoginLink('logout')</url><label>Log Out</label></option></options></membercenter></REGISTRATION><DIRECTEMAIL><DEFAULTCATEGORYNO>46603</DEFAULTCATEGORYNO><FOOTER><![CDATA[All content Copyright 2000 - 2018, WorldNow and WNOW.  All Rights Reserved.]]></FOOTER><DISPLAYSIZE><ID>-30</ID><MAXSIZE>1</MAXSIZE></DISPLAYSIZE><DISPLAYSIZE><ID>-20</ID><MAXSIZE>3</MAXSIZE></DISPLAYSIZE><DISPLAYSIZE><ID>-18</ID><MAXSIZE>5</MAXSIZE></DISPLAYSIZE><DISPLAYSIZE><ID>-10</ID><MAXSIZE>5</MAXSIZE></DISPLAYSIZE><DISPLAYSIZE><ID>-7</ID><MAXSIZE>3</MAXSIZE></DISPLAYSIZE><DISPLAYSIZE><ID>-4</ID><MAXSIZE>3</MAXSIZE></DISPLAYSIZE><DISPLAYSIZE><ID>-1</ID><MAXSIZE>5</MAXSIZE></DISPLAYSIZE><DISPLAYSIZE><ID>7</ID><MAXSIZE>3</MAXSIZE><MAXITEMS>5</MAXITEMS></DISPLAYSIZE><DISPLAYSIZE><ID>24</ID><MAXSIZE>3</MAXSIZE><MAXITEMS>2</MAXITEMS></DISPLAYSIZE><DISPLAYSIZE><ID>25</ID><MAXSIZE>3</MAXSIZE><MAXITEMS>3</MAXITEMS></DISPLAYSIZE><DISPLAYSIZE><ID>26</ID><MAXSIZE>3</MAXSIZE><MAXITEMS>3</MAXITEMS></DISPLAYSIZE><DISPLAYSIZE><ID>27</ID><MAXSIZE>3</MAXSIZE><MAXITEMS>5</MAXITEMS></DISPLAYSIZE><DISPLAYSIZE><ID>87</ID><MAXSIZE>3</MAXSIZE><MAXITEMS>2</MAXITEMS></DISPLAYSIZE><DISPLAYSIZE><ID>88</ID><MAXSIZE>3</MAXSIZE><MAXITEMS>3</MAXITEMS></DISPLAYSIZE></DIRECTEMAIL><FEATURES><IMAGE><OPTIMIZATION><enabled>true</enabled><max-width-story-1>800</max-width-story-1><max-width-story-2>450</max-width-story-2><max-width-cb><![CDATA[450]]></max-width-cb></OPTIMIZATION></IMAGE><menu><style><levels><level depth="1"><background><color>#b8becc</color></background><text><color>#011837</color><font><family>Verdana</family><size>10px</size><weight>700</weight></font></text><hover><background><color>#ffffff</color></background><text><color>#011837</color></text></hover></level><level depth="2"><background><color>#b8becc</color></background><border side="all"><width>1</width><color>#ffffff</color></border><hover><background><color>#ffffff</color></background></hover></level></levels></style><maxitems><default>25</default><mobile>9</mobile></maxitems></menu><VIDEO><general><sendvideoemaildisclaimertext /><adowneraffiliates /><player><emaillandingpage>http:wnow.worldnow.com/global/Category.asp?c=165377</emaillandingpage><usedeprecatedopenads /></player><landingpage>http:wnow.worldnow.com/global/Category.asp?c=165377</landingpage><helppage>https://www.boston.com/help/videoplayer/flash/</helppage><keyframevirtualdirectory>/keyframes/</keyframevirtualdirectory><formats><format id="flash"><enable>False</enable></format><format id="mpeg2"><enable>False</enable></format><format id="tivo"><enable>False</enable></format><format id="mp3"><enable>False</enable></format><format id="h264"><enable>True</enable></format><format id="3gp"><enable>False</enable></format><format id="windowsmobile"><enable>False</enable></format><format id="mpeg4"><enable>False</enable></format><format id="snapshots"><enable>True</enable></format></formats></general><site><addthisprofileid>5435668</addthisprofileid><defaultformat>flv</defaultformat><defaultembedcodeformat>js</defaultembedcodeformat><playbackformatorder>flv-application/octet-stream,video/x-flv,video/flash,video/mp4</playbackformatorder><playbackmaxbitrate>2000</playbackmaxbitrate><enableClipPageAutoPlay>True</enableClipPageAutoPlay><enableStoryPageAutoPlay>True</enableStoryPageAutoPlay><enableabrstreaming>False</enableabrstreaming><mobileforceflash>True</mobileforceflash><hdslivestreaming>True</hdslivestreaming><closecaptionbackgroundtransparency>0.25</closecaptionbackgroundtransparency><googlesdkvideoadbandwidth>High</googlesdkvideoadbandwidth><googleadsdkdisableadcalloverwrite>True</googleadsdkdisableadcalloverwrite><vastimpressionbeacon /><dynamicstreamingcpcode /><dynamicstreamingbaseurl>rtmp://cp5381.edgefcs.net/ondemand</dynamicstreamingbaseurl><dynamicstreamingenabled>False</dynamicstreamingenabled><useuaf>True</useuaf><enableccenhancementsforvod>True</enableccenhancementsforvod><disableSinglePageClipInStory>True</disableSinglePageClipInStory><storyPageContinuousPlay>True</storyPageContinuousPlay><disablefeedsapi>true</disablefeedsapi><enableccenhancementsforlivestream>True</enableccenhancementsforlivestream><enablelivesreamcc>True</enablelivesreamcc><enablesingleclippage>True</enablesingleclippage><livestreamslateurl>https://wnow.videodownload.worldnow.com/test/images/wlfi_brb_slate.png</livestreamslateurl><companionads><useprerollmaster>True</useprerollmaster><companionadsizes>WNAd43</companionadsizes><mobilecompanionadsizes>WNAd43</mobilecompanionadsizes></companionads><assetformat1 /><assetformat2 /><minclipsforstorygallery>2</minclipsforstorygallery><enableakamaiplayer>True</enableakamaiplayer><enableVideoJS>True</enableVideoJS><disablevideojsmobile>False</disablevideojsmobile><enableIrisTV>False</enableIrisTV><irisTVClientToken>LDHZ9RA89NTSW49</irisTVClientToken><irisenablethumbsdown>True</irisenablethumbsdown><irisenablethumbsup>True</irisenablethumbsup><irisenableskipback>True</irisenableskipback><irisenableskipforward>True</irisenableskipforward><enablemuteifautoplay>False</enablemuteifautoplay><enableautoplaychrome>True</enableautoplaychrome></site><mobile><app><android><enablelive>False</enablelive><enablevod>False</enablevod><appstoreurl><![CDATA[https://play.google.com/store/apps/details?id=com.akamai.videoccplayer&hl=en]]></appstoreurl><launchlinkprefix>http://wnow.dsys1.worldnow.com/category/274789/cc?</launchlinkprefix><installverbiage>Would you like to download our video player application to improve your local media video experience? You can use this video player to watch news, weather and other content - all while customizing the look and feel of closed captioning.</installverbiage><installcookieexpiretime>1344</installcookieexpiretime></android><ios><enablelive>False</enablelive><enablevod>False</enablevod><appstoreurl>https://itunes.apple.com/us/app/vine/id592447445?mt=8&amp;v0=WWW-NAUS-ITSTOP100-FREEAPPS&amp;ign-mpt=uo%3D4</appstoreurl><launchlinkprefix>wnvideo://wnow.worldnow.com/category/274789/cc?</launchlinkprefix><installverbiage>Would you like to download our video player application to improve your local media video experience? You can use this video player to watch news, weather and other content - all while customizing the look and feel of closed captioning.</installverbiage><installcookieexpiretime>23</installcookieexpiretime></ios></app></mobile><defaults><playerversion>2</playerversion><playertype>Overlay</playertype><canvasskin>flat.silver</canvasskin></defaults><story><playerversion>2</playerversion><playertype>Overlay</playertype><canvasskin>flat.silver</canvasskin><galleryskin>flatlight</galleryskin><galleryplacement>both</galleryplacement></story><HELPPAGE><![CDATA[/global/story.asp?s=1343812&displayHelp=true]]></HELPPAGE><HELPPAGEMAC><![CDATA[/global/Story.asp?s=2918340&displayHelp=true]]></HELPPAGEMAC><TOPVIDEOHEADER /><GENERATELINK><IFRAMEITEMSMAX>15</IFRAMEITEMSMAX><IFRAMEITEMSDEFAULT>15</IFRAMEITEMSDEFAULT><LINKFORMATENABLED>True</LINKFORMATENABLED></GENERATELINK><reporting><includeversion>20110628400</includeversion><webtrends>&lt;scr' + 'ipt id="WorldNow_ReportInclude_WebTrends" language="JavaScript" src="__contentdomain__/global/tools/video/Namespace_VideoReporting_WebTrends.js?ver=__includeversion__"&gt;&lt;\/scr' + 'ipt&gt;</webtrends><thirdparty>&lt;scr' + 'ipt id="WorldNow_ReportInclude_DW" language="JavaScript"src="__contentdomain__/global/tools/video/Namespace_VideoReporting_DW.js?ver=__includeversion__"&gt;&lt;\/scr' + 'ipt&gt;</thirdparty><enableexpressreporting>True</enableexpressreporting></reporting><standalone><enabled /></standalone><widgets><useframeworks>0</useframeworks><imagegallery><width>645</width><height>50</height><defaultstylepackage /></imagegallery><imagecanvas><width>432</width><height>243</height><defaultstylepackage /><slideshowlandingpage>http:wnow.worldnow.com/global/Category.asp?C=174049</slideshowlandingpage><slidetime>3</slidetime></imagecanvas><headline><labeldefaulttitletext /><width>320</width><height>25</height><fontsize>10</fontsize><defaultstylepackage>dark</defaultstylepackage><background><dark><colors>888888,383838</colors><alphas>100,100</alphas><ratios>75,255</ratios><bordercolor>212121</bordercolor><rotation>90</rotation><dropshadowcolor>333333</dropshadowcolor><offfacecolor>dcdbdb</offfacecolor></dark><light><colors>d9d9d9,959494</colors><alphas>100,100</alphas><ratios>75,255</ratios><bordercolor>868585</bordercolor><rotation>90</rotation><dropshadowcolor>888888</dropshadowcolor><offfacecolor>3d3d3d</offfacecolor></light></background></headline><infopane><width>320</width><height>100</height><defaultstylepackage /></infopane><ticker><width>640</width><height>25</height><defaultstylepackage /></ticker><canvas><defaultstylepackage /><hassearch>true</hassearch><height>240</height><width>320</width><playatactualsize>0</playatactualsize><scalestyle>stretchToFit</scalestyle><smoothingmode>auto</smoothingmode><ui><closecaption><longbuttontext /><shortbuttontext /><panelabeltext /></closecaption><help><hashelp>true</hashelp><longbuttontext /><shortbuttontext /></help><email><hasemail>true</hasemail><longbuttontext /><shortbuttontext /><messagelabeltext /><panelabeltext /><sentconfirmationmessage /><recipientlabeltext /><invalidrecipientfieldmessage /><senderbuttontext /><senderlabeltext /><sendernamelabeltext /><invalidsenderfieldmessage /></email><summary><graphicmessage /><longbuttontext /><shortbuttontext /><panelabeltext /><labelfailsafesummaryimagetext /></summary><commercialheadlineprefix>Commercial</commercialheadlineprefix><playbuttontext /><pausebuttontext /><closepanelabeltext /><labelerrormessage /><labelloadingmessage /><loadingmessage /><windowmode>transparent</windowmode></ui></canvas><gallery><defaultstylepackage /><defaulttopvideourl /><width>320</width><height>365</height><topvideocategoryheadline /><iscontinousplay>false</iscontinousplay><listitemgraphicposition>left</listitemgraphicposition><listitemscalestyle>stretchToFit</listitemscalestyle><rows>3</rows><columns>2</columns><ui><labelcategorynoresultsmessage /><labelcategoryunavailabletext /><labelhideresultstext /><labelmoretabtext /><labelnextbuttontext /><labelprevbuttontext /><labelresultsseparatordisplaymessage /><search><labelbuttontext /><labeldisplaymessage /><labelfounddisplaymessage /><labeltext /><labelnoresultsmainwindowmessage /><labelnotfounddisplaymessage /><labelshowresultstext /></search></ui></gallery><upload><termsandconditionsurl /><url /><ui><labelheadertext /><labelemailtext /><labeltitletext /><labelbrowsetext /><labelbrowsebuttontext /><labeldropdowntext /><labeldropdownbuttontext /><labelcheckboxtext /><labelcheckboxhyperlinktext /><labeluploadbuttontext /><progressmessage><labelloadedkbtext /><labeltotalkbtext /><labelcompletedtext /></progressmessage><errordialog><labelfiledialogfailtext /><labelfiletoolargetext /><labelmissingvalidemailaddresstext /><labelmissingtitletext /><labelmissingconfirmationoftermstext /><labelmissingfiletext /><labeljustuploadedtext /></errordialog></ui></upload><openadpostions><preroll /><postroll /><leaderboard /></openadpostions><enable>True</enable><enableadvertisingzone>True</enableadvertisingzone><customstyle><enable>True</enable></customstyle><slideshow><enable>True</enable><renderslideshowashtml>True</renderslideshowashtml><enableslideshowpageviewreporting>True</enableslideshowpageviewreporting><companionadfrequency>1</companionadfrequency><incanvasadfrequency>3</incanvasadfrequency></slideshow><disableflashminiplayergeneration><enable>True</enable></disableflashminiplayergeneration><changenotification><taskqueuename>WorldNow_TaskQueue.dbo.TaskQueue</taskqueuename></changenotification></widgets><popupplayer><defaultbackgroundcolor /><defaultskincolor>#000000</defaultskincolor><defaultworldnowplugtextcolor /><branding /></popupplayer><akamai><securestreamprofilepwd>str34mn0w</securestreamprofilepwd><cpcode>5381</cpcode><servertimeoffset /></akamai><enabled>True</enabled><frameset>0</frameset><images><path>/images/</path></images><startoffset>0</startoffset><embedded><enabled>0</enabled><helppage>/Global/Story.asp?S=131784</helppage></embedded><keyframedir>/keyframes/</keyframedir><editsystem>True</editsystem><headlineprefix>Commercial</headlineprefix><maxadclipduration>120000</maxadclipduration><playlist><maxsize>15</maxsize><header>PLAYLIST</header><infoheader>NOW PLAYING</infoheader></playlist><player><help><![CDATA[To view video on this site, Windows Media Player 7 or later is required.<br>(to download, click <a class='Help' href='https://www.microsoft.com/windows/windowsmedia/download/default.asp' target='_blank'>here</a>)<br><br>--------------------------<br><br><a class='help' href='/global/story.asp?s=1355049' target='CONTENT'>About this player and its features &gt;</a><br><br><a class='help' href='/global/story.asp?s=1343812' target='CONTENT'>Troubleshooting tips &gt;</a>]]></help><stretchtofit>true</stretchtofit></player><redirecturl /><rss><defaultformat>flash</defaultformat></rss><mrss><thirdpartytemplatemrssurl>https://some.api.com/news/recent/RegExp</thirdpartytemplatemrssurl><regexpmrssid>/{1}\\d+\\.[A-Za-z]+$</regexpmrssid></mrss><landingpage><windowsmedia>/global/video/popup/pop_playerLaunch.asp</windowsmedia><flash>http:wnow.worldnow.com/global/Category.asp?c=165377</flash></landingpage><linkendpoint><featuredvideo>popup</featuredvideo></linkendpoint><style><colors><inactive>#FFFFFF</inactive><current>#99FF33</current><defaultbg>#000000</defaultbg><selectedbg>#666666</selectedbg><defaultframe>#E6F0F5</defaultframe></colors><css><body /><divstatus /><divmediatitle /><divfeature /><f><form /><clipheadline>WIDTH:150px;FONT-SIZE:12px;COLOR:#FFFFFF;FONT-WEIGHT:bold;</clipheadline><panetitle /><body /><dur /></f><playlist /><selected>COLOR:#FFFFFF;FONT-SIZE:9px;BACKGROUND-COLOR:#666666;BORDER-BOTTOM:1px solid gray;</selected><current /><selectedcurrent>COLOR:#99FF33;FONT-SIZE:9px;BACKGROUND-COLOR:#666666;BORDER-BOTTOM:1px solid gray;</selectedcurrent><divadframecolor>POSITION:absolute;TOP:0px;LEFT:0px;WIDTH:788px;HEIGHT:568px;FILTER:blendTrans(Duration=.8,Transition=5);</divadframecolor><fvpanetitle>FONT-SIZE:10px;COLOR:#999999;FONT-WEIGHT:bold;text-align:center</fvpanetitle><offclip>FONT-FAMILY:verdana,arial;COLOR:#000000;FONT-SIZE:9px;</offclip><onclip>FONT-FAMILY:verdana,arial;COLOR:lime;FONT-SIZE:9px;</onclip><offimg>BORDER:1px solid gray;MARGIN-TOP:2px;</offimg><onimg>BORDER:1px solid lime;MARGIN-TOP:2px;</onimg><wxhigh>COLOR:#FF0000;FONT-SIZE:11px;FONT-WEIGHT:bold;</wxhigh><wxlow>COLOR:#9999FF;FONT-SIZE:11px;FONT-WEIGHT:bold;</wxlow><currenttemp>COLOR:#000000;FONT-SIZE:24px;FONT-WEIGHT:bold;</currenttemp><wxlink>COLOR:#000000;FONT-SIZE:11px;</wxlink><ticker><default /><active /></ticker></css></style><defaultassetformattype>1</defaultassetformattype><edit><enabled>True</enabled><evenflow><enabled>True</enabled></evenflow><retrycount>5</retrycount><localedits><disableautotransfer>False</disableautotransfer></localedits><outputformats><default>Array(2,3,4,6)</default><optional>Array(1,2,3,4,8,9)</optional></outputformats></edit><syndication><enabled>True</enabled><version>2</version></syndication><windowsmediaplayer><stretchtofit>True</stretchtofit><startoffset>0</startoffset></windowsmediaplayer><clip><date><lastedited><prefix>Updated:</prefix><showonclip>true</showonclip></lastedited><creation><prefix>Posted:</prefix><showonclip>true</showonclip></creation><sortby>1</sortby><published><shouldmodifyonsave>False</shouldmodifyonsave></published><updated><shouldmodifyonsave>False</shouldmodifyonsave></updated></date><solrsearch><enable>false</enable></solrsearch></clip><amp><enable /><header-bg-color /><fonts /><styles /><footer /></amp></VIDEO><story><linkname /><ttl /><changenotification><email>worldnownotification@gmail.com</email><taskqueuename>WorldNow_TaskQueue.dbo.TaskQueue</taskqueuename></changenotification><date><lastedited><prefix>Updated:</prefix><showonstory>true</showonstory><showonabstract>true</showonabstract><locationonabstract>top</locationonabstract></lastedited><creation><prefix>Posted: </prefix><showonstory>true</showonstory></creation><sortby>3</sortby><published><showonabstract>True</showonabstract><shouldmodifyonsave>True</shouldmodifyonsave></published><updated><shouldmodifyonsave>True</shouldmodifyonsave></updated></date><mobile><showstorybodygraphics>true</showstorybodygraphics></mobile><relatedcontentalignment>1</relatedcontentalignment><bodyimage><defaultsize>180</defaultsize></bodyimage><summaryimage><defaultsize>90</defaultsize></summaryimage><abridgedimage><defaultsize>50</defaultsize></abridgedimage><requiredfields><topics>false</topics><url>true</url><title>false</title><metadescription>false</metadescription><keywords>false</keywords><dateline>true</dateline><taxonomy>True</taxonomy></requiredfields><solrsearch><enable>false</enable></solrsearch></story><search><ttl>-1</ttl><form action="/search" location="1" alignment="right"><include /><submit text="Go" image="false" /></form><vendor id="google_cs" enabled="true" default="false" channelid="5207791159"><querystring>https://www.nothing.com</querystring><ads>6</ads><form><choice target="" order="2" default="false"><label>WEB SEARCH BY &lt;img src='https://images.worldnow.com/global/images/google/google_logo.png' alt='Google' class='wnSearchBoxLabelImg-google'&gt;</label></choice></form><results maxresults="0" pagesize="0"><page type="search" vendor="google_cs"><section area="head"><include>&lt;script type='text/javascript' src='https://www.google.com/jsapi'&gt;&lt;/script&gt;&lt;script type='text/javascript' src='https://content.worldnow.com/global/interface/google/googlecsearch.js'&gt;&lt;/script&gt;&lt;script type='text/javascript'&gt;google.load('search', '1.0');&lt;/script&gt;</include></section><section area="footer"><include>&lt;script type='text/javascript' src='https://www.google.com/adsense/search/ads.js'&gt;&lt;/script&gt;&lt;script type='text/javascript'&gt;new google.ads.search.Ads(pageOptions, adblock1, adblock2);&lt;/script&gt;</include></section></page><page type="search" vendor="wss"><section area="head"><include>&lt;script type='text/javascript'&gt;var wng_googleAdsRequestUrl = 'https://www.google.com/search?client=worldnow&amp;output=xml_no_dtd&amp;safe=high&amp;hl=en&amp;adsafe=high&amp;oe=UTF8&amp;channel=WBAY&amp;num=0';&lt;/script&gt;
				&lt;script type='text/javascript' src='https://content.worldnow.com/global/interface/httprequest/httprequest.js?ver=200711031508'&gt;&lt;/script&gt;&lt;script type='text/javascript' src='https://content.worldnow.com/global/interface/google/googleads.js?ver=200711031508'&gt;&lt;/script&gt;&lt;link rel='stylesheet' type='text/css' href='http://content.worldnow.com/global/interface/google/googleads.css?ver=200711031508'&gt;</include></section><section area="content" adsize="wnsz_43"><include>&lt;div id='WNGoogleAdsCol4'&gt;&lt;/div&gt;&lt;script type='text/javascript'&gt;WNGoogleAdsRequest.makeRequest('WNGoogleAdsCol4', 5, 'n', {header: 'Sponsored Results', target: '_blank'});&lt;/script&gt;</include></section></page><page type="search" vendor="ez"><section area="head"><include>&lt;script type='text/javascript'&gt;var wng_googleAdsRequestUrl = 'https://www.google.com/search?client=worldnow&amp;output=xml_no_dtd&amp;safe=high&amp;hl=en&amp;adsafe=high&amp;oe=UTF8&amp;channel=WBAY&amp;num=0';&lt;/script&gt;
				&lt;script type='text/javascript' src='https://content.worldnow.com/global/interface/httprequest/httprequest.js?ver=200711031508'&gt;&lt;/script&gt;&lt;script type='text/javascript' src='https://content.worldnow.com/global/interface/google/googleads.js?ver=200711031508'&gt;&lt;/script&gt;&lt;link rel='stylesheet' type='text/css' href='http://content.worldnow.com/global/interface/google/googleads.css?ver=200711031508'&gt;</include></section><section area="content" adsize="wnsz_43"><include>&lt;div id='WNGoogleAdsCol4'&gt;&lt;/div&gt;&lt;script type='text/javascript'&gt;WNGoogleAdsRequest.makeRequest('WNGoogleAdsCol4', 5, 'n', {header: 'Sponsored Results', target: '_blank'});&lt;/script&gt;</include></section></page></results></vendor><vendor id="ez" enabled="true" default="true"><querystring>https://sitesearchstaging.worldnow.com/search?AffiliateNo=6,24,153,246,250,249,964,530,531,532,412,210,407,536,528,921,539,833,908,515,842,942,388,943,362,903,472,542,918,387,543,550,876,236,160,832,375,547,548,737,733,499,831</querystring><form><choice target="" order="1" default="true"><label>SITE SEARCH</label></choice></form><results maxresults="50" pagesize="10"><page type="search" vendor="ez" /><page type="search" vendor="ez"><section area="footer"><include>&lt;script type='text/javascript' src='https://www.google.com/adsense/search/ads.js'&gt;&lt;/script&gt;&lt;script type='text/javascript'&gt;new google.ads.search.Ads(pageOptions, adblock1, adblock2);&lt;/script&gt;</include></section></page></results><faceted><enable>True</enable><topic><enable>True</enable></topic><byline><enable>True</enable></byline><dateline><enable>True</enable></dateline><lastediteddate><enable>True</enable></lastediteddate></faceted></vendor></search><weather><hometitle>Weather Forecast</hometitle><bgcolor>#FFFFFF</bgcolor><headerbgcolor>#130098</headerbgcolor></weather><weatherfeed><flowpageenabled>True</flowpageenabled><frontendenabled>False</frontendenabled><enabled>True</enabled><user>WeatherService</user><password>wnWeather123!</password><premium><enabled>False</enabled></premium><restservice><url>http://weather.ddev1.worldnow.com/v1.0</url></restservice><jsonservice><url>http://geo.ddev1.worldnow.com/v1.0/weather/GetWeatherCityData</url></jsonservice><webservice><id>576347879</id><url>http://services.intellicast.com/2004-01/{0}/weather/Report</url></webservice></weatherfeed><publisher><changenotification><email>worldnownotification@gmail.com</email><taskqueuename>WorldNow_TaskQueue.dbo.TaskQueue</taskqueuename></changenotification><showbylineemailonsite>True</showbylineemailonsite><secondarychangenotification><taskqueuename>WorldNow_TaskQueue.dbo.SecondaryTaskQueue</taskqueuename></secondarychangenotification><multiplebylines>True</multiplebylines></publisher></FEATURES><socialtools><vendor name="Mobdub"><partnerid>6</partnerid><partnerdomain>http://dub.worldnow.com</partnerdomain></vendor><comments><enableonshare>True</enableonshare><enableexternalonshare>True</enableexternalonshare><termsofserviceurl>/global/story.asp?s=18991</termsofserviceurl><termsofuse>We welcome your participation in our community. Please keep your comments civil and on point. You must be at least 13 years of age to post comments. By submitting a comment, you agree to these</termsofuse><story><enable>True</enable><selectedvendor>Mobdub</selectedvendor><display>False</display><numdisplayedonpage>3</numdisplayedonpage><requireregistration>False</requireregistration></story><video><enable>true</enable><mobdubpartnerid /><mobdubpartnerdomain /></video><clip><enable>False</enable><display>False</display></clip></comments><ratings><story><enable>False</enable><display>False</display><requireregistration>False</requireregistration></story></ratings><addthistools><pubid>ra-50c3470c2cea0d59</pubid><sharebuttons><desktop><enabled>true</enabled></desktop><smartdevice><enabled>true</enabled></smartdevice></sharebuttons><trendingcontent><desktop><enabled>true</enabled></desktop><smartdevice><enabled>true</enabled></smartdevice></trendingcontent></addthistools><facebook><comments><desktop><enabled>true</enabled></desktop><smartdevice><enabled>true</enabled></smartdevice></comments></facebook><twitter><playercard><enable>True</enable><hostpage>https://s3.amazonaws.com/www.wnsocial.com/video/samples/twitter.html</hostpage></playercard></twitter><socialnetworksinfo><twitter>@ike_test</twitter><google>673498098787877748753</google><facebook>facebookidrachanatest34</facebook></socialnetworksinfo></socialtools><analytics><global /><local><vendor name="google"><enabled>True</enabled><enabledaddthis>True</enabledaddthis><enabledpageviews>True</enabledpageviews><variables><var name="accountId">UA-15885278-3</var><var name="trackingType">_trackEvent</var></variables><templates><template name="video_newclip"><event>video_newclip</event><type>eval</type><body><![CDATA[ _gaq.push(['<%trackingtype%>', '<%category%>', '<%event_action%>', '<%clip_adtag%> - <%clip_title%> - <%clip_id%>', <%clip_length%>]);]]></body></template><template name="video_duration"><event>video_duration</event><type>eval</type><body><![CDATA[ _gaq.push(['<%trackingtype%>', '<%category%>', '<%event_action%>', '<%clip_adtag%> - <%clip_title%> - <%clip_id%>', <%clip_length%>]);]]></body></template><template name="video_play"><event>video_play</event><type>eval</type><body><![CDATA[ _gaq.push(['<%trackingtype%>', '<%category%>', '<%event_action%>', '<%clip_adtag%> - <%clip_title%> - <%clip_id%>', <%clip_position%>]);]]></body></template><template name="video_resume"><event>video_resume</event><type>eval</type><body><![CDATA[ _gaq.push(['<%trackingtype%>', '<%category%>', '<%event_action%>', '<%clip_adtag%> - <%clip_title%> - <%clip_id%>', <%clip_position%>]);]]></body></template><template name="video_pause"><event>video_pause</event><type>eval</type><body><![CDATA[ _gaq.push(['<%trackingtype%>', '<%category%>', '<%event_action%>', '<%clip_adtag%> - <%clip_title%> - <%clip_id%>', <%clip_position%>]);]]></body></template><template name="video_mute"><event>video_mute</event><type>eval</type><body><![CDATA[ _gaq.push(['<%trackingtype%>', '<%category%>', '<%event_action%>', '<%clip_adtag%> - <%clip_title%> - <%clip_id%>', <%clip_position%>]);]]></body></template><template name="video_unmute"><event>video_unmute</event><type>eval</type><body><![CDATA[ _gaq.push(['<%trackingtype%>', '<%category%>', '<%event_action%>', '<%clip_adtag%> - <%clip_title%> - <%clip_id%>', <%clip_position%>]);]]></body></template><template name="video_fullscreen"><event>video_fullscreen</event><type>eval</type><body><![CDATA[ _gaq.push(['<%trackingtype%>', '<%category%>', '<%event_action%>', '<%clip_adtag%> - <%clip_title%> - <%clip_id%>', <%clip_position%>]);]]></body></template><template name="video_email"><event>video_email</event><type>eval</type><body><![CDATA[ _gaq.push(['<%trackingtype%>', '<%category%>', '<%event_action%>', '<%clip_adtag%> - <%clip_title%> - <%clip_id%>', <%clip_length%>]);]]></body></template><template name="video_volumechange"><event>video_volumechange</event><type>eval</type><body><![CDATA[ _gaq.push(['<%trackingtype%>', '<%category%>', '<%event_action%>', '<%clip_adtag%> - <%clip_title%> - <%clip_id%>', <%clip_position%>]);]]></body></template><template name="video_embed"><event>video_embed</event><type>eval</type><body><![CDATA[ _gaq.push(['<%trackingtype%>', '<%category%>', '<%event_action%>', '<%clip_adtag%> - <%clip_title%> - <%clip_id%>', <%clip_length%>]);]]></body></template><template name="slideshow_imageview"><event>slideshow_imageview</event><type>eval</type><body><![CDATA[ _gaq.push(['<%trackingtype%>', '<%category%>', '<%event_action%>', '<%slideshow_adtag%> - <%slideshow_headline%> - <%slideshow_widgetid%>', <%slideshow_imageindex%>]);]]><![CDATA[_gaq.push(['_trackPageview', '/slideshow?widgetid=<%slideshow_widgetid%>&slideshowImageId=<%slideshow_imageid%>']);]]></body></template><template name="slideshow_start"><event>slideshow_start</event><type>eval</type><body><![CDATA[ _gaq.push(['<%trackingtype%>', '<%category%>', '<%event_action%>', '<%slideshow_adtag%> - <%slideshow_headline%> - <%slideshow_widgetid%>', <%slideshow_count%>]);]]></body></template><template name="slideshow_stop"><event>slideshow_stop</event><type>eval</type><body><![CDATA[ _gaq.push(['<%trackingtype%>', '<%category%>', '<%event_action%>', '<%slideshow_adtag%> - <%slideshow_headline%> - <%slideshow_widgetid%>', <%slideshow_imageindex%>]);]]></body></template><template name="slideshow_share"><event>slideshow_share</event><type>eval</type><body><![CDATA[ _gaq.push(['<%trackingtype%>', '<%category%>', '<%event_action%>', '<%slideshow_adtag%> - <%slideshow_headline%> - <%slideshow_widgetid%>', <%slideshow_count%>]);]]></body></template><template name="slideshow_next"><event>slideshow_next</event><type>eval</type><body><![CDATA[ _gaq.push(['<%trackingtype%>', '<%category%>', '<%event_action%>', '<%slideshow_adtag%> - <%slideshow_headline%> - <%slideshow_widgetid%>', <%slideshow_imageindex%>]);]]></body></template><template name="slideshow_previous"><event>slideshow_previous</event><type>eval</type><body><![CDATA[ _gaq.push(['<%trackingtype%>', '<%category%>', '<%event_action%>', '<%slideshow_adtag%> - <%slideshow_headline%> - <%slideshow_widgetid%>', <%slideshow_imageindex%>]);]]></body></template><template name="slideshow_gallerynext"><event>slideshow_gallerynext</event><type>eval</type><body><![CDATA[ _gaq.push(['<%trackingtype%>', '<%category%>', '<%event_action%>', '<%slideshow_adtag%> - <%slideshow_headline%> - <%slideshow_widgetid%>', 0]);]]></body></template><template name="slideshow_galleryprevious"><event>slideshow_galleryprevious</event><type>eval</type><body><![CDATA[ _gaq.push(['<%trackingtype%>', '<%category%>', '<%event_action%>', '<%slideshow_adtag%> - <%slideshow_headline%> - <%slideshow_widgetid%>', 0]);]]></body></template><template name="images_enlarge"><event>images_enlarge</event><type>eval</type><body><![CDATA[ _gaq.push(['<%trackingtype%>', 'Images', 'Enlarge', '<%story_title%> - <%container_id%> - <%image_title%>', 0]);]]></body></template></templates></vendor></local><chartbeat><enable>False</enable><id /><domain /></chartbeat><config><analytics enable="true"><enabled>False</enabled><domain>analytics.worldnow.com</domain><datasourceid>dcsuhch2hzersfqyzf2de5tct_4d8l</datasourceid></analytics></config><video><version>v1</version></video></analytics><CONTENTDOMAIN><![CDATA[https://content.ddev1.worldnow.com]]></CONTENTDOMAIN><JSINCLUDESVERSION>7.12.2-2</JSINCLUDESVERSION><CONTENTDOMAIN2><![CDATA[https://content2.ddev1.worldnow.com]]></CONTENTDOMAIN2><JSINCLUDESVERSION2>7.12.2-2</JSINCLUDESVERSION2><FEEDSAPIDOMAIN><![CDATA[https://api.ddev1.worldnow.com]]></FEEDSAPIDOMAIN><CMSAPIDOMAIN><![CDATA[https://cms-ddev1.worldnow.com]]></CMSAPIDOMAIN><MEMBERCENTERDOMAIN><![CDATA[https://wnow.membercenter.ddev1.com]]></MEMBERCENTERDOMAIN><PAGEINCLUDES><PAGEINCLUDE><TYPE>PAGE</TYPE><LOCATION>HEAD</LOCATION><TEXT><![CDATA[<script type="text/javascript"> (function() {  function loadHorizon() {   var s = document.createElement('script');   s.type = 'text/javascript';   s.async = true;   s.src = location.protocol + '//ak.sail-horizon.com/horizon/v1.js';   var x = document.getElementsByTagName('script')[0];   x.parentNode.insertBefore(s, x);  }  loadHorizon();  var oldOnLoad = window.onload;  window.onload = function() {   if (typeof oldOnLoad === 'function') {    oldOnLoad();   }   Sailthru.setup({    domain: 'horizon.wnow.worldnow.com',concierge: { from: 'top', threshold: 150, cssPath: 'https://global.images.worldnow.com/concierge/conciergegray.css' }  });  }; })();</script>]]></TEXT></PAGEINCLUDE><PAGEINCLUDE><TYPE>PAGE</TYPE><LOCATION>BODY</LOCATION><TEXT><![CDATA[<script type="text/javascript">var _snaq = (window._snaq = window._snaq || []);_snaq.push(['setCollectorUrl', 'www.i.matheranalytics.com']);_snaq.push(['setAppId', 'v1']);_snaq.push(['setCustomerId', 'ma73820']);_snaq.push(['setMarket', '292484289']);_snaq.push(['enableActivityTracking', 30, 10]);_snaq.push(['trackPageView']);(function() {var a = [].concat.apply([], _snaq);var src = a[a.indexOf('setCustomerId') + 1] + '/' + a[a.indexOf('setMarket') + 1] + '/sp.js?cb=' + Math.round(new Date() / 1.0368e9);var sp = document.createElement('script'); sp.type = 'text/javascript'; sp.async = true; sp.defer = true;sp._mather_tag = document.scripts[document.scripts.length - 1]; sp._mather_sp = sp.uniqueID;sp.src = ('https:' == document.location.protocol ? 'https' : 'http') + '://js.matheranalytics.com/s/' + src;var s = document.getElementsByTagName('script')[0]; s.parentNode.insertBefore(sp, s);})();</script><noscript><img src='https://www.i.matheranalytics.com/i?e=pv&aid=v1&cid=ma73820&mrk=292484289&p=web&tv=no-js-0.1.0&tid=INSERT-CACHE-BUSTING-VALUE' style='display:none' height='1' width='1' alt/></noscript>]]></TEXT></PAGEINCLUDE></PAGEINCLUDES><CONFIG><WEBTRENDS><ENABLE>true</ENABLE><SDCURL>https://wtnj.worldnow.com/dcs.gif</SDCURL><NOSCRIPTQUERYSTRING><VARS><![CDATA[<IMG BORDER='0' NAME='DCSIMG' HEIGHT='1' WIDTH='1' SRC='https://wtnj.worldnow.com/dcs.gif?]]></VARS><VARS><![CDATA[&WT.sp=]]></VARS><VARS><![CDATA[&dcsqry=]]></VARS><VARS><![CDATA[&WT.cg_n=]]></VARS><VARS><![CDATA[&WT.ti=]]></VARS><VARS><![CDATA[&dcsuri=]]></VARS><VARS><![CDATA[&dcssip=]]></VARS><VARS><![CDATA['>]]></VARS></NOSCRIPTQUERYSTRING></WEBTRENDS></CONFIG><SEO><DESCRIPTION><![CDATA[DDEV1WNOW]]></DESCRIPTION><KEYWORDS><![CDATA[DDEV1WNOW]]></KEYWORDS><ROBOT><![CDATA[NoIndex,Follow,NoArchive]]></ROBOT><READABLE>True</READABLE><INCLUDEDATE>True</INCLUDEDATE><RETURN301>False</RETURN301><WEBTRENDS>False</WEBTRENDS><CANONICAL><LINK><ORIGIN>True</ORIGIN></LINK></CANONICAL></SEO><PRODUCER><USEICEDOCK>True</USEICEDOCK><MOBILEPREVIEW>False</MOBILEPREVIEW><QUIETSAVE>True</QUIETSAVE></PRODUCER><zoomableimages><default><enable>True</enable><name>fancybox</name><settings><cssurl>global/interface/integration/jquery.fancybox-1.3.1.css</cssurl><jsurl>global/interface/integration/jquery.fancybox-1.3.1.pack.js</jsurl><options>'zoomOpacity':true,'zoomSpeedIn':300,'zoomSpeedOut':300,'transitionIn':'none','transitionOut':'none','titlePosition':'inside','padding':2</options></settings></default></zoomableimages><paywall><enable>False</enable><cms><defaultcategorysecurity>Unsecured</defaultcategorysecurity><defaultstorysecurity>Metered</defaultstorysecurity><defaultlinksecurity>Metered</defaultlinksecurity><defaultclipsecurity>Metered</defaultclipsecurity></cms><metered><numclicks>5</numclicks><numdays>30</numdays><iconalttext /><message /><messagehtml /></metered><secured><iconalttext /><messagehtml><style>div[id^="divWNWidgetsContainer"],div[id^="divWNStoryVideo"]{display:none}.paywall-widget.incontext-gate{clear:both;width:100%;margin-top:30px;background-color:#f2f2f2}.paywall-widget .paywall-widget-btn{text-decoration:none !important;text-transform:uppercase !important;color:#000 !important}.incontext-gate-item__btn{font-size:30px;line-height:60px;width:305px;margin-top:10px;text-align:center;color:#fff !important}.paywall-widget .incontext-gate{background-color:#f2f2f2}.paywall-widget .incontext-gate-item{padding:25px 30px;border-top:1px solid #fff}.paywall-widget .incontext-gate-item__btn{font-family:'Oswald',sans-serif;font-size:18px !important;font-weight:bold !important;line-height:50px;display:block;width:300px;height:50px;margin:15px auto 0;text-align:center;color:#fff !important}@media (min-width: 415px){.paywall-widget .incontext-gate-item__btn{width:300px}}.paywall-widget .paywall-widget-btn--light{background-color:#ffc200}.paywall-widget .paywall-widget-btn--dark{background-color:#02408b}.paywall-widget .incontext-gate-desc__icon{text-align:center}.paywall-widget .incontext-gate-desc__icon svg{width:60px;height:60px}.paywall-widget .incontext-gate-desc__title{font-family:'Oswald',sans-serif;font-size:24px;margin-top:10px;text-align:center;text-transform:uppercase;font-weight:bold;color:#01408a}.paywall-widget .incontext-gate-item__text{font-family:'Roboto',sans-serif;font-size:13px;line-height:1.6;text-align:center}.paywall-widget .incontext-gate-desc__text{margin-top:30px;font-size:16px}</style><div id="incontext-gate" class="paywall-widget incontext-gate"><div class="incontext-gate-item incontext-gate-desc"><div class="incontext-gate-desc__icon"><svg id="Layer_1" data-name="Layer 1" xmlns="http://www.w3.org/2000/svg" viewBox="0 0 60 60"><defs><style>.cls-1{fill:#1e4486}.cls-2{fill:#fff}</style></defs><title>lock</title><circle class="cls-1" cx="30" cy="30" r="30" /><path class="cls-2" d="M29.09,14.67h1.79a.85.85,0,0,0,.16.05,8.34,8.34,0,0,1,7.28,7.75c.07,1.26,0,2.52,0,3.78,0,.11,0,.22,0,.35h.42a7.9,7.9,0,0,1,1.39.1,2.35,2.35,0,0,1,1.77,2.42q0,5.86,0,11.73c0,.1,0,.21,0,.31a2.36,2.36,0,0,1-2.37,2.19H20.44A2.36,2.36,0,0,1,18.06,41q0-6,0-11.92a2.32,2.32,0,0,1,0-.42,2.39,2.39,0,0,1,2.42-2h1.13c0-1.14,0-2.23,0-3.33a8.63,8.63,0,0,1,.08-1.42,8.25,8.25,0,0,1,6-6.88C28.19,14.82,28.65,14.76,29.09,14.67Zm5.66,11.92c0-1.24,0-2.45,0-3.66a4.76,4.76,0,0,0-9.53,0c0,1.13,0,2.26,0,3.39,0,.08,0,.16,0,.24Z" /></svg></div><div class="incontext-gate-desc__title"> Content preview</div><div class="incontext-gate-item__text incontext-gate-desc__text"> This content is exclusive for Optimum, Time Warner, Xfinity and Service Electric customers with access to News 12.</div></div><div class="incontext-gate-item incontext-gate-login"><div class="incontext-gate-item__text incontext-gate-login__text"> Login with Optimum or with your News 12 Username and Password.</div><a href="/services/account/login" data-ga="true" data-ga-action="login" data-ga-location="gate" class="incontext-gate-item__btn incontext-gate-login__btn paywall-widget-btn paywall-widget-btn--light"> login </a></div><div class="incontext-gate-item incontext-gate-create-account"><div class="incontext-gate-item__text incontext-gate-create-account__text"><b>Time Warner<sup>®</sup>, Comcast<sup>®</sup></b> or <b>Service Electric<sup>®</sup></b> customer?</div><a href="/services/account/signup" data-ga="true" data-ga-action="create" data-ga-location="gate" class="incontext-gate-item__btn incontext-gate-create-account__btn paywall-widget-btn paywall-widget-btn--light"> create an account </a></div></div></messagehtml></secured><selectedvendor>news12</selectedvendor><usercreationmessagehtml /></paywall><contentaddons><betalist><![CDATA[test2]]></betalist><taboola><desktop><enabled>false</enabled></desktop><smartdevice><enabled>false</enabled></smartdevice><networkid>worldnow-network</networkid></taboola><yieldmo><desktop><enabled /></desktop><smartdevice><enabled>false</enabled></smartdevice><placementids><a>ym_696980033889836305</a><b>ym_677422344948096859</b></placementids></yieldmo><customized><feature><gtm id="GTM-WV2QLD" ua-id="UA-15885278-6" group="Frankly" dma="300" view-id="136807799" /><metatags><meta><property>fb:pages</property><content>1765848023647713</content></meta><meta><property>fb:pages</property><content>1014997508614572</content></meta><meta><property>fb:pages</property><content>150939438646211</content></meta><meta><property>fb:pages</property><content>1761472877470088</content></meta><meta><property>fb:pages</property><content>613605672153739</content></meta><meta><property>fb:pages</property><content>369361806881505</content></meta><meta><property>fb:app_id</property><content>163724721111792</content></meta></metatags></feature></customized><googleamp><revcontent><enabled>true</enabled><id>worldnow-network</id></revcontent><taboola><enabled>true</enabled><id>worldnow-network</id></taboola></googleamp></contentaddons><clientgroups><clientgroup id="20" name="Mobile"><thirdpartyurl /><paramname /></clientgroup><clientgroup id="33" name="Mobile2"><thirdpartyurl /><paramname /></clientgroup></clientgroups><amp><enable>true</enable><header-bg-color>#000D</header-bg-color><fonts><url /><family /><font-combination>Serif / Sans</font-combination></fonts><styles /><footer><![CDATA[All content © 2001 - 2018. All Rights Reserved. For more information on this site, please read our Privacy Policy, Terms of Service, and Ad Choices.]]></footer><logo><![CDATA[https://s3.amazonaws.com/frankly-design/assets/frktv40.3.png?dimentions=120x51]]></logo><serviceurl>http://amp-converter-dev.franklyinc.com/frankly-amp.php</serviceurl><useampconverter>true</useampconverter></amp><COMPUTERNAME>DDEV1DOTNET01</COMPUTERNAME><ENVIRONMENT>p</ENVIRONMENT><DATE>September 21, 2018</DATE><DAYDATE>Friday Sep 21, 2018</DAYDATE><REQUEST><FULLURL><![CDATA[http://wnow.ddev1.worldnow.com/story/35747888/2018/09/11/test-a?frankly-data=XML&frankly-key=MDkvMjEvMjAxOA==]]></FULLURL><URL><![CDATA[/story/35747888/2018/09/11/test-a]]></URL><QUERYSTRING><![CDATA[frankly-data=XML&frankly-key=MDkvMjEvMjAxOA==]]></QUERYSTRING><QUERYSTRINGPARAMETER><![CDATA[frankly-data]]>=<![CDATA[XML]]></QUERYSTRINGPARAMETER><QUERYSTRINGPARAMETER><![CDATA[frankly-key]]>=<![CDATA[MDkvMjEvMjAxOA==]]></QUERYSTRINGPARAMETER><VIDEOLIVE>1</VIDEOLIVE></REQUEST></GENERAL></DEFAULT>